[2018-06-08 20:31:15,523] [ERROR] [ContextLog.java:60] [admin.common.aspect.ContextLog.error] [http-nio-8081-exec-29]: 请求唯一标识->null-1 异常描述->{msg=系统繁忙,请稍后再试, code=500} 
org.springframework.web.util.NestedServletException: Handler dispatch failed; nested exception is java.lang.NoSuchMethodError: admin.modules.automatic.vo.CoderGeneratorVO.isQueryVo()Z
	at org.springframework.web.servlet.DispatcherServlet.doDispatch(DispatcherServlet.java:982) [spring-webmvc-4.3.9.RELEASE.jar:4.3.9.RELEASE]
	at org.springframework.web.servlet.DispatcherServlet.doService(DispatcherServlet.java:901) [spring-webmvc-4.3.9.RELEASE.jar:4.3.9.RELEASE]
	at org.springframework.web.servlet.FrameworkServlet.processRequest(FrameworkServlet.java:970) [spring-webmvc-4.3.9.RELEASE.jar:4.3.9.RELEASE]
	at org.springframework.web.servlet.FrameworkServlet.doGet(FrameworkServlet.java:861) [spring-webmvc-4.3.9.RELEASE.jar:4.3.9.RELEASE]
	at javax.servlet.http.HttpServlet.service(HttpServlet.java:635) [tomcat-embed-core-8.5.15.jar:8.5.15]
	at org.springframework.web.servlet.FrameworkServlet.service(FrameworkServlet.java:846) [spring-webmvc-4.3.9.RELEASE.jar:4.3.9.RELEASE]
	at javax.servlet.http.HttpServlet.service(HttpServlet.java:742) [tomcat-embed-core-8.5.15.jar:8.5.15]
	at org.apache.catalina.core.ApplicationFilterChain.internalDoFilter(ApplicationFilterChain.java:231) [tomcat-embed-core-8.5.15.jar:8.5.15]
	at org.apache.catalina.core.ApplicationFilterChain.doFilter(ApplicationFilterChain.java:166) [tomcat-embed-core-8.5.15.jar:8.5.15]
	at org.apache.tomcat.websocket.server.WsFilter.doFilter(WsFilter.java:52) [tomcat-embed-websocket-8.5.15.jar:8.5.15]
	at org.apache.catalina.core.ApplicationFilterChain.internalDoFilter(ApplicationFilterChain.java:193) [tomcat-embed-core-8.5.15.jar:8.5.15]
	at org.apache.catalina.core.ApplicationFilterChain.doFilter(ApplicationFilterChain.java:166) [tomcat-embed-core-8.5.15.jar:8.5.15]
	at org.apache.shiro.web.servlet.OncePerRequestFilter.doFilter(OncePerRequestFilter.java:112) [shiro-web-1.3.2.jar:1.3.2]
	at org.apache.catalina.core.ApplicationFilterChain.internalDoFilter(ApplicationFilterChain.java:193) [tomcat-embed-core-8.5.15.jar:8.5.15]
	at org.apache.catalina.core.ApplicationFilterChain.doFilter(ApplicationFilterChain.java:166) [tomcat-embed-core-8.5.15.jar:8.5.15]
	at org.apache.shiro.web.servlet.ProxiedFilterChain.doFilter(ProxiedFilterChain.java:61) [shiro-web-1.3.2.jar:1.3.2]
	at org.apache.shiro.web.servlet.AdviceFilter.executeChain(AdviceFilter.java:108) [shiro-web-1.3.2.jar:1.3.2]
	at org.apache.shiro.web.servlet.AdviceFilter.doFilterInternal(AdviceFilter.java:137) [shiro-web-1.3.2.jar:1.3.2]
	at org.apache.shiro.web.servlet.OncePerRequestFilter.doFilter(OncePerRequestFilter.java:125) [shiro-web-1.3.2.jar:1.3.2]
	at org.apache.shiro.web.servlet.ProxiedFilterChain.doFilter(ProxiedFilterChain.java:66) [shiro-web-1.3.2.jar:1.3.2]
	at org.apache.shiro.web.servlet.AbstractShiroFilter.executeChain(AbstractShiroFilter.java:449) [shiro-web-1.3.2.jar:1.3.2]
	at org.apache.shiro.web.servlet.AbstractShiroFilter$1.call(AbstractShiroFilter.java:365) [shiro-web-1.3.2.jar:1.3.2]
	at org.apache.shiro.subject.support.SubjectCallable.doCall(SubjectCallable.java:90) [shiro-core-1.3.2.jar:1.3.2]
	at org.apache.shiro.subject.support.SubjectCallable.call(SubjectCallable.java:83) [shiro-core-1.3.2.jar:1.3.2]
	at org.apache.shiro.subject.support.DelegatingSubject.execute(DelegatingSubject.java:383) [shiro-core-1.3.2.jar:1.3.2]
	at org.apache.shiro.web.servlet.AbstractShiroFilter.doFilterInternal(AbstractShiroFilter.java:362) [shiro-web-1.3.2.jar:1.3.2]
	at org.apache.shiro.web.servlet.OncePerRequestFilter.doFilter(OncePerRequestFilter.java:125) [shiro-web-1.3.2.jar:1.3.2]
	at org.springframework.web.filter.DelegatingFilterProxy.invokeDelegate(DelegatingFilterProxy.java:346) [spring-web-4.3.9.RELEASE.jar:4.3.9.RELEASE]
	at org.springframework.web.filter.DelegatingFilterProxy.doFilter(DelegatingFilterProxy.java:262) [spring-web-4.3.9.RELEASE.jar:4.3.9.RELEASE]
	at org.apache.catalina.core.ApplicationFilterChain.internalDoFilter(ApplicationFilterChain.java:193) [tomcat-embed-core-8.5.15.jar:8.5.15]
	at org.apache.catalina.core.ApplicationFilterChain.doFilter(ApplicationFilterChain.java:166) [tomcat-embed-core-8.5.15.jar:8.5.15]
	at org.springframework.web.filter.RequestContextFilter.doFilterInternal(RequestContextFilter.java:99) [spring-web-4.3.9.RELEASE.jar:4.3.9.RELEASE]
	at org.springframework.web.filter.OncePerRequestFilter.doFilter(OncePerRequestFilter.java:107) [spring-web-4.3.9.RELEASE.jar:4.3.9.RELEASE]
	at org.apache.catalina.core.ApplicationFilterChain.internalDoFilter(ApplicationFilterChain.java:193) [tomcat-embed-core-8.5.15.jar:8.5.15]
	at org.apache.catalina.core.ApplicationFilterChain.doFilter(ApplicationFilterChain.java:166) [tomcat-embed-core-8.5.15.jar:8.5.15]
	at org.springframework.web.filter.HttpPutFormContentFilter.doFilterInternal(HttpPutFormContentFilter.java:105) [spring-web-4.3.9.RELEASE.jar:4.3.9.RELEASE]
	at org.springframework.web.filter.OncePerRequestFilter.doFilter(OncePerRequestFilter.java:107) [spring-web-4.3.9.RELEASE.jar:4.3.9.RELEASE]
	at org.apache.catalina.core.ApplicationFilterChain.internalDoFilter(ApplicationFilterChain.java:193) [tomcat-embed-core-8.5.15.jar:8.5.15]
	at org.apache.catalina.core.ApplicationFilterChain.doFilter(ApplicationFilterChain.java:166) [tomcat-embed-core-8.5.15.jar:8.5.15]
	at org.springframework.web.filter.HiddenHttpMethodFilter.doFilterInternal(HiddenHttpMethodFilter.java:81) [spring-web-4.3.9.RELEASE.jar:4.3.9.RELEASE]
	at org.springframework.web.filter.OncePerRequestFilter.doFilter(OncePerRequestFilter.java:107) [spring-web-4.3.9.RELEASE.jar:4.3.9.RELEASE]
	at org.apache.catalina.core.ApplicationFilterChain.internalDoFilter(ApplicationFilterChain.java:193) [tomcat-embed-core-8.5.15.jar:8.5.15]
	at org.apache.catalina.core.ApplicationFilterChain.doFilter(ApplicationFilterChain.java:166) [tomcat-embed-core-8.5.15.jar:8.5.15]
	at org.springframework.web.filter.CharacterEncodingFilter.doFilterInternal(CharacterEncodingFilter.java:197) [spring-web-4.3.9.RELEASE.jar:4.3.9.RELEASE]
	at org.springframework.web.filter.OncePerRequestFilter.doFilter(OncePerRequestFilter.java:107) [spring-web-4.3.9.RELEASE.jar:4.3.9.RELEASE]
	at org.apache.catalina.core.ApplicationFilterChain.internalDoFilter(ApplicationFilterChain.java:193) [tomcat-embed-core-8.5.15.jar:8.5.15]
	at org.apache.catalina.core.ApplicationFilterChain.doFilter(ApplicationFilterChain.java:166) [tomcat-embed-core-8.5.15.jar:8.5.15]
	at org.apache.catalina.core.StandardWrapperValve.invoke(StandardWrapperValve.java:198) [tomcat-embed-core-8.5.15.jar:8.5.15]
	at org.apache.catalina.core.StandardContextValve.invoke(StandardContextValve.java:96) [tomcat-embed-core-8.5.15.jar:8.5.15]
	at org.apache.catalina.authenticator.AuthenticatorBase.invoke(AuthenticatorBase.java:478) [tomcat-embed-core-8.5.15.jar:8.5.15]
	at org.apache.catalina.core.StandardHostValve.invoke(StandardHostValve.java:140) [tomcat-embed-core-8.5.15.jar:8.5.15]
	at org.apache.catalina.valves.ErrorReportValve.invoke(ErrorReportValve.java:80) [tomcat-embed-core-8.5.15.jar:8.5.15]
	at org.apache.catalina.core.StandardEngineValve.invoke(StandardEngineValve.java:87) [tomcat-embed-core-8.5.15.jar:8.5.15]
	at org.apache.catalina.connector.CoyoteAdapter.service(CoyoteAdapter.java:342) [tomcat-embed-core-8.5.15.jar:8.5.15]
	at org.apache.coyote.http11.Http11Processor.service(Http11Processor.java:799) [tomcat-embed-core-8.5.15.jar:8.5.15]
	at org.apache.coyote.AbstractProcessorLight.process(AbstractProcessorLight.java:66) [tomcat-embed-core-8.5.15.jar:8.5.15]
	at org.apache.coyote.AbstractProtocol$ConnectionHandler.process(AbstractProtocol.java:861) [tomcat-embed-core-8.5.15.jar:8.5.15]
	at org.apache.tomcat.util.net.NioEndpoint$SocketProcessor.doRun(NioEndpoint.java:1455) [tomcat-embed-core-8.5.15.jar:8.5.15]
	at org.apache.tomcat.util.net.SocketProcessorBase.run(SocketProcessorBase.java:49) [tomcat-embed-core-8.5.15.jar:8.5.15]
	at java.util.concurrent.ThreadPoolExecutor.runWorker(ThreadPoolExecutor.java:1142) [?:1.8.0_121]
	at java.util.concurrent.ThreadPoolExecutor$Worker.run(ThreadPoolExecutor.java:617) [?:1.8.0_121]
	at org.apache.tomcat.util.threads.TaskThread$WrappingRunnable.run(TaskThread.java:61) [tomcat-embed-core-8.5.15.jar:8.5.15]
	at java.lang.Thread.run(Thread.java:745) [?:1.8.0_121]
Caused by: java.lang.NoSuchMethodError: admin.modules.automatic.vo.CoderGeneratorVO.isQueryVo()Z
	at admin.common.utils.GenUtils.getTemplates(GenUtils.java:81) ~[classes/:?]
	at admin.common.utils.GenUtils.generatorCode(GenUtils.java:230) ~[classes/:?]
	at admin.modules.automatic.service.SysGeneratorService.generatorCode(SysGeneratorService.java:92) ~[classes/:?]
	at admin.modules.automatic.service.SysGeneratorService$$FastClassBySpringCGLIB$$674e49ad.invoke(<generated>) ~[classes/:?]
	at org.springframework.cglib.proxy.MethodProxy.invoke(MethodProxy.java:204) ~[spring-core-4.3.9.RELEASE.jar:4.3.9.RELEASE]
	at org.springframework.aop.framework.CglibAopProxy$CglibMethodInvocation.invokeJoinpoint(CglibAopProxy.java:738) ~[spring-aop-4.3.9.RELEASE.jar:4.3.9.RELEASE]
	at org.springframework.aop.framework.ReflectiveMethodInvocation.proceed(ReflectiveMethodInvocation.java:157) ~[spring-aop-4.3.9.RELEASE.jar:4.3.9.RELEASE]
	at org.springframework.aop.framework.adapter.MethodBeforeAdviceInterceptor.invoke(MethodBeforeAdviceInterceptor.java:52) ~[spring-aop-4.3.9.RELEASE.jar:4.3.9.RELEASE]
	at org.springframework.aop.framework.ReflectiveMethodInvocation.proceed(ReflectiveMethodInvocation.java:168) ~[spring-aop-4.3.9.RELEASE.jar:4.3.9.RELEASE]
	at org.springframework.aop.aspectj.AspectJAfterAdvice.invoke(AspectJAfterAdvice.java:47) ~[spring-aop-4.3.9.RELEASE.jar:4.3.9.RELEASE]
	at org.springframework.aop.framework.ReflectiveMethodInvocation.proceed(ReflectiveMethodInvocation.java:168) ~[spring-aop-4.3.9.RELEASE.jar:4.3.9.RELEASE]
	at org.springframework.aop.interceptor.ExposeInvocationInterceptor.invoke(ExposeInvocationInterceptor.java:92) ~[spring-aop-4.3.9.RELEASE.jar:4.3.9.RELEASE]
	at org.springframework.aop.framework.ReflectiveMethodInvocation.proceed(ReflectiveMethodInvocation.java:179) ~[spring-aop-4.3.9.RELEASE.jar:4.3.9.RELEASE]
	at org.springframework.aop.framework.CglibAopProxy$DynamicAdvisedInterceptor.intercept(CglibAopProxy.java:673) ~[spring-aop-4.3.9.RELEASE.jar:4.3.9.RELEASE]
	at admin.modules.automatic.service.SysGeneratorService$$EnhancerBySpringCGLIB$$a9e37f21.generatorCode(<generated>) ~[classes/:?]
	at admin.modules.automatic.controller.SysGeneratorController.code(SysGeneratorController.java:70) ~[classes/:?]
	at admin.modules.automatic.controller.SysGeneratorController$$FastClassBySpringCGLIB$$c1e1796b.invoke(<generated>) ~[classes/:?]
	at org.springframework.cglib.proxy.MethodProxy.invoke(MethodProxy.java:204) ~[spring-core-4.3.9.RELEASE.jar:4.3.9.RELEASE]
	at org.springframework.aop.framework.CglibAopProxy$CglibMethodInvocation.invokeJoinpoint(CglibAopProxy.java:738) ~[spring-aop-4.3.9.RELEASE.jar:4.3.9.RELEASE]
	at org.springframework.aop.framework.ReflectiveMethodInvocation.proceed(ReflectiveMethodInvocation.java:157) ~[spring-aop-4.3.9.RELEASE.jar:4.3.9.RELEASE]
	at org.springframework.aop.interceptor.ExposeInvocationInterceptor.invoke(ExposeInvocationInterceptor.java:92) ~[spring-aop-4.3.9.RELEASE.jar:4.3.9.RELEASE]
	at org.springframework.aop.framework.ReflectiveMethodInvocation.proceed(ReflectiveMethodInvocation.java:179) ~[spring-aop-4.3.9.RELEASE.jar:4.3.9.RELEASE]
	at org.springframework.aop.framework.CglibAopProxy$DynamicAdvisedInterceptor.intercept(CglibAopProxy.java:673) ~[spring-aop-4.3.9.RELEASE.jar:4.3.9.RELEASE]
	at admin.modules.automatic.controller.SysGeneratorController$$EnhancerBySpringCGLIB$$8901d51b.code(<generated>) ~[classes/:?]
	at sun.reflect.NativeMethodAccessorImpl.invoke0(Native Method) ~[?:1.8.0_121]
	at sun.reflect.NativeMethodAccessorImpl.invoke(NativeMethodAccessorImpl.java:62) ~[?:1.8.0_121]
	at sun.reflect.DelegatingMethodAccessorImpl.invoke(DelegatingMethodAccessorImpl.java:43) ~[?:1.8.0_121]
	at java.lang.reflect.Method.invoke(Method.java:498) ~[?:1.8.0_121]
	at org.springframework.web.method.support.InvocableHandlerMethod.doInvoke(InvocableHandlerMethod.java:205) ~[spring-web-4.3.9.RELEASE.jar:4.3.9.RELEASE]
	at org.springframework.web.method.support.InvocableHandlerMethod.invokeForRequest(InvocableHandlerMethod.java:133) ~[spring-web-4.3.9.RELEASE.jar:4.3.9.RELEASE]
	at org.springframework.web.servlet.mvc.method.annotation.ServletInvocableHandlerMethod.invokeAndHandle(ServletInvocableHandlerMethod.java:97) ~[spring-webmvc-4.3.9.RELEASE.jar:4.3.9.RELEASE]
	at org.springframework.web.servlet.mvc.method.annotation.RequestMappingHandlerAdapter.invokeHandlerMethod(RequestMappingHandlerAdapter.java:827) ~[spring-webmvc-4.3.9.RELEASE.jar:4.3.9.RELEASE]
	at org.springframework.web.servlet.mvc.method.annotation.RequestMappingHandlerAdapter.handleInternal(RequestMappingHandlerAdapter.java:738) ~[spring-webmvc-4.3.9.RELEASE.jar:4.3.9.RELEASE]
	at org.springframework.web.servlet.mvc.method.AbstractHandlerMethodAdapter.handle(AbstractHandlerMethodAdapter.java:85) ~[spring-webmvc-4.3.9.RELEASE.jar:4.3.9.RELEASE]
	at org.springframework.web.servlet.DispatcherServlet.doDispatch(DispatcherServlet.java:967) [spring-webmvc-4.3.9.RELEASE.jar:4.3.9.RELEASE]
	... 62 more
[2018-06-08 20:31:24,358] [ERROR] [ContextLog.java:60] [admin.common.aspect.ContextLog.error] [http-nio-8081-exec-23]: 请求唯一标识->null-1 异常描述->{msg=系统繁忙,请稍后再试, code=500} 
org.springframework.web.util.NestedServletException: Handler dispatch failed; nested exception is java.lang.NoSuchMethodError: admin.modules.automatic.vo.CoderGeneratorVO.isQueryVo()Z
	at org.springframework.web.servlet.DispatcherServlet.doDispatch(DispatcherServlet.java:982) [spring-webmvc-4.3.9.RELEASE.jar:4.3.9.RELEASE]
	at org.springframework.web.servlet.DispatcherServlet.doService(DispatcherServlet.java:901) [spring-webmvc-4.3.9.RELEASE.jar:4.3.9.RELEASE]
	at org.springframework.web.servlet.FrameworkServlet.processRequest(FrameworkServlet.java:970) [spring-webmvc-4.3.9.RELEASE.jar:4.3.9.RELEASE]
	at org.springframework.web.servlet.FrameworkServlet.doGet(FrameworkServlet.java:861) [spring-webmvc-4.3.9.RELEASE.jar:4.3.9.RELEASE]
	at javax.servlet.http.HttpServlet.service(HttpServlet.java:635) [tomcat-embed-core-8.5.15.jar:8.5.15]
	at org.springframework.web.servlet.FrameworkServlet.service(FrameworkServlet.java:846) [spring-webmvc-4.3.9.RELEASE.jar:4.3.9.RELEASE]
	at javax.servlet.http.HttpServlet.service(HttpServlet.java:742) [tomcat-embed-core-8.5.15.jar:8.5.15]
	at org.apache.catalina.core.ApplicationFilterChain.internalDoFilter(ApplicationFilterChain.java:231) [tomcat-embed-core-8.5.15.jar:8.5.15]
	at org.apache.catalina.core.ApplicationFilterChain.doFilter(ApplicationFilterChain.java:166) [tomcat-embed-core-8.5.15.jar:8.5.15]
	at org.apache.tomcat.websocket.server.WsFilter.doFilter(WsFilter.java:52) [tomcat-embed-websocket-8.5.15.jar:8.5.15]
	at org.apache.catalina.core.ApplicationFilterChain.internalDoFilter(ApplicationFilterChain.java:193) [tomcat-embed-core-8.5.15.jar:8.5.15]
	at org.apache.catalina.core.ApplicationFilterChain.doFilter(ApplicationFilterChain.java:166) [tomcat-embed-core-8.5.15.jar:8.5.15]
	at org.apache.shiro.web.servlet.OncePerRequestFilter.doFilter(OncePerRequestFilter.java:112) [shiro-web-1.3.2.jar:1.3.2]
	at org.apache.catalina.core.ApplicationFilterChain.internalDoFilter(ApplicationFilterChain.java:193) [tomcat-embed-core-8.5.15.jar:8.5.15]
	at org.apache.catalina.core.ApplicationFilterChain.doFilter(ApplicationFilterChain.java:166) [tomcat-embed-core-8.5.15.jar:8.5.15]
	at org.apache.shiro.web.servlet.ProxiedFilterChain.doFilter(ProxiedFilterChain.java:61) [shiro-web-1.3.2.jar:1.3.2]
	at org.apache.shiro.web.servlet.AdviceFilter.executeChain(AdviceFilter.java:108) [shiro-web-1.3.2.jar:1.3.2]
	at org.apache.shiro.web.servlet.AdviceFilter.doFilterInternal(AdviceFilter.java:137) [shiro-web-1.3.2.jar:1.3.2]
	at org.apache.shiro.web.servlet.OncePerRequestFilter.doFilter(OncePerRequestFilter.java:125) [shiro-web-1.3.2.jar:1.3.2]
	at org.apache.shiro.web.servlet.ProxiedFilterChain.doFilter(ProxiedFilterChain.java:66) [shiro-web-1.3.2.jar:1.3.2]
	at org.apache.shiro.web.servlet.AbstractShiroFilter.executeChain(AbstractShiroFilter.java:449) [shiro-web-1.3.2.jar:1.3.2]
	at org.apache.shiro.web.servlet.AbstractShiroFilter$1.call(AbstractShiroFilter.java:365) [shiro-web-1.3.2.jar:1.3.2]
	at org.apache.shiro.subject.support.SubjectCallable.doCall(SubjectCallable.java:90) [shiro-core-1.3.2.jar:1.3.2]
	at org.apache.shiro.subject.support.SubjectCallable.call(SubjectCallable.java:83) [shiro-core-1.3.2.jar:1.3.2]
	at org.apache.shiro.subject.support.DelegatingSubject.execute(DelegatingSubject.java:383) [shiro-core-1.3.2.jar:1.3.2]
	at org.apache.shiro.web.servlet.AbstractShiroFilter.doFilterInternal(AbstractShiroFilter.java:362) [shiro-web-1.3.2.jar:1.3.2]
	at org.apache.shiro.web.servlet.OncePerRequestFilter.doFilter(OncePerRequestFilter.java:125) [shiro-web-1.3.2.jar:1.3.2]
	at org.springframework.web.filter.DelegatingFilterProxy.invokeDelegate(DelegatingFilterProxy.java:346) [spring-web-4.3.9.RELEASE.jar:4.3.9.RELEASE]
	at org.springframework.web.filter.DelegatingFilterProxy.doFilter(DelegatingFilterProxy.java:262) [spring-web-4.3.9.RELEASE.jar:4.3.9.RELEASE]
	at org.apache.catalina.core.ApplicationFilterChain.internalDoFilter(ApplicationFilterChain.java:193) [tomcat-embed-core-8.5.15.jar:8.5.15]
	at org.apache.catalina.core.ApplicationFilterChain.doFilter(ApplicationFilterChain.java:166) [tomcat-embed-core-8.5.15.jar:8.5.15]
	at org.springframework.web.filter.RequestContextFilter.doFilterInternal(RequestContextFilter.java:99) [spring-web-4.3.9.RELEASE.jar:4.3.9.RELEASE]
	at org.springframework.web.filter.OncePerRequestFilter.doFilter(OncePerRequestFilter.java:107) [spring-web-4.3.9.RELEASE.jar:4.3.9.RELEASE]
	at org.apache.catalina.core.ApplicationFilterChain.internalDoFilter(ApplicationFilterChain.java:193) [tomcat-embed-core-8.5.15.jar:8.5.15]
	at org.apache.catalina.core.ApplicationFilterChain.doFilter(ApplicationFilterChain.java:166) [tomcat-embed-core-8.5.15.jar:8.5.15]
	at org.springframework.web.filter.HttpPutFormContentFilter.doFilterInternal(HttpPutFormContentFilter.java:105) [spring-web-4.3.9.RELEASE.jar:4.3.9.RELEASE]
	at org.springframework.web.filter.OncePerRequestFilter.doFilter(OncePerRequestFilter.java:107) [spring-web-4.3.9.RELEASE.jar:4.3.9.RELEASE]
	at org.apache.catalina.core.ApplicationFilterChain.internalDoFilter(ApplicationFilterChain.java:193) [tomcat-embed-core-8.5.15.jar:8.5.15]
	at org.apache.catalina.core.ApplicationFilterChain.doFilter(ApplicationFilterChain.java:166) [tomcat-embed-core-8.5.15.jar:8.5.15]
	at org.springframework.web.filter.HiddenHttpMethodFilter.doFilterInternal(HiddenHttpMethodFilter.java:81) [spring-web-4.3.9.RELEASE.jar:4.3.9.RELEASE]
	at org.springframework.web.filter.OncePerRequestFilter.doFilter(OncePerRequestFilter.java:107) [spring-web-4.3.9.RELEASE.jar:4.3.9.RELEASE]
	at org.apache.catalina.core.ApplicationFilterChain.internalDoFilter(ApplicationFilterChain.java:193) [tomcat-embed-core-8.5.15.jar:8.5.15]
	at org.apache.catalina.core.ApplicationFilterChain.doFilter(ApplicationFilterChain.java:166) [tomcat-embed-core-8.5.15.jar:8.5.15]
	at org.springframework.web.filter.CharacterEncodingFilter.doFilterInternal(CharacterEncodingFilter.java:197) [spring-web-4.3.9.RELEASE.jar:4.3.9.RELEASE]
	at org.springframework.web.filter.OncePerRequestFilter.doFilter(OncePerRequestFilter.java:107) [spring-web-4.3.9.RELEASE.jar:4.3.9.RELEASE]
	at org.apache.catalina.core.ApplicationFilterChain.internalDoFilter(ApplicationFilterChain.java:193) [tomcat-embed-core-8.5.15.jar:8.5.15]
	at org.apache.catalina.core.ApplicationFilterChain.doFilter(ApplicationFilterChain.java:166) [tomcat-embed-core-8.5.15.jar:8.5.15]
	at org.apache.catalina.core.StandardWrapperValve.invoke(StandardWrapperValve.java:198) [tomcat-embed-core-8.5.15.jar:8.5.15]
	at org.apache.catalina.core.StandardContextValve.invoke(StandardContextValve.java:96) [tomcat-embed-core-8.5.15.jar:8.5.15]
	at org.apache.catalina.authenticator.AuthenticatorBase.invoke(AuthenticatorBase.java:478) [tomcat-embed-core-8.5.15.jar:8.5.15]
	at org.apache.catalina.core.StandardHostValve.invoke(StandardHostValve.java:140) [tomcat-embed-core-8.5.15.jar:8.5.15]
	at org.apache.catalina.valves.ErrorReportValve.invoke(ErrorReportValve.java:80) [tomcat-embed-core-8.5.15.jar:8.5.15]
	at org.apache.catalina.core.StandardEngineValve.invoke(StandardEngineValve.java:87) [tomcat-embed-core-8.5.15.jar:8.5.15]
	at org.apache.catalina.connector.CoyoteAdapter.service(CoyoteAdapter.java:342) [tomcat-embed-core-8.5.15.jar:8.5.15]
	at org.apache.coyote.http11.Http11Processor.service(Http11Processor.java:799) [tomcat-embed-core-8.5.15.jar:8.5.15]
	at org.apache.coyote.AbstractProcessorLight.process(AbstractProcessorLight.java:66) [tomcat-embed-core-8.5.15.jar:8.5.15]
	at org.apache.coyote.AbstractProtocol$ConnectionHandler.process(AbstractProtocol.java:861) [tomcat-embed-core-8.5.15.jar:8.5.15]
	at org.apache.tomcat.util.net.NioEndpoint$SocketProcessor.doRun(NioEndpoint.java:1455) [tomcat-embed-core-8.5.15.jar:8.5.15]
	at org.apache.tomcat.util.net.SocketProcessorBase.run(SocketProcessorBase.java:49) [tomcat-embed-core-8.5.15.jar:8.5.15]
	at java.util.concurrent.ThreadPoolExecutor.runWorker(ThreadPoolExecutor.java:1142) [?:1.8.0_121]
	at java.util.concurrent.ThreadPoolExecutor$Worker.run(ThreadPoolExecutor.java:617) [?:1.8.0_121]
	at org.apache.tomcat.util.threads.TaskThread$WrappingRunnable.run(TaskThread.java:61) [tomcat-embed-core-8.5.15.jar:8.5.15]
	at java.lang.Thread.run(Thread.java:745) [?:1.8.0_121]
Caused by: java.lang.NoSuchMethodError: admin.modules.automatic.vo.CoderGeneratorVO.isQueryVo()Z
	at admin.common.utils.GenUtils.getTemplates(GenUtils.java:81) ~[classes/:?]
	at admin.common.utils.GenUtils.generatorCode(GenUtils.java:230) ~[classes/:?]
	at admin.modules.automatic.service.SysGeneratorService.generatorCode(SysGeneratorService.java:92) ~[classes/:?]
	at admin.modules.automatic.service.SysGeneratorService$$FastClassBySpringCGLIB$$674e49ad.invoke(<generated>) ~[classes/:?]
	at org.springframework.cglib.proxy.MethodProxy.invoke(MethodProxy.java:204) ~[spring-core-4.3.9.RELEASE.jar:4.3.9.RELEASE]
	at org.springframework.aop.framework.CglibAopProxy$CglibMethodInvocation.invokeJoinpoint(CglibAopProxy.java:738) ~[spring-aop-4.3.9.RELEASE.jar:4.3.9.RELEASE]
	at org.springframework.aop.framework.ReflectiveMethodInvocation.proceed(ReflectiveMethodInvocation.java:157) ~[spring-aop-4.3.9.RELEASE.jar:4.3.9.RELEASE]
	at org.springframework.aop.framework.adapter.MethodBeforeAdviceInterceptor.invoke(MethodBeforeAdviceInterceptor.java:52) ~[spring-aop-4.3.9.RELEASE.jar:4.3.9.RELEASE]
	at org.springframework.aop.framework.ReflectiveMethodInvocation.proceed(ReflectiveMethodInvocation.java:168) ~[spring-aop-4.3.9.RELEASE.jar:4.3.9.RELEASE]
	at org.springframework.aop.aspectj.AspectJAfterAdvice.invoke(AspectJAfterAdvice.java:47) ~[spring-aop-4.3.9.RELEASE.jar:4.3.9.RELEASE]
	at org.springframework.aop.framework.ReflectiveMethodInvocation.proceed(ReflectiveMethodInvocation.java:168) ~[spring-aop-4.3.9.RELEASE.jar:4.3.9.RELEASE]
	at org.springframework.aop.interceptor.ExposeInvocationInterceptor.invoke(ExposeInvocationInterceptor.java:92) ~[spring-aop-4.3.9.RELEASE.jar:4.3.9.RELEASE]
	at org.springframework.aop.framework.ReflectiveMethodInvocation.proceed(ReflectiveMethodInvocation.java:179) ~[spring-aop-4.3.9.RELEASE.jar:4.3.9.RELEASE]
	at org.springframework.aop.framework.CglibAopProxy$DynamicAdvisedInterceptor.intercept(CglibAopProxy.java:673) ~[spring-aop-4.3.9.RELEASE.jar:4.3.9.RELEASE]
	at admin.modules.automatic.service.SysGeneratorService$$EnhancerBySpringCGLIB$$a9e37f21.generatorCode(<generated>) ~[classes/:?]
	at admin.modules.automatic.controller.SysGeneratorController.code(SysGeneratorController.java:70) ~[classes/:?]
	at admin.modules.automatic.controller.SysGeneratorController$$FastClassBySpringCGLIB$$c1e1796b.invoke(<generated>) ~[classes/:?]
	at org.springframework.cglib.proxy.MethodProxy.invoke(MethodProxy.java:204) ~[spring-core-4.3.9.RELEASE.jar:4.3.9.RELEASE]
	at org.springframework.aop.framework.CglibAopProxy$CglibMethodInvocation.invokeJoinpoint(CglibAopProxy.java:738) ~[spring-aop-4.3.9.RELEASE.jar:4.3.9.RELEASE]
	at org.springframework.aop.framework.ReflectiveMethodInvocation.proceed(ReflectiveMethodInvocation.java:157) ~[spring-aop-4.3.9.RELEASE.jar:4.3.9.RELEASE]
	at org.springframework.aop.interceptor.ExposeInvocationInterceptor.invoke(ExposeInvocationInterceptor.java:92) ~[spring-aop-4.3.9.RELEASE.jar:4.3.9.RELEASE]
	at org.springframework.aop.framework.ReflectiveMethodInvocation.proceed(ReflectiveMethodInvocation.java:179) ~[spring-aop-4.3.9.RELEASE.jar:4.3.9.RELEASE]
	at org.springframework.aop.framework.CglibAopProxy$DynamicAdvisedInterceptor.intercept(CglibAopProxy.java:673) ~[spring-aop-4.3.9.RELEASE.jar:4.3.9.RELEASE]
	at admin.modules.automatic.controller.SysGeneratorController$$EnhancerBySpringCGLIB$$8901d51b.code(<generated>) ~[classes/:?]
	at sun.reflect.NativeMethodAccessorImpl.invoke0(Native Method) ~[?:1.8.0_121]
	at sun.reflect.NativeMethodAccessorImpl.invoke(NativeMethodAccessorImpl.java:62) ~[?:1.8.0_121]
	at sun.reflect.DelegatingMethodAccessorImpl.invoke(DelegatingMethodAccessorImpl.java:43) ~[?:1.8.0_121]
	at java.lang.reflect.Method.invoke(Method.java:498) ~[?:1.8.0_121]
	at org.springframework.web.method.support.InvocableHandlerMethod.doInvoke(InvocableHandlerMethod.java:205) ~[spring-web-4.3.9.RELEASE.jar:4.3.9.RELEASE]
	at org.springframework.web.method.support.InvocableHandlerMethod.invokeForRequest(InvocableHandlerMethod.java:133) ~[spring-web-4.3.9.RELEASE.jar:4.3.9.RELEASE]
	at org.springframework.web.servlet.mvc.method.annotation.ServletInvocableHandlerMethod.invokeAndHandle(ServletInvocableHandlerMethod.java:97) ~[spring-webmvc-4.3.9.RELEASE.jar:4.3.9.RELEASE]
	at org.springframework.web.servlet.mvc.method.annotation.RequestMappingHandlerAdapter.invokeHandlerMethod(RequestMappingHandlerAdapter.java:827) ~[spring-webmvc-4.3.9.RELEASE.jar:4.3.9.RELEASE]
	at org.springframework.web.servlet.mvc.method.annotation.RequestMappingHandlerAdapter.handleInternal(RequestMappingHandlerAdapter.java:738) ~[spring-webmvc-4.3.9.RELEASE.jar:4.3.9.RELEASE]
	at org.springframework.web.servlet.mvc.method.AbstractHandlerMethodAdapter.handle(AbstractHandlerMethodAdapter.java:85) ~[spring-webmvc-4.3.9.RELEASE.jar:4.3.9.RELEASE]
	at org.springframework.web.servlet.DispatcherServlet.doDispatch(DispatcherServlet.java:967) [spring-webmvc-4.3.9.RELEASE.jar:4.3.9.RELEASE]
	... 62 more
