[2018-06-08 18:46:45,645] [INFO] [CtrLogAspect.java:108] [admin.common.aspect.CtrLogAspect.intiCtrLog] [http-nio-8081-exec-17]: 请求唯一标识->d7b527e7adcb40d2a0ad3ebc6e0b6e52-1 方法描述->查询测试用例 请求参数->[admin.entity.Testcase1Entity [,controllerName=123,testCaseId=null,createdTime=null,updatedTime=null,execLastTime=null,status=null]] 方法位置->execution(Testcase1ReturnInfo admin.modules.testcase1.controller.Testcase1Controller.queryTestcase1InfoList(Testcase1VO)) 请求IP地址->127.0.0.1
[2018-06-08 18:46:45,962] [INFO] [CtrLogAspect.java:94] [admin.common.aspect.CtrLogAspect.resultCtrLog] [http-nio-8081-exec-17]: 请求唯一标识->d7b527e7adcb40d2a0ad3ebc6e0b6e52-1 返回结果->null 方法执行时间->330
[2018-06-08 18:46:45,976] [ERROR] [ContextLog.java:60] [admin.common.aspect.ContextLog.error] [http-nio-8081-exec-17]: 请求唯一标识->d7b527e7adcb40d2a0ad3ebc6e0b6e52-3 异常描述->{msg=上次执行时间不能为空, code=9000} 
admin.common.exception.CheckException: 上次执行时间不能为空
[2018-06-08 18:46:52,622] [INFO] [CtrLogAspect.java:108] [admin.common.aspect.CtrLogAspect.intiCtrLog] [http-nio-8081-exec-16]: 请求唯一标识->e387eee4345e4435bc8cd7ab40d32ac2-1 方法描述->查询测试用例 请求参数->[admin.entity.Testcase1Entity [,controllerName=null,testCaseId=null,createdTime=null,updatedTime=null,execLastTime=null,status=null]] 方法位置->execution(Testcase1ReturnInfo admin.modules.testcase1.controller.Testcase1Controller.queryTestcase1InfoList(Testcase1VO)) 请求IP地址->127.0.0.1
[2018-06-08 18:46:52,629] [INFO] [CtrLogAspect.java:94] [admin.common.aspect.CtrLogAspect.resultCtrLog] [http-nio-8081-exec-16]: 请求唯一标识->e387eee4345e4435bc8cd7ab40d32ac2-1 返回结果->null 方法执行时间->8
[2018-06-08 18:46:52,630] [ERROR] [ContextLog.java:60] [admin.common.aspect.ContextLog.error] [http-nio-8081-exec-16]: 请求唯一标识->e387eee4345e4435bc8cd7ab40d32ac2-3 异常描述->{msg=主键不能为空, code=9000} 
admin.common.exception.CheckException: 主键不能为空
[2018-06-08 18:46:58,016] [INFO] [CtrLogAspect.java:108] [admin.common.aspect.CtrLogAspect.intiCtrLog] [http-nio-8081-exec-15]: 请求唯一标识->aa93668ae56f46af94e11e0e91a7f802-1 方法描述->查询测试用例 请求参数->[admin.entity.Testcase1Entity [,controllerName=123,testCaseId=null,createdTime=null,updatedTime=null,execLastTime=null,status=null]] 方法位置->execution(Testcase1ReturnInfo admin.modules.testcase1.controller.Testcase1Controller.queryTestcase1InfoList(Testcase1VO)) 请求IP地址->127.0.0.1
[2018-06-08 18:46:58,020] [INFO] [CtrLogAspect.java:94] [admin.common.aspect.CtrLogAspect.resultCtrLog] [http-nio-8081-exec-15]: 请求唯一标识->aa93668ae56f46af94e11e0e91a7f802-1 返回结果->null 方法执行时间->4
[2018-06-08 18:46:58,022] [ERROR] [ContextLog.java:60] [admin.common.aspect.ContextLog.error] [http-nio-8081-exec-15]: 请求唯一标识->aa93668ae56f46af94e11e0e91a7f802-3 异常描述->{msg=状态0:成功1:失败2:未执行不能为空, code=9000} 
admin.common.exception.CheckException: 状态0:成功1:失败2:未执行不能为空
[2018-06-08 18:46:59,012] [INFO] [CtrLogAspect.java:108] [admin.common.aspect.CtrLogAspect.intiCtrLog] [http-nio-8081-exec-14]: 请求唯一标识->c7622eb68add4de68e09fbab62bd3bbb-1 方法描述->查询测试用例 请求参数->[admin.entity.Testcase1Entity [,controllerName=123,testCaseId=null,createdTime=null,updatedTime=null,execLastTime=null,status=null]] 方法位置->execution(Testcase1ReturnInfo admin.modules.testcase1.controller.Testcase1Controller.queryTestcase1InfoList(Testcase1VO)) 请求IP地址->127.0.0.1
[2018-06-08 18:46:59,016] [INFO] [CtrLogAspect.java:94] [admin.common.aspect.CtrLogAspect.resultCtrLog] [http-nio-8081-exec-14]: 请求唯一标识->c7622eb68add4de68e09fbab62bd3bbb-1 返回结果->null 方法执行时间->4
[2018-06-08 18:46:59,018] [ERROR] [ContextLog.java:60] [admin.common.aspect.ContextLog.error] [http-nio-8081-exec-14]: 请求唯一标识->c7622eb68add4de68e09fbab62bd3bbb-3 异常描述->{msg=状态0:成功1:失败2:未执行不能为空, code=9000} 
admin.common.exception.CheckException: 状态0:成功1:失败2:未执行不能为空
[2018-06-08 18:46:59,454] [INFO] [CtrLogAspect.java:108] [admin.common.aspect.CtrLogAspect.intiCtrLog] [http-nio-8081-exec-13]: 请求唯一标识->17a0fe75b234455c97758317afaadf4f-1 方法描述->查询测试用例 请求参数->[admin.entity.Testcase1Entity [,controllerName=123,testCaseId=null,createdTime=null,updatedTime=null,execLastTime=null,status=null]] 方法位置->execution(Testcase1ReturnInfo admin.modules.testcase1.controller.Testcase1Controller.queryTestcase1InfoList(Testcase1VO)) 请求IP地址->127.0.0.1
[2018-06-08 18:46:59,458] [INFO] [CtrLogAspect.java:94] [admin.common.aspect.CtrLogAspect.resultCtrLog] [http-nio-8081-exec-13]: 请求唯一标识->17a0fe75b234455c97758317afaadf4f-1 返回结果->null 方法执行时间->4
[2018-06-08 18:46:59,459] [ERROR] [ContextLog.java:60] [admin.common.aspect.ContextLog.error] [http-nio-8081-exec-13]: 请求唯一标识->17a0fe75b234455c97758317afaadf4f-3 异常描述->{msg=上次执行时间不能为空, code=9000} 
admin.common.exception.CheckException: 上次执行时间不能为空
[2018-06-08 18:47:00,329] [INFO] [CtrLogAspect.java:108] [admin.common.aspect.CtrLogAspect.intiCtrLog] [http-nio-8081-exec-12]: 请求唯一标识->2d71e295e7944c588c92b33cb37b72cf-1 方法描述->查询测试用例 请求参数->[admin.entity.Testcase1Entity [,controllerName=123,testCaseId=null,createdTime=null,updatedTime=null,execLastTime=null,status=null]] 方法位置->execution(Testcase1ReturnInfo admin.modules.testcase1.controller.Testcase1Controller.queryTestcase1InfoList(Testcase1VO)) 请求IP地址->127.0.0.1
[2018-06-08 18:47:00,335] [INFO] [CtrLogAspect.java:94] [admin.common.aspect.CtrLogAspect.resultCtrLog] [http-nio-8081-exec-12]: 请求唯一标识->2d71e295e7944c588c92b33cb37b72cf-1 返回结果->null 方法执行时间->6
[2018-06-08 18:47:00,338] [ERROR] [ContextLog.java:60] [admin.common.aspect.ContextLog.error] [http-nio-8081-exec-12]: 请求唯一标识->2d71e295e7944c588c92b33cb37b72cf-3 异常描述->{msg=主键不能为空, code=9000} 
admin.common.exception.CheckException: 主键不能为空
[2018-06-08 18:47:00,762] [INFO] [CtrLogAspect.java:108] [admin.common.aspect.CtrLogAspect.intiCtrLog] [http-nio-8081-exec-11]: 请求唯一标识->fa9b5f42cc8742ba96cdc9ce0935d981-1 方法描述->查询测试用例 请求参数->[admin.entity.Testcase1Entity [,controllerName=123,testCaseId=null,createdTime=null,updatedTime=null,execLastTime=null,status=null]] 方法位置->execution(Testcase1ReturnInfo admin.modules.testcase1.controller.Testcase1Controller.queryTestcase1InfoList(Testcase1VO)) 请求IP地址->127.0.0.1
[2018-06-08 18:47:00,768] [INFO] [CtrLogAspect.java:94] [admin.common.aspect.CtrLogAspect.resultCtrLog] [http-nio-8081-exec-11]: 请求唯一标识->fa9b5f42cc8742ba96cdc9ce0935d981-1 返回结果->null 方法执行时间->6
[2018-06-08 18:47:00,771] [ERROR] [ContextLog.java:60] [admin.common.aspect.ContextLog.error] [http-nio-8081-exec-11]: 请求唯一标识->fa9b5f42cc8742ba96cdc9ce0935d981-3 异常描述->{msg=创建时间不能为空, code=9000} 
admin.common.exception.CheckException: 创建时间不能为空
[2018-06-08 18:47:00,938] [INFO] [CtrLogAspect.java:108] [admin.common.aspect.CtrLogAspect.intiCtrLog] [http-nio-8081-exec-2]: 请求唯一标识->b33eaf80edea47329da9abf9feaa6b4d-1 方法描述->查询测试用例 请求参数->[admin.entity.Testcase1Entity [,controllerName=123,testCaseId=null,createdTime=null,updatedTime=null,execLastTime=null,status=null]] 方法位置->execution(Testcase1ReturnInfo admin.modules.testcase1.controller.Testcase1Controller.queryTestcase1InfoList(Testcase1VO)) 请求IP地址->127.0.0.1
[2018-06-08 18:47:00,942] [INFO] [CtrLogAspect.java:94] [admin.common.aspect.CtrLogAspect.resultCtrLog] [http-nio-8081-exec-2]: 请求唯一标识->b33eaf80edea47329da9abf9feaa6b4d-1 返回结果->null 方法执行时间->4
[2018-06-08 18:47:00,945] [ERROR] [ContextLog.java:60] [admin.common.aspect.ContextLog.error] [http-nio-8081-exec-2]: 请求唯一标识->b33eaf80edea47329da9abf9feaa6b4d-3 异常描述->{msg=上次执行时间不能为空, code=9000} 
admin.common.exception.CheckException: 上次执行时间不能为空
[2018-06-08 18:47:01,114] [INFO] [CtrLogAspect.java:108] [admin.common.aspect.CtrLogAspect.intiCtrLog] [http-nio-8081-exec-3]: 请求唯一标识->827d4e29c09d419ebc07d9010092f89b-1 方法描述->查询测试用例 请求参数->[admin.entity.Testcase1Entity [,controllerName=123,testCaseId=null,createdTime=null,updatedTime=null,execLastTime=null,status=null]] 方法位置->execution(Testcase1ReturnInfo admin.modules.testcase1.controller.Testcase1Controller.queryTestcase1InfoList(Testcase1VO)) 请求IP地址->127.0.0.1
[2018-06-08 18:47:01,120] [INFO] [CtrLogAspect.java:94] [admin.common.aspect.CtrLogAspect.resultCtrLog] [http-nio-8081-exec-3]: 请求唯一标识->827d4e29c09d419ebc07d9010092f89b-1 返回结果->null 方法执行时间->6
[2018-06-08 18:47:01,122] [ERROR] [ContextLog.java:60] [admin.common.aspect.ContextLog.error] [http-nio-8081-exec-3]: 请求唯一标识->827d4e29c09d419ebc07d9010092f89b-3 异常描述->{msg=状态0:成功1:失败2:未执行不能为空, code=9000} 
admin.common.exception.CheckException: 状态0:成功1:失败2:未执行不能为空
[2018-06-08 18:47:01,261] [INFO] [CtrLogAspect.java:108] [admin.common.aspect.CtrLogAspect.intiCtrLog] [http-nio-8081-exec-6]: 请求唯一标识->8b899269b08e49858718a30d8b045a9a-1 方法描述->查询测试用例 请求参数->[admin.entity.Testcase1Entity [,controllerName=123,testCaseId=null,createdTime=null,updatedTime=null,execLastTime=null,status=null]] 方法位置->execution(Testcase1ReturnInfo admin.modules.testcase1.controller.Testcase1Controller.queryTestcase1InfoList(Testcase1VO)) 请求IP地址->127.0.0.1
[2018-06-08 18:47:01,266] [INFO] [CtrLogAspect.java:94] [admin.common.aspect.CtrLogAspect.resultCtrLog] [http-nio-8081-exec-6]: 请求唯一标识->8b899269b08e49858718a30d8b045a9a-1 返回结果->null 方法执行时间->6
[2018-06-08 18:47:01,272] [ERROR] [ContextLog.java:60] [admin.common.aspect.ContextLog.error] [http-nio-8081-exec-6]: 请求唯一标识->8b899269b08e49858718a30d8b045a9a-3 异常描述->{msg=主键不能为空, code=9000} 
admin.common.exception.CheckException: 主键不能为空
[2018-06-08 18:47:01,422] [INFO] [CtrLogAspect.java:108] [admin.common.aspect.CtrLogAspect.intiCtrLog] [http-nio-8081-exec-10]: 请求唯一标识->0165a5852bd2468cb5895da7e3b74369-1 方法描述->查询测试用例 请求参数->[admin.entity.Testcase1Entity [,controllerName=123,testCaseId=null,createdTime=null,updatedTime=null,execLastTime=null,status=null]] 方法位置->execution(Testcase1ReturnInfo admin.modules.testcase1.controller.Testcase1Controller.queryTestcase1InfoList(Testcase1VO)) 请求IP地址->127.0.0.1
[2018-06-08 18:47:01,428] [INFO] [CtrLogAspect.java:94] [admin.common.aspect.CtrLogAspect.resultCtrLog] [http-nio-8081-exec-10]: 请求唯一标识->0165a5852bd2468cb5895da7e3b74369-1 返回结果->null 方法执行时间->6
[2018-06-08 18:47:01,430] [ERROR] [ContextLog.java:60] [admin.common.aspect.ContextLog.error] [http-nio-8081-exec-10]: 请求唯一标识->0165a5852bd2468cb5895da7e3b74369-3 异常描述->{msg=状态0:成功1:失败2:未执行不能为空, code=9000} 
admin.common.exception.CheckException: 状态0:成功1:失败2:未执行不能为空
[2018-06-08 18:47:01,564] [INFO] [CtrLogAspect.java:108] [admin.common.aspect.CtrLogAspect.intiCtrLog] [http-nio-8081-exec-5]: 请求唯一标识->8b85f9cda3a9417ea9bd6c2aaadc2e8d-1 方法描述->查询测试用例 请求参数->[admin.entity.Testcase1Entity [,controllerName=123,testCaseId=null,createdTime=null,updatedTime=null,execLastTime=null,status=null]] 方法位置->execution(Testcase1ReturnInfo admin.modules.testcase1.controller.Testcase1Controller.queryTestcase1InfoList(Testcase1VO)) 请求IP地址->127.0.0.1
[2018-06-08 18:47:01,572] [INFO] [CtrLogAspect.java:94] [admin.common.aspect.CtrLogAspect.resultCtrLog] [http-nio-8081-exec-5]: 请求唯一标识->8b85f9cda3a9417ea9bd6c2aaadc2e8d-1 返回结果->null 方法执行时间->8
[2018-06-08 18:47:01,575] [ERROR] [ContextLog.java:60] [admin.common.aspect.ContextLog.error] [http-nio-8081-exec-5]: 请求唯一标识->8b85f9cda3a9417ea9bd6c2aaadc2e8d-3 异常描述->{msg=上次执行时间不能为空, code=9000} 
admin.common.exception.CheckException: 上次执行时间不能为空
[2018-06-08 18:47:01,713] [INFO] [CtrLogAspect.java:108] [admin.common.aspect.CtrLogAspect.intiCtrLog] [http-nio-8081-exec-29]: 请求唯一标识->8201093c242a4d6a99d21671c340825a-1 方法描述->查询测试用例 请求参数->[admin.entity.Testcase1Entity [,controllerName=123,testCaseId=null,createdTime=null,updatedTime=null,execLastTime=null,status=null]] 方法位置->execution(Testcase1ReturnInfo admin.modules.testcase1.controller.Testcase1Controller.queryTestcase1InfoList(Testcase1VO)) 请求IP地址->127.0.0.1
[2018-06-08 18:47:01,716] [INFO] [CtrLogAspect.java:94] [admin.common.aspect.CtrLogAspect.resultCtrLog] [http-nio-8081-exec-29]: 请求唯一标识->8201093c242a4d6a99d21671c340825a-1 返回结果->null 方法执行时间->3
[2018-06-08 18:47:01,720] [ERROR] [ContextLog.java:60] [admin.common.aspect.ContextLog.error] [http-nio-8081-exec-29]: 请求唯一标识->8201093c242a4d6a99d21671c340825a-3 异常描述->{msg=主键不能为空, code=9000} 
admin.common.exception.CheckException: 主键不能为空
[2018-06-08 18:47:01,858] [INFO] [CtrLogAspect.java:108] [admin.common.aspect.CtrLogAspect.intiCtrLog] [http-nio-8081-exec-4]: 请求唯一标识->a574a4354bbb4e0781a349b6b2c5a8ea-1 方法描述->查询测试用例 请求参数->[admin.entity.Testcase1Entity [,controllerName=123,testCaseId=null,createdTime=null,updatedTime=null,execLastTime=null,status=null]] 方法位置->execution(Testcase1ReturnInfo admin.modules.testcase1.controller.Testcase1Controller.queryTestcase1InfoList(Testcase1VO)) 请求IP地址->127.0.0.1
[2018-06-08 18:47:01,860] [INFO] [CtrLogAspect.java:94] [admin.common.aspect.CtrLogAspect.resultCtrLog] [http-nio-8081-exec-4]: 请求唯一标识->a574a4354bbb4e0781a349b6b2c5a8ea-1 返回结果->null 方法执行时间->2
[2018-06-08 18:47:01,862] [ERROR] [ContextLog.java:60] [admin.common.aspect.ContextLog.error] [http-nio-8081-exec-4]: 请求唯一标识->a574a4354bbb4e0781a349b6b2c5a8ea-3 异常描述->{msg=创建时间不能为空, code=9000} 
admin.common.exception.CheckException: 创建时间不能为空
[2018-06-08 18:47:02,041] [INFO] [CtrLogAspect.java:108] [admin.common.aspect.CtrLogAspect.intiCtrLog] [http-nio-8081-exec-1]: 请求唯一标识->695daed0792f453abcc8eb8ffc7f6c2f-1 方法描述->查询测试用例 请求参数->[admin.entity.Testcase1Entity [,controllerName=123,testCaseId=null,createdTime=null,updatedTime=null,execLastTime=null,status=null]] 方法位置->execution(Testcase1ReturnInfo admin.modules.testcase1.controller.Testcase1Controller.queryTestcase1InfoList(Testcase1VO)) 请求IP地址->127.0.0.1
[2018-06-08 18:47:02,046] [INFO] [CtrLogAspect.java:94] [admin.common.aspect.CtrLogAspect.resultCtrLog] [http-nio-8081-exec-1]: 请求唯一标识->695daed0792f453abcc8eb8ffc7f6c2f-1 返回结果->null 方法执行时间->5
[2018-06-08 18:47:02,048] [ERROR] [ContextLog.java:60] [admin.common.aspect.ContextLog.error] [http-nio-8081-exec-1]: 请求唯一标识->695daed0792f453abcc8eb8ffc7f6c2f-3 异常描述->{msg=主键不能为空, code=9000} 
admin.common.exception.CheckException: 主键不能为空
[2018-06-08 18:47:02,352] [INFO] [CtrLogAspect.java:108] [admin.common.aspect.CtrLogAspect.intiCtrLog] [http-nio-8081-exec-8]: 请求唯一标识->e39fde3563f6425ab89bbc8ec53b7d46-1 方法描述->查询测试用例 请求参数->[admin.entity.Testcase1Entity [,controllerName=123,testCaseId=null,createdTime=null,updatedTime=null,execLastTime=null,status=null]] 方法位置->execution(Testcase1ReturnInfo admin.modules.testcase1.controller.Testcase1Controller.queryTestcase1InfoList(Testcase1VO)) 请求IP地址->127.0.0.1
[2018-06-08 18:47:02,355] [INFO] [CtrLogAspect.java:94] [admin.common.aspect.CtrLogAspect.resultCtrLog] [http-nio-8081-exec-8]: 请求唯一标识->e39fde3563f6425ab89bbc8ec53b7d46-1 返回结果->null 方法执行时间->3
[2018-06-08 18:47:02,357] [ERROR] [ContextLog.java:60] [admin.common.aspect.ContextLog.error] [http-nio-8081-exec-8]: 请求唯一标识->e39fde3563f6425ab89bbc8ec53b7d46-3 异常描述->{msg=上次执行时间不能为空, code=9000} 
admin.common.exception.CheckException: 上次执行时间不能为空
[2018-06-08 18:47:02,546] [INFO] [CtrLogAspect.java:108] [admin.common.aspect.CtrLogAspect.intiCtrLog] [http-nio-8081-exec-28]: 请求唯一标识->e2ceac11483b4ec89d0436f3b1dd68ef-1 方法描述->查询测试用例 请求参数->[admin.entity.Testcase1Entity [,controllerName=123,testCaseId=null,createdTime=null,updatedTime=null,execLastTime=null,status=null]] 方法位置->execution(Testcase1ReturnInfo admin.modules.testcase1.controller.Testcase1Controller.queryTestcase1InfoList(Testcase1VO)) 请求IP地址->127.0.0.1
[2018-06-08 18:47:02,550] [INFO] [CtrLogAspect.java:94] [admin.common.aspect.CtrLogAspect.resultCtrLog] [http-nio-8081-exec-28]: 请求唯一标识->e2ceac11483b4ec89d0436f3b1dd68ef-1 返回结果->null 方法执行时间->4
[2018-06-08 18:47:02,552] [ERROR] [ContextLog.java:60] [admin.common.aspect.ContextLog.error] [http-nio-8081-exec-28]: 请求唯一标识->e2ceac11483b4ec89d0436f3b1dd68ef-3 异常描述->{msg=更新时间不能为空, code=9000} 
admin.common.exception.CheckException: 更新时间不能为空
[2018-06-08 18:47:02,719] [INFO] [CtrLogAspect.java:108] [admin.common.aspect.CtrLogAspect.intiCtrLog] [http-nio-8081-exec-30]: 请求唯一标识->6ab841e8a35e425f90f01b8da147967f-1 方法描述->查询测试用例 请求参数->[admin.entity.Testcase1Entity [,controllerName=123,testCaseId=null,createdTime=null,updatedTime=null,execLastTime=null,status=null]] 方法位置->execution(Testcase1ReturnInfo admin.modules.testcase1.controller.Testcase1Controller.queryTestcase1InfoList(Testcase1VO)) 请求IP地址->127.0.0.1
[2018-06-08 18:47:02,726] [INFO] [CtrLogAspect.java:94] [admin.common.aspect.CtrLogAspect.resultCtrLog] [http-nio-8081-exec-30]: 请求唯一标识->6ab841e8a35e425f90f01b8da147967f-1 返回结果->null 方法执行时间->7
[2018-06-08 18:47:02,728] [ERROR] [ContextLog.java:60] [admin.common.aspect.ContextLog.error] [http-nio-8081-exec-30]: 请求唯一标识->6ab841e8a35e425f90f01b8da147967f-3 异常描述->{msg=上次执行时间不能为空, code=9000} 
admin.common.exception.CheckException: 上次执行时间不能为空
[2018-06-08 18:47:02,870] [INFO] [CtrLogAspect.java:108] [admin.common.aspect.CtrLogAspect.intiCtrLog] [http-nio-8081-exec-9]: 请求唯一标识->c660dca42be14fed97825b2635dbfce8-1 方法描述->查询测试用例 请求参数->[admin.entity.Testcase1Entity [,controllerName=123,testCaseId=null,createdTime=null,updatedTime=null,execLastTime=null,status=null]] 方法位置->execution(Testcase1ReturnInfo admin.modules.testcase1.controller.Testcase1Controller.queryTestcase1InfoList(Testcase1VO)) 请求IP地址->127.0.0.1
[2018-06-08 18:47:02,875] [INFO] [CtrLogAspect.java:94] [admin.common.aspect.CtrLogAspect.resultCtrLog] [http-nio-8081-exec-9]: 请求唯一标识->c660dca42be14fed97825b2635dbfce8-1 返回结果->null 方法执行时间->5
[2018-06-08 18:47:02,878] [ERROR] [ContextLog.java:60] [admin.common.aspect.ContextLog.error] [http-nio-8081-exec-9]: 请求唯一标识->c660dca42be14fed97825b2635dbfce8-3 异常描述->{msg=状态0:成功1:失败2:未执行不能为空, code=9000} 
admin.common.exception.CheckException: 状态0:成功1:失败2:未执行不能为空
[2018-06-08 18:47:03,026] [INFO] [CtrLogAspect.java:108] [admin.common.aspect.CtrLogAspect.intiCtrLog] [http-nio-8081-exec-27]: 请求唯一标识->9faf6e9b30dd49e79505c5d0b2c2552b-1 方法描述->查询测试用例 请求参数->[admin.entity.Testcase1Entity [,controllerName=123,testCaseId=null,createdTime=null,updatedTime=null,execLastTime=null,status=null]] 方法位置->execution(Testcase1ReturnInfo admin.modules.testcase1.controller.Testcase1Controller.queryTestcase1InfoList(Testcase1VO)) 请求IP地址->127.0.0.1
[2018-06-08 18:47:03,030] [INFO] [CtrLogAspect.java:94] [admin.common.aspect.CtrLogAspect.resultCtrLog] [http-nio-8081-exec-27]: 请求唯一标识->9faf6e9b30dd49e79505c5d0b2c2552b-1 返回结果->null 方法执行时间->5
[2018-06-08 18:47:03,032] [ERROR] [ContextLog.java:60] [admin.common.aspect.ContextLog.error] [http-nio-8081-exec-27]: 请求唯一标识->9faf6e9b30dd49e79505c5d0b2c2552b-3 异常描述->{msg=更新时间不能为空, code=9000} 
admin.common.exception.CheckException: 更新时间不能为空
[2018-06-08 18:47:03,188] [INFO] [CtrLogAspect.java:108] [admin.common.aspect.CtrLogAspect.intiCtrLog] [http-nio-8081-exec-7]: 请求唯一标识->d2f30ffdbfa3498d9a9acadc5f459393-1 方法描述->查询测试用例 请求参数->[admin.entity.Testcase1Entity [,controllerName=123,testCaseId=null,createdTime=null,updatedTime=null,execLastTime=null,status=null]] 方法位置->execution(Testcase1ReturnInfo admin.modules.testcase1.controller.Testcase1Controller.queryTestcase1InfoList(Testcase1VO)) 请求IP地址->127.0.0.1
[2018-06-08 18:47:03,191] [INFO] [CtrLogAspect.java:94] [admin.common.aspect.CtrLogAspect.resultCtrLog] [http-nio-8081-exec-7]: 请求唯一标识->d2f30ffdbfa3498d9a9acadc5f459393-1 返回结果->null 方法执行时间->3
[2018-06-08 18:47:03,194] [ERROR] [ContextLog.java:60] [admin.common.aspect.ContextLog.error] [http-nio-8081-exec-7]: 请求唯一标识->d2f30ffdbfa3498d9a9acadc5f459393-3 异常描述->{msg=创建时间不能为空, code=9000} 
admin.common.exception.CheckException: 创建时间不能为空
[2018-06-08 18:47:03,337] [INFO] [CtrLogAspect.java:108] [admin.common.aspect.CtrLogAspect.intiCtrLog] [http-nio-8081-exec-22]: 请求唯一标识->13c4c2e320334722a1350c854e924894-1 方法描述->查询测试用例 请求参数->[admin.entity.Testcase1Entity [,controllerName=123,testCaseId=null,createdTime=null,updatedTime=null,execLastTime=null,status=null]] 方法位置->execution(Testcase1ReturnInfo admin.modules.testcase1.controller.Testcase1Controller.queryTestcase1InfoList(Testcase1VO)) 请求IP地址->127.0.0.1
[2018-06-08 18:47:03,339] [INFO] [CtrLogAspect.java:94] [admin.common.aspect.CtrLogAspect.resultCtrLog] [http-nio-8081-exec-22]: 请求唯一标识->13c4c2e320334722a1350c854e924894-1 返回结果->null 方法执行时间->2
[2018-06-08 18:47:03,340] [ERROR] [ContextLog.java:60] [admin.common.aspect.ContextLog.error] [http-nio-8081-exec-22]: 请求唯一标识->13c4c2e320334722a1350c854e924894-3 异常描述->{msg=状态0:成功1:失败2:未执行不能为空, code=9000} 
admin.common.exception.CheckException: 状态0:成功1:失败2:未执行不能为空
[2018-06-08 18:47:03,500] [INFO] [CtrLogAspect.java:108] [admin.common.aspect.CtrLogAspect.intiCtrLog] [http-nio-8081-exec-26]: 请求唯一标识->ddc79ea04c254f95b5ae2a5e0a46c02e-1 方法描述->查询测试用例 请求参数->[admin.entity.Testcase1Entity [,controllerName=123,testCaseId=null,createdTime=null,updatedTime=null,execLastTime=null,status=null]] 方法位置->execution(Testcase1ReturnInfo admin.modules.testcase1.controller.Testcase1Controller.queryTestcase1InfoList(Testcase1VO)) 请求IP地址->127.0.0.1
[2018-06-08 18:47:03,503] [INFO] [CtrLogAspect.java:94] [admin.common.aspect.CtrLogAspect.resultCtrLog] [http-nio-8081-exec-26]: 请求唯一标识->ddc79ea04c254f95b5ae2a5e0a46c02e-1 返回结果->null 方法执行时间->3
[2018-06-08 18:47:03,505] [ERROR] [ContextLog.java:60] [admin.common.aspect.ContextLog.error] [http-nio-8081-exec-26]: 请求唯一标识->ddc79ea04c254f95b5ae2a5e0a46c02e-3 异常描述->{msg=状态0:成功1:失败2:未执行不能为空, code=9000} 
admin.common.exception.CheckException: 状态0:成功1:失败2:未执行不能为空
[2018-06-08 18:47:03,666] [INFO] [CtrLogAspect.java:108] [admin.common.aspect.CtrLogAspect.intiCtrLog] [http-nio-8081-exec-24]: 请求唯一标识->7d3db45ab7de4517a4b23658cc7de9dd-1 方法描述->查询测试用例 请求参数->[admin.entity.Testcase1Entity [,controllerName=123,testCaseId=null,createdTime=null,updatedTime=null,execLastTime=null,status=null]] 方法位置->execution(Testcase1ReturnInfo admin.modules.testcase1.controller.Testcase1Controller.queryTestcase1InfoList(Testcase1VO)) 请求IP地址->127.0.0.1
[2018-06-08 18:47:03,669] [INFO] [CtrLogAspect.java:94] [admin.common.aspect.CtrLogAspect.resultCtrLog] [http-nio-8081-exec-24]: 请求唯一标识->7d3db45ab7de4517a4b23658cc7de9dd-1 返回结果->null 方法执行时间->3
[2018-06-08 18:47:03,671] [ERROR] [ContextLog.java:60] [admin.common.aspect.ContextLog.error] [http-nio-8081-exec-24]: 请求唯一标识->7d3db45ab7de4517a4b23658cc7de9dd-3 异常描述->{msg=上次执行时间不能为空, code=9000} 
admin.common.exception.CheckException: 上次执行时间不能为空
[2018-06-08 18:47:03,819] [INFO] [CtrLogAspect.java:108] [admin.common.aspect.CtrLogAspect.intiCtrLog] [http-nio-8081-exec-25]: 请求唯一标识->0df44c2f7b934a359ba4217b84b06357-1 方法描述->查询测试用例 请求参数->[admin.entity.Testcase1Entity [,controllerName=123,testCaseId=null,createdTime=null,updatedTime=null,execLastTime=null,status=null]] 方法位置->execution(Testcase1ReturnInfo admin.modules.testcase1.controller.Testcase1Controller.queryTestcase1InfoList(Testcase1VO)) 请求IP地址->127.0.0.1
[2018-06-08 18:47:03,822] [INFO] [CtrLogAspect.java:94] [admin.common.aspect.CtrLogAspect.resultCtrLog] [http-nio-8081-exec-25]: 请求唯一标识->0df44c2f7b934a359ba4217b84b06357-1 返回结果->null 方法执行时间->3
[2018-06-08 18:47:03,827] [ERROR] [ContextLog.java:60] [admin.common.aspect.ContextLog.error] [http-nio-8081-exec-25]: 请求唯一标识->0df44c2f7b934a359ba4217b84b06357-3 异常描述->{msg=上次执行时间不能为空, code=9000} 
admin.common.exception.CheckException: 上次执行时间不能为空
[2018-06-08 18:47:03,970] [INFO] [CtrLogAspect.java:108] [admin.common.aspect.CtrLogAspect.intiCtrLog] [http-nio-8081-exec-23]: 请求唯一标识->5d56fc45773849e8bc5677a596f09228-1 方法描述->查询测试用例 请求参数->[admin.entity.Testcase1Entity [,controllerName=123,testCaseId=null,createdTime=null,updatedTime=null,execLastTime=null,status=null]] 方法位置->execution(Testcase1ReturnInfo admin.modules.testcase1.controller.Testcase1Controller.queryTestcase1InfoList(Testcase1VO)) 请求IP地址->127.0.0.1
[2018-06-08 18:47:03,979] [INFO] [CtrLogAspect.java:94] [admin.common.aspect.CtrLogAspect.resultCtrLog] [http-nio-8081-exec-23]: 请求唯一标识->5d56fc45773849e8bc5677a596f09228-1 返回结果->null 方法执行时间->9
[2018-06-08 18:47:03,980] [ERROR] [ContextLog.java:60] [admin.common.aspect.ContextLog.error] [http-nio-8081-exec-23]: 请求唯一标识->5d56fc45773849e8bc5677a596f09228-3 异常描述->{msg=状态0:成功1:失败2:未执行不能为空, code=9000} 
admin.common.exception.CheckException: 状态0:成功1:失败2:未执行不能为空
[2018-06-08 18:47:04,144] [INFO] [CtrLogAspect.java:108] [admin.common.aspect.CtrLogAspect.intiCtrLog] [http-nio-8081-exec-21]: 请求唯一标识->8d162a2e30744ea292bf983a9be8c1d4-1 方法描述->查询测试用例 请求参数->[admin.entity.Testcase1Entity [,controllerName=123,testCaseId=null,createdTime=null,updatedTime=null,execLastTime=null,status=null]] 方法位置->execution(Testcase1ReturnInfo admin.modules.testcase1.controller.Testcase1Controller.queryTestcase1InfoList(Testcase1VO)) 请求IP地址->127.0.0.1
[2018-06-08 18:47:04,147] [INFO] [CtrLogAspect.java:94] [admin.common.aspect.CtrLogAspect.resultCtrLog] [http-nio-8081-exec-21]: 请求唯一标识->8d162a2e30744ea292bf983a9be8c1d4-1 返回结果->null 方法执行时间->3
[2018-06-08 18:47:04,148] [ERROR] [ContextLog.java:60] [admin.common.aspect.ContextLog.error] [http-nio-8081-exec-21]: 请求唯一标识->8d162a2e30744ea292bf983a9be8c1d4-3 异常描述->{msg=上次执行时间不能为空, code=9000} 
admin.common.exception.CheckException: 上次执行时间不能为空
[2018-06-08 18:47:04,449] [INFO] [CtrLogAspect.java:108] [admin.common.aspect.CtrLogAspect.intiCtrLog] [http-nio-8081-exec-19]: 请求唯一标识->7e0faf3ba0a54c5094148642b3a153fe-1 方法描述->查询测试用例 请求参数->[admin.entity.Testcase1Entity [,controllerName=123,testCaseId=null,createdTime=null,updatedTime=null,execLastTime=null,status=null]] 方法位置->execution(Testcase1ReturnInfo admin.modules.testcase1.controller.Testcase1Controller.queryTestcase1InfoList(Testcase1VO)) 请求IP地址->127.0.0.1
[2018-06-08 18:47:04,452] [INFO] [CtrLogAspect.java:94] [admin.common.aspect.CtrLogAspect.resultCtrLog] [http-nio-8081-exec-19]: 请求唯一标识->7e0faf3ba0a54c5094148642b3a153fe-1 返回结果->null 方法执行时间->3
[2018-06-08 18:47:04,455] [ERROR] [ContextLog.java:60] [admin.common.aspect.ContextLog.error] [http-nio-8081-exec-19]: 请求唯一标识->7e0faf3ba0a54c5094148642b3a153fe-3 异常描述->{msg=主键不能为空, code=9000} 
admin.common.exception.CheckException: 主键不能为空
[2018-06-08 18:47:04,691] [INFO] [CtrLogAspect.java:108] [admin.common.aspect.CtrLogAspect.intiCtrLog] [http-nio-8081-exec-20]: 请求唯一标识->93b6b535becd43ce9305e30757d52c14-1 方法描述->查询测试用例 请求参数->[admin.entity.Testcase1Entity [,controllerName=123,testCaseId=null,createdTime=null,updatedTime=null,execLastTime=null,status=null]] 方法位置->execution(Testcase1ReturnInfo admin.modules.testcase1.controller.Testcase1Controller.queryTestcase1InfoList(Testcase1VO)) 请求IP地址->127.0.0.1
[2018-06-08 18:47:04,699] [INFO] [CtrLogAspect.java:94] [admin.common.aspect.CtrLogAspect.resultCtrLog] [http-nio-8081-exec-20]: 请求唯一标识->93b6b535becd43ce9305e30757d52c14-1 返回结果->null 方法执行时间->8
[2018-06-08 18:47:04,702] [ERROR] [ContextLog.java:60] [admin.common.aspect.ContextLog.error] [http-nio-8081-exec-20]: 请求唯一标识->93b6b535becd43ce9305e30757d52c14-3 异常描述->{msg=主键不能为空, code=9000} 
admin.common.exception.CheckException: 主键不能为空
[2018-06-08 18:47:05,181] [INFO] [CtrLogAspect.java:108] [admin.common.aspect.CtrLogAspect.intiCtrLog] [http-nio-8081-exec-18]: 请求唯一标识->d50f0936887449598b1615b86120954b-1 方法描述->查询测试用例 请求参数->[admin.entity.Testcase1Entity [,controllerName=123,testCaseId=null,createdTime=null,updatedTime=null,execLastTime=null,status=null]] 方法位置->execution(Testcase1ReturnInfo admin.modules.testcase1.controller.Testcase1Controller.queryTestcase1InfoList(Testcase1VO)) 请求IP地址->127.0.0.1
[2018-06-08 18:47:05,185] [INFO] [CtrLogAspect.java:94] [admin.common.aspect.CtrLogAspect.resultCtrLog] [http-nio-8081-exec-18]: 请求唯一标识->d50f0936887449598b1615b86120954b-1 返回结果->null 方法执行时间->4
[2018-06-08 18:47:05,188] [ERROR] [ContextLog.java:60] [admin.common.aspect.ContextLog.error] [http-nio-8081-exec-18]: 请求唯一标识->d50f0936887449598b1615b86120954b-3 异常描述->{msg=创建时间不能为空, code=9000} 
admin.common.exception.CheckException: 创建时间不能为空
[2018-06-08 18:49:10,678] [ERROR] [ContextLog.java:60] [admin.common.aspect.ContextLog.error] [http-nio-8081-exec-4]: 请求唯一标识->null-1 异常描述->{msg=系统繁忙,请稍后再试, code=500} 
org.springframework.http.converter.HttpMessageNotReadableException: JSON parse error: Can not deserialize value of type java.util.Date from String "填写例子": not a valid representation (error: Failed to parse Date value '填写例子': Unparseable date: "填写例子"); nested exception is com.fasterxml.jackson.databind.exc.InvalidFormatException: Can not deserialize value of type java.util.Date from String "填写例子": not a valid representation (error: Failed to parse Date value '填写例子': Unparseable date: "填写例子")
 at [Source: java.io.PushbackInputStream@341217b7; line: 3, column: 18] (through reference chain: admin.modules.testcase1.vo.Testcase1VO["createdTime"])
	at org.springframework.http.converter.json.AbstractJackson2HttpMessageConverter.readJavaType(AbstractJackson2HttpMessageConverter.java:244) ~[spring-web-4.3.9.RELEASE.jar:4.3.9.RELEASE]
	at org.springframework.http.converter.json.AbstractJackson2HttpMessageConverter.read(AbstractJackson2HttpMessageConverter.java:229) ~[spring-web-4.3.9.RELEASE.jar:4.3.9.RELEASE]
	at org.springframework.web.servlet.mvc.method.annotation.AbstractMessageConverterMethodArgumentResolver.readWithMessageConverters(AbstractMessageConverterMethodArgumentResolver.java:201) ~[spring-webmvc-4.3.9.RELEASE.jar:4.3.9.RELEASE]
	at org.springframework.web.servlet.mvc.method.annotation.RequestResponseBodyMethodProcessor.readWithMessageConverters(RequestResponseBodyMethodProcessor.java:150) ~[spring-webmvc-4.3.9.RELEASE.jar:4.3.9.RELEASE]
	at org.springframework.web.servlet.mvc.method.annotation.RequestResponseBodyMethodProcessor.resolveArgument(RequestResponseBodyMethodProcessor.java:128) ~[spring-webmvc-4.3.9.RELEASE.jar:4.3.9.RELEASE]
	at org.springframework.web.method.support.HandlerMethodArgumentResolverComposite.resolveArgument(HandlerMethodArgumentResolverComposite.java:121) ~[spring-web-4.3.9.RELEASE.jar:4.3.9.RELEASE]
	at org.springframework.web.method.support.InvocableHandlerMethod.getMethodArgumentValues(InvocableHandlerMethod.java:158) ~[spring-web-4.3.9.RELEASE.jar:4.3.9.RELEASE]
	at org.springframework.web.method.support.InvocableHandlerMethod.invokeForRequest(InvocableHandlerMethod.java:128) ~[spring-web-4.3.9.RELEASE.jar:4.3.9.RELEASE]
	at org.springframework.web.servlet.mvc.method.annotation.ServletInvocableHandlerMethod.invokeAndHandle(ServletInvocableHandlerMethod.java:97) ~[spring-webmvc-4.3.9.RELEASE.jar:4.3.9.RELEASE]
	at org.springframework.web.servlet.mvc.method.annotation.RequestMappingHandlerAdapter.invokeHandlerMethod(RequestMappingHandlerAdapter.java:827) ~[spring-webmvc-4.3.9.RELEASE.jar:4.3.9.RELEASE]
	at org.springframework.web.servlet.mvc.method.annotation.RequestMappingHandlerAdapter.handleInternal(RequestMappingHandlerAdapter.java:738) ~[spring-webmvc-4.3.9.RELEASE.jar:4.3.9.RELEASE]
	at org.springframework.web.servlet.mvc.method.AbstractHandlerMethodAdapter.handle(AbstractHandlerMethodAdapter.java:85) ~[spring-webmvc-4.3.9.RELEASE.jar:4.3.9.RELEASE]
	at org.springframework.web.servlet.DispatcherServlet.doDispatch(DispatcherServlet.java:967) [spring-webmvc-4.3.9.RELEASE.jar:4.3.9.RELEASE]
	at org.springframework.web.servlet.DispatcherServlet.doService(DispatcherServlet.java:901) [spring-webmvc-4.3.9.RELEASE.jar:4.3.9.RELEASE]
	at org.springframework.web.servlet.FrameworkServlet.processRequest(FrameworkServlet.java:970) [spring-webmvc-4.3.9.RELEASE.jar:4.3.9.RELEASE]
	at org.springframework.web.servlet.FrameworkServlet.doPost(FrameworkServlet.java:872) [spring-webmvc-4.3.9.RELEASE.jar:4.3.9.RELEASE]
	at javax.servlet.http.HttpServlet.service(HttpServlet.java:661) [tomcat-embed-core-8.5.15.jar:8.5.15]
	at org.springframework.web.servlet.FrameworkServlet.service(FrameworkServlet.java:846) [spring-webmvc-4.3.9.RELEASE.jar:4.3.9.RELEASE]
	at javax.servlet.http.HttpServlet.service(HttpServlet.java:742) [tomcat-embed-core-8.5.15.jar:8.5.15]
	at org.apache.catalina.core.ApplicationFilterChain.internalDoFilter(ApplicationFilterChain.java:231) [tomcat-embed-core-8.5.15.jar:8.5.15]
	at org.apache.catalina.core.ApplicationFilterChain.doFilter(ApplicationFilterChain.java:166) [tomcat-embed-core-8.5.15.jar:8.5.15]
	at org.apache.tomcat.websocket.server.WsFilter.doFilter(WsFilter.java:52) [tomcat-embed-websocket-8.5.15.jar:8.5.15]
	at org.apache.catalina.core.ApplicationFilterChain.internalDoFilter(ApplicationFilterChain.java:193) [tomcat-embed-core-8.5.15.jar:8.5.15]
	at org.apache.catalina.core.ApplicationFilterChain.doFilter(ApplicationFilterChain.java:166) [tomcat-embed-core-8.5.15.jar:8.5.15]
	at org.apache.shiro.web.servlet.OncePerRequestFilter.doFilter(OncePerRequestFilter.java:112) [shiro-web-1.3.2.jar:1.3.2]
	at org.apache.catalina.core.ApplicationFilterChain.internalDoFilter(ApplicationFilterChain.java:193) [tomcat-embed-core-8.5.15.jar:8.5.15]
	at org.apache.catalina.core.ApplicationFilterChain.doFilter(ApplicationFilterChain.java:166) [tomcat-embed-core-8.5.15.jar:8.5.15]
	at org.apache.shiro.web.servlet.ProxiedFilterChain.doFilter(ProxiedFilterChain.java:61) [shiro-web-1.3.2.jar:1.3.2]
	at org.apache.shiro.web.servlet.AdviceFilter.executeChain(AdviceFilter.java:108) [shiro-web-1.3.2.jar:1.3.2]
	at org.apache.shiro.web.servlet.AdviceFilter.doFilterInternal(AdviceFilter.java:137) [shiro-web-1.3.2.jar:1.3.2]
	at org.apache.shiro.web.servlet.OncePerRequestFilter.doFilter(OncePerRequestFilter.java:125) [shiro-web-1.3.2.jar:1.3.2]
	at org.apache.shiro.web.servlet.ProxiedFilterChain.doFilter(ProxiedFilterChain.java:66) [shiro-web-1.3.2.jar:1.3.2]
	at org.apache.shiro.web.servlet.AbstractShiroFilter.executeChain(AbstractShiroFilter.java:449) [shiro-web-1.3.2.jar:1.3.2]
	at org.apache.shiro.web.servlet.AbstractShiroFilter$1.call(AbstractShiroFilter.java:365) [shiro-web-1.3.2.jar:1.3.2]
	at org.apache.shiro.subject.support.SubjectCallable.doCall(SubjectCallable.java:90) [shiro-core-1.3.2.jar:1.3.2]
	at org.apache.shiro.subject.support.SubjectCallable.call(SubjectCallable.java:83) [shiro-core-1.3.2.jar:1.3.2]
	at org.apache.shiro.subject.support.DelegatingSubject.execute(DelegatingSubject.java:383) [shiro-core-1.3.2.jar:1.3.2]
	at org.apache.shiro.web.servlet.AbstractShiroFilter.doFilterInternal(AbstractShiroFilter.java:362) [shiro-web-1.3.2.jar:1.3.2]
	at org.apache.shiro.web.servlet.OncePerRequestFilter.doFilter(OncePerRequestFilter.java:125) [shiro-web-1.3.2.jar:1.3.2]
	at org.springframework.web.filter.DelegatingFilterProxy.invokeDelegate(DelegatingFilterProxy.java:346) [spring-web-4.3.9.RELEASE.jar:4.3.9.RELEASE]
	at org.springframework.web.filter.DelegatingFilterProxy.doFilter(DelegatingFilterProxy.java:262) [spring-web-4.3.9.RELEASE.jar:4.3.9.RELEASE]
	at org.apache.catalina.core.ApplicationFilterChain.internalDoFilter(ApplicationFilterChain.java:193) [tomcat-embed-core-8.5.15.jar:8.5.15]
	at org.apache.catalina.core.ApplicationFilterChain.doFilter(ApplicationFilterChain.java:166) [tomcat-embed-core-8.5.15.jar:8.5.15]
	at org.springframework.web.filter.RequestContextFilter.doFilterInternal(RequestContextFilter.java:99) [spring-web-4.3.9.RELEASE.jar:4.3.9.RELEASE]
	at org.springframework.web.filter.OncePerRequestFilter.doFilter(OncePerRequestFilter.java:107) [spring-web-4.3.9.RELEASE.jar:4.3.9.RELEASE]
	at org.apache.catalina.core.ApplicationFilterChain.internalDoFilter(ApplicationFilterChain.java:193) [tomcat-embed-core-8.5.15.jar:8.5.15]
	at org.apache.catalina.core.ApplicationFilterChain.doFilter(ApplicationFilterChain.java:166) [tomcat-embed-core-8.5.15.jar:8.5.15]
	at org.springframework.web.filter.HttpPutFormContentFilter.doFilterInternal(HttpPutFormContentFilter.java:105) [spring-web-4.3.9.RELEASE.jar:4.3.9.RELEASE]
	at org.springframework.web.filter.OncePerRequestFilter.doFilter(OncePerRequestFilter.java:107) [spring-web-4.3.9.RELEASE.jar:4.3.9.RELEASE]
	at org.apache.catalina.core.ApplicationFilterChain.internalDoFilter(ApplicationFilterChain.java:193) [tomcat-embed-core-8.5.15.jar:8.5.15]
	at org.apache.catalina.core.ApplicationFilterChain.doFilter(ApplicationFilterChain.java:166) [tomcat-embed-core-8.5.15.jar:8.5.15]
	at org.springframework.web.filter.HiddenHttpMethodFilter.doFilterInternal(HiddenHttpMethodFilter.java:81) [spring-web-4.3.9.RELEASE.jar:4.3.9.RELEASE]
	at org.springframework.web.filter.OncePerRequestFilter.doFilter(OncePerRequestFilter.java:107) [spring-web-4.3.9.RELEASE.jar:4.3.9.RELEASE]
	at org.apache.catalina.core.ApplicationFilterChain.internalDoFilter(ApplicationFilterChain.java:193) [tomcat-embed-core-8.5.15.jar:8.5.15]
	at org.apache.catalina.core.ApplicationFilterChain.doFilter(ApplicationFilterChain.java:166) [tomcat-embed-core-8.5.15.jar:8.5.15]
	at org.springframework.web.filter.CharacterEncodingFilter.doFilterInternal(CharacterEncodingFilter.java:197) [spring-web-4.3.9.RELEASE.jar:4.3.9.RELEASE]
	at org.springframework.web.filter.OncePerRequestFilter.doFilter(OncePerRequestFilter.java:107) [spring-web-4.3.9.RELEASE.jar:4.3.9.RELEASE]
	at org.apache.catalina.core.ApplicationFilterChain.internalDoFilter(ApplicationFilterChain.java:193) [tomcat-embed-core-8.5.15.jar:8.5.15]
	at org.apache.catalina.core.ApplicationFilterChain.doFilter(ApplicationFilterChain.java:166) [tomcat-embed-core-8.5.15.jar:8.5.15]
	at org.apache.catalina.core.StandardWrapperValve.invoke(StandardWrapperValve.java:198) [tomcat-embed-core-8.5.15.jar:8.5.15]
	at org.apache.catalina.core.StandardContextValve.invoke(StandardContextValve.java:96) [tomcat-embed-core-8.5.15.jar:8.5.15]
	at org.apache.catalina.authenticator.AuthenticatorBase.invoke(AuthenticatorBase.java:478) [tomcat-embed-core-8.5.15.jar:8.5.15]
	at org.apache.catalina.core.StandardHostValve.invoke(StandardHostValve.java:140) [tomcat-embed-core-8.5.15.jar:8.5.15]
	at org.apache.catalina.valves.ErrorReportValve.invoke(ErrorReportValve.java:80) [tomcat-embed-core-8.5.15.jar:8.5.15]
	at org.apache.catalina.core.StandardEngineValve.invoke(StandardEngineValve.java:87) [tomcat-embed-core-8.5.15.jar:8.5.15]
	at org.apache.catalina.connector.CoyoteAdapter.service(CoyoteAdapter.java:342) [tomcat-embed-core-8.5.15.jar:8.5.15]
	at org.apache.coyote.http11.Http11Processor.service(Http11Processor.java:799) [tomcat-embed-core-8.5.15.jar:8.5.15]
	at org.apache.coyote.AbstractProcessorLight.process(AbstractProcessorLight.java:66) [tomcat-embed-core-8.5.15.jar:8.5.15]
	at org.apache.coyote.AbstractProtocol$ConnectionHandler.process(AbstractProtocol.java:861) [tomcat-embed-core-8.5.15.jar:8.5.15]
	at org.apache.tomcat.util.net.NioEndpoint$SocketProcessor.doRun(NioEndpoint.java:1455) [tomcat-embed-core-8.5.15.jar:8.5.15]
	at org.apache.tomcat.util.net.SocketProcessorBase.run(SocketProcessorBase.java:49) [tomcat-embed-core-8.5.15.jar:8.5.15]
	at java.util.concurrent.ThreadPoolExecutor.runWorker(ThreadPoolExecutor.java:1142) [?:1.8.0_121]
	at java.util.concurrent.ThreadPoolExecutor$Worker.run(ThreadPoolExecutor.java:617) [?:1.8.0_121]
	at org.apache.tomcat.util.threads.TaskThread$WrappingRunnable.run(TaskThread.java:61) [tomcat-embed-core-8.5.15.jar:8.5.15]
	at java.lang.Thread.run(Thread.java:745) [?:1.8.0_121]
Caused by: com.fasterxml.jackson.databind.exc.InvalidFormatException: Can not deserialize value of type java.util.Date from String "填写例子": not a valid representation (error: Failed to parse Date value '填写例子': Unparseable date: "填写例子")
 at [Source: java.io.PushbackInputStream@341217b7; line: 3, column: 18] (through reference chain: admin.modules.testcase1.vo.Testcase1VO["createdTime"])
	at com.fasterxml.jackson.databind.exc.InvalidFormatException.from(InvalidFormatException.java:74) ~[jackson-databind-2.8.8.jar:2.8.8]
	at com.fasterxml.jackson.databind.DeserializationContext.weirdStringException(DeserializationContext.java:1410) ~[jackson-databind-2.8.8.jar:2.8.8]
	at com.fasterxml.jackson.databind.DeserializationContext.handleWeirdStringValue(DeserializationContext.java:926) ~[jackson-databind-2.8.8.jar:2.8.8]
	at com.fasterxml.jackson.databind.deser.std.StdDeserializer._parseDate(StdDeserializer.java:819) ~[jackson-databind-2.8.8.jar:2.8.8]
	at com.fasterxml.jackson.databind.deser.std.StdDeserializer._parseDate(StdDeserializer.java:788) ~[jackson-databind-2.8.8.jar:2.8.8]
	at com.fasterxml.jackson.databind.deser.std.DateDeserializers$DateBasedDeserializer._parseDate(DateDeserializers.java:172) ~[jackson-databind-2.8.8.jar:2.8.8]
	at com.fasterxml.jackson.databind.deser.std.DateDeserializers$DateDeserializer.deserialize(DateDeserializers.java:259) ~[jackson-databind-2.8.8.jar:2.8.8]
	at com.fasterxml.jackson.databind.deser.std.DateDeserializers$DateDeserializer.deserialize(DateDeserializers.java:242) ~[jackson-databind-2.8.8.jar:2.8.8]
	at com.fasterxml.jackson.databind.deser.SettableBeanProperty.deserialize(SettableBeanProperty.java:504) ~[jackson-databind-2.8.8.jar:2.8.8]
	at com.fasterxml.jackson.databind.deser.impl.MethodProperty.deserializeAndSet(MethodProperty.java:104) ~[jackson-databind-2.8.8.jar:2.8.8]
	at com.fasterxml.jackson.databind.deser.BeanDeserializer.deserializeFromObject(BeanDeserializer.java:357) ~[jackson-databind-2.8.8.jar:2.8.8]
	at com.fasterxml.jackson.databind.deser.BeanDeserializer.deserialize(BeanDeserializer.java:148) ~[jackson-databind-2.8.8.jar:2.8.8]
	at com.fasterxml.jackson.databind.ObjectMapper._readMapAndClose(ObjectMapper.java:3798) ~[jackson-databind-2.8.8.jar:2.8.8]
	at com.fasterxml.jackson.databind.ObjectMapper.readValue(ObjectMapper.java:2922) ~[jackson-databind-2.8.8.jar:2.8.8]
	at org.springframework.http.converter.json.AbstractJackson2HttpMessageConverter.readJavaType(AbstractJackson2HttpMessageConverter.java:241) ~[spring-web-4.3.9.RELEASE.jar:4.3.9.RELEASE]
	... 74 more
[2018-06-08 18:49:32,874] [INFO] [CtrLogAspect.java:108] [admin.common.aspect.CtrLogAspect.intiCtrLog] [http-nio-8081-exec-6]: 请求唯一标识->acf8c82e47414dd6a6b9f3a05eeb561a-1 方法描述->查询测试用例 请求参数->[admin.entity.Testcase1Entity [,controllerName=填写例子,testCaseId=null,createdTime=null,updatedTime=null,execLastTime=null,status=null]] 方法位置->execution(Testcase1ReturnInfo admin.modules.testcase1.controller.Testcase1Controller.queryTestcase1InfoList(Testcase1VO)) 请求IP地址->127.0.0.1
[2018-06-08 18:49:33,005] [INFO] [CtrLogAspect.java:94] [admin.common.aspect.CtrLogAspect.resultCtrLog] [http-nio-8081-exec-6]: 请求唯一标识->acf8c82e47414dd6a6b9f3a05eeb561a-1 返回结果->null 方法执行时间->152
[2018-06-08 18:49:33,006] [ERROR] [ContextLog.java:60] [admin.common.aspect.ContextLog.error] [http-nio-8081-exec-6]: 请求唯一标识->acf8c82e47414dd6a6b9f3a05eeb561a-3 异常描述->{msg=主键不能为空, code=9000} 
admin.common.exception.CheckException: 主键不能为空
[2018-06-08 18:49:45,012] [ERROR] [ContextLog.java:60] [admin.common.aspect.ContextLog.error] [http-nio-8081-exec-18]: 请求唯一标识->null-1 异常描述->{msg=系统繁忙,请稍后再试, code=500} 
org.springframework.http.converter.HttpMessageNotReadableException: Required request body is missing: public admin.modules.testcase1.vo.Testcase1VO$Testcase1ReturnInfo admin.modules.testcase1.controller.Testcase1Controller.queryTestcase1InfoList(admin.modules.testcase1.vo.Testcase1VO)
	at org.springframework.web.servlet.mvc.method.annotation.RequestResponseBodyMethodProcessor.readWithMessageConverters(RequestResponseBodyMethodProcessor.java:154) ~[spring-webmvc-4.3.9.RELEASE.jar:4.3.9.RELEASE]
	at org.springframework.web.servlet.mvc.method.annotation.RequestResponseBodyMethodProcessor.resolveArgument(RequestResponseBodyMethodProcessor.java:128) ~[spring-webmvc-4.3.9.RELEASE.jar:4.3.9.RELEASE]
	at org.springframework.web.method.support.HandlerMethodArgumentResolverComposite.resolveArgument(HandlerMethodArgumentResolverComposite.java:121) ~[spring-web-4.3.9.RELEASE.jar:4.3.9.RELEASE]
	at org.springframework.web.method.support.InvocableHandlerMethod.getMethodArgumentValues(InvocableHandlerMethod.java:158) ~[spring-web-4.3.9.RELEASE.jar:4.3.9.RELEASE]
	at org.springframework.web.method.support.InvocableHandlerMethod.invokeForRequest(InvocableHandlerMethod.java:128) ~[spring-web-4.3.9.RELEASE.jar:4.3.9.RELEASE]
	at org.springframework.web.servlet.mvc.method.annotation.ServletInvocableHandlerMethod.invokeAndHandle(ServletInvocableHandlerMethod.java:97) ~[spring-webmvc-4.3.9.RELEASE.jar:4.3.9.RELEASE]
	at org.springframework.web.servlet.mvc.method.annotation.RequestMappingHandlerAdapter.invokeHandlerMethod(RequestMappingHandlerAdapter.java:827) ~[spring-webmvc-4.3.9.RELEASE.jar:4.3.9.RELEASE]
	at org.springframework.web.servlet.mvc.method.annotation.RequestMappingHandlerAdapter.handleInternal(RequestMappingHandlerAdapter.java:738) ~[spring-webmvc-4.3.9.RELEASE.jar:4.3.9.RELEASE]
	at org.springframework.web.servlet.mvc.method.AbstractHandlerMethodAdapter.handle(AbstractHandlerMethodAdapter.java:85) ~[spring-webmvc-4.3.9.RELEASE.jar:4.3.9.RELEASE]
	at org.springframework.web.servlet.DispatcherServlet.doDispatch(DispatcherServlet.java:967) [spring-webmvc-4.3.9.RELEASE.jar:4.3.9.RELEASE]
	at org.springframework.web.servlet.DispatcherServlet.doService(DispatcherServlet.java:901) [spring-webmvc-4.3.9.RELEASE.jar:4.3.9.RELEASE]
	at org.springframework.web.servlet.FrameworkServlet.processRequest(FrameworkServlet.java:970) [spring-webmvc-4.3.9.RELEASE.jar:4.3.9.RELEASE]
	at org.springframework.web.servlet.FrameworkServlet.doGet(FrameworkServlet.java:861) [spring-webmvc-4.3.9.RELEASE.jar:4.3.9.RELEASE]
	at javax.servlet.http.HttpServlet.service(HttpServlet.java:635) [tomcat-embed-core-8.5.15.jar:8.5.15]
	at org.springframework.web.servlet.FrameworkServlet.service(FrameworkServlet.java:846) [spring-webmvc-4.3.9.RELEASE.jar:4.3.9.RELEASE]
	at javax.servlet.http.HttpServlet.service(HttpServlet.java:742) [tomcat-embed-core-8.5.15.jar:8.5.15]
	at org.apache.catalina.core.ApplicationFilterChain.internalDoFilter(ApplicationFilterChain.java:231) [tomcat-embed-core-8.5.15.jar:8.5.15]
	at org.apache.catalina.core.ApplicationFilterChain.doFilter(ApplicationFilterChain.java:166) [tomcat-embed-core-8.5.15.jar:8.5.15]
	at org.apache.tomcat.websocket.server.WsFilter.doFilter(WsFilter.java:52) [tomcat-embed-websocket-8.5.15.jar:8.5.15]
	at org.apache.catalina.core.ApplicationFilterChain.internalDoFilter(ApplicationFilterChain.java:193) [tomcat-embed-core-8.5.15.jar:8.5.15]
	at org.apache.catalina.core.ApplicationFilterChain.doFilter(ApplicationFilterChain.java:166) [tomcat-embed-core-8.5.15.jar:8.5.15]
	at org.apache.shiro.web.servlet.OncePerRequestFilter.doFilter(OncePerRequestFilter.java:112) [shiro-web-1.3.2.jar:1.3.2]
	at org.apache.catalina.core.ApplicationFilterChain.internalDoFilter(ApplicationFilterChain.java:193) [tomcat-embed-core-8.5.15.jar:8.5.15]
	at org.apache.catalina.core.ApplicationFilterChain.doFilter(ApplicationFilterChain.java:166) [tomcat-embed-core-8.5.15.jar:8.5.15]
	at org.apache.shiro.web.servlet.ProxiedFilterChain.doFilter(ProxiedFilterChain.java:61) [shiro-web-1.3.2.jar:1.3.2]
	at org.apache.shiro.web.servlet.AdviceFilter.executeChain(AdviceFilter.java:108) [shiro-web-1.3.2.jar:1.3.2]
	at org.apache.shiro.web.servlet.AdviceFilter.doFilterInternal(AdviceFilter.java:137) [shiro-web-1.3.2.jar:1.3.2]
	at org.apache.shiro.web.servlet.OncePerRequestFilter.doFilter(OncePerRequestFilter.java:125) [shiro-web-1.3.2.jar:1.3.2]
	at org.apache.shiro.web.servlet.ProxiedFilterChain.doFilter(ProxiedFilterChain.java:66) [shiro-web-1.3.2.jar:1.3.2]
	at org.apache.shiro.web.servlet.AbstractShiroFilter.executeChain(AbstractShiroFilter.java:449) [shiro-web-1.3.2.jar:1.3.2]
	at org.apache.shiro.web.servlet.AbstractShiroFilter$1.call(AbstractShiroFilter.java:365) [shiro-web-1.3.2.jar:1.3.2]
	at org.apache.shiro.subject.support.SubjectCallable.doCall(SubjectCallable.java:90) [shiro-core-1.3.2.jar:1.3.2]
	at org.apache.shiro.subject.support.SubjectCallable.call(SubjectCallable.java:83) [shiro-core-1.3.2.jar:1.3.2]
	at org.apache.shiro.subject.support.DelegatingSubject.execute(DelegatingSubject.java:383) [shiro-core-1.3.2.jar:1.3.2]
	at org.apache.shiro.web.servlet.AbstractShiroFilter.doFilterInternal(AbstractShiroFilter.java:362) [shiro-web-1.3.2.jar:1.3.2]
	at org.apache.shiro.web.servlet.OncePerRequestFilter.doFilter(OncePerRequestFilter.java:125) [shiro-web-1.3.2.jar:1.3.2]
	at org.springframework.web.filter.DelegatingFilterProxy.invokeDelegate(DelegatingFilterProxy.java:346) [spring-web-4.3.9.RELEASE.jar:4.3.9.RELEASE]
	at org.springframework.web.filter.DelegatingFilterProxy.doFilter(DelegatingFilterProxy.java:262) [spring-web-4.3.9.RELEASE.jar:4.3.9.RELEASE]
	at org.apache.catalina.core.ApplicationFilterChain.internalDoFilter(ApplicationFilterChain.java:193) [tomcat-embed-core-8.5.15.jar:8.5.15]
	at org.apache.catalina.core.ApplicationFilterChain.doFilter(ApplicationFilterChain.java:166) [tomcat-embed-core-8.5.15.jar:8.5.15]
	at org.springframework.web.filter.RequestContextFilter.doFilterInternal(RequestContextFilter.java:99) [spring-web-4.3.9.RELEASE.jar:4.3.9.RELEASE]
	at org.springframework.web.filter.OncePerRequestFilter.doFilter(OncePerRequestFilter.java:107) [spring-web-4.3.9.RELEASE.jar:4.3.9.RELEASE]
	at org.apache.catalina.core.ApplicationFilterChain.internalDoFilter(ApplicationFilterChain.java:193) [tomcat-embed-core-8.5.15.jar:8.5.15]
	at org.apache.catalina.core.ApplicationFilterChain.doFilter(ApplicationFilterChain.java:166) [tomcat-embed-core-8.5.15.jar:8.5.15]
	at org.springframework.web.filter.HttpPutFormContentFilter.doFilterInternal(HttpPutFormContentFilter.java:105) [spring-web-4.3.9.RELEASE.jar:4.3.9.RELEASE]
	at org.springframework.web.filter.OncePerRequestFilter.doFilter(OncePerRequestFilter.java:107) [spring-web-4.3.9.RELEASE.jar:4.3.9.RELEASE]
	at org.apache.catalina.core.ApplicationFilterChain.internalDoFilter(ApplicationFilterChain.java:193) [tomcat-embed-core-8.5.15.jar:8.5.15]
	at org.apache.catalina.core.ApplicationFilterChain.doFilter(ApplicationFilterChain.java:166) [tomcat-embed-core-8.5.15.jar:8.5.15]
	at org.springframework.web.filter.HiddenHttpMethodFilter.doFilterInternal(HiddenHttpMethodFilter.java:81) [spring-web-4.3.9.RELEASE.jar:4.3.9.RELEASE]
	at org.springframework.web.filter.OncePerRequestFilter.doFilter(OncePerRequestFilter.java:107) [spring-web-4.3.9.RELEASE.jar:4.3.9.RELEASE]
	at org.apache.catalina.core.ApplicationFilterChain.internalDoFilter(ApplicationFilterChain.java:193) [tomcat-embed-core-8.5.15.jar:8.5.15]
	at org.apache.catalina.core.ApplicationFilterChain.doFilter(ApplicationFilterChain.java:166) [tomcat-embed-core-8.5.15.jar:8.5.15]
	at org.springframework.web.filter.CharacterEncodingFilter.doFilterInternal(CharacterEncodingFilter.java:197) [spring-web-4.3.9.RELEASE.jar:4.3.9.RELEASE]
	at org.springframework.web.filter.OncePerRequestFilter.doFilter(OncePerRequestFilter.java:107) [spring-web-4.3.9.RELEASE.jar:4.3.9.RELEASE]
	at org.apache.catalina.core.ApplicationFilterChain.internalDoFilter(ApplicationFilterChain.java:193) [tomcat-embed-core-8.5.15.jar:8.5.15]
	at org.apache.catalina.core.ApplicationFilterChain.doFilter(ApplicationFilterChain.java:166) [tomcat-embed-core-8.5.15.jar:8.5.15]
	at org.apache.catalina.core.StandardWrapperValve.invoke(StandardWrapperValve.java:198) [tomcat-embed-core-8.5.15.jar:8.5.15]
	at org.apache.catalina.core.StandardContextValve.invoke(StandardContextValve.java:96) [tomcat-embed-core-8.5.15.jar:8.5.15]
	at org.apache.catalina.authenticator.AuthenticatorBase.invoke(AuthenticatorBase.java:478) [tomcat-embed-core-8.5.15.jar:8.5.15]
	at org.apache.catalina.core.StandardHostValve.invoke(StandardHostValve.java:140) [tomcat-embed-core-8.5.15.jar:8.5.15]
	at org.apache.catalina.valves.ErrorReportValve.invoke(ErrorReportValve.java:80) [tomcat-embed-core-8.5.15.jar:8.5.15]
	at org.apache.catalina.core.StandardEngineValve.invoke(StandardEngineValve.java:87) [tomcat-embed-core-8.5.15.jar:8.5.15]
	at org.apache.catalina.connector.CoyoteAdapter.service(CoyoteAdapter.java:342) [tomcat-embed-core-8.5.15.jar:8.5.15]
	at org.apache.coyote.http11.Http11Processor.service(Http11Processor.java:799) [tomcat-embed-core-8.5.15.jar:8.5.15]
	at org.apache.coyote.AbstractProcessorLight.process(AbstractProcessorLight.java:66) [tomcat-embed-core-8.5.15.jar:8.5.15]
	at org.apache.coyote.AbstractProtocol$ConnectionHandler.process(AbstractProtocol.java:861) [tomcat-embed-core-8.5.15.jar:8.5.15]
	at org.apache.tomcat.util.net.NioEndpoint$SocketProcessor.doRun(NioEndpoint.java:1455) [tomcat-embed-core-8.5.15.jar:8.5.15]
	at org.apache.tomcat.util.net.SocketProcessorBase.run(SocketProcessorBase.java:49) [tomcat-embed-core-8.5.15.jar:8.5.15]
	at java.util.concurrent.ThreadPoolExecutor.runWorker(ThreadPoolExecutor.java:1142) [?:1.8.0_121]
	at java.util.concurrent.ThreadPoolExecutor$Worker.run(ThreadPoolExecutor.java:617) [?:1.8.0_121]
	at org.apache.tomcat.util.threads.TaskThread$WrappingRunnable.run(TaskThread.java:61) [tomcat-embed-core-8.5.15.jar:8.5.15]
	at java.lang.Thread.run(Thread.java:745) [?:1.8.0_121]
