[2018-05-18 11:01:19,170] [ERROR] [ContextLog.java:60] [admin.common.aspect.ContextLog.error] [http-nio-8081-exec-30]: 请求唯一标识->null-1 异常描述->{msg=系统繁忙,请稍后再试, code=500} 
org.springframework.http.converter.HttpMessageNotReadableException: JSON parse error: Can not deserialize value of type long from String "string": not a valid Long value; nested exception is com.fasterxml.jackson.databind.exc.InvalidFormatException: Can not deserialize value of type long from String "string": not a valid Long value
 at [Source: java.io.PushbackInputStream@43911a3d; line: 6, column: 13] (through reference chain: admin.modules.testcase.entity.TestCaseEntity["paramterEntity"]->java.util.ArrayList[0]->admin.modules.testcase.entity.ParamterEntity["id"])
	at org.springframework.http.converter.json.AbstractJackson2HttpMessageConverter.readJavaType(AbstractJackson2HttpMessageConverter.java:244) ~[spring-web-4.3.9.RELEASE.jar:4.3.9.RELEASE]
	at org.springframework.http.converter.json.AbstractJackson2HttpMessageConverter.read(AbstractJackson2HttpMessageConverter.java:229) ~[spring-web-4.3.9.RELEASE.jar:4.3.9.RELEASE]
	at org.springframework.web.servlet.mvc.method.annotation.AbstractMessageConverterMethodArgumentResolver.readWithMessageConverters(AbstractMessageConverterMethodArgumentResolver.java:201) ~[spring-webmvc-4.3.9.RELEASE.jar:4.3.9.RELEASE]
	at org.springframework.web.servlet.mvc.method.annotation.RequestResponseBodyMethodProcessor.readWithMessageConverters(RequestResponseBodyMethodProcessor.java:150) ~[spring-webmvc-4.3.9.RELEASE.jar:4.3.9.RELEASE]
	at org.springframework.web.servlet.mvc.method.annotation.RequestResponseBodyMethodProcessor.resolveArgument(RequestResponseBodyMethodProcessor.java:128) ~[spring-webmvc-4.3.9.RELEASE.jar:4.3.9.RELEASE]
	at org.springframework.web.method.support.HandlerMethodArgumentResolverComposite.resolveArgument(HandlerMethodArgumentResolverComposite.java:121) ~[spring-web-4.3.9.RELEASE.jar:4.3.9.RELEASE]
	at org.springframework.web.method.support.InvocableHandlerMethod.getMethodArgumentValues(InvocableHandlerMethod.java:158) ~[spring-web-4.3.9.RELEASE.jar:4.3.9.RELEASE]
	at org.springframework.web.method.support.InvocableHandlerMethod.invokeForRequest(InvocableHandlerMethod.java:128) ~[spring-web-4.3.9.RELEASE.jar:4.3.9.RELEASE]
	at org.springframework.web.servlet.mvc.method.annotation.ServletInvocableHandlerMethod.invokeAndHandle(ServletInvocableHandlerMethod.java:97) ~[spring-webmvc-4.3.9.RELEASE.jar:4.3.9.RELEASE]
	at org.springframework.web.servlet.mvc.method.annotation.RequestMappingHandlerAdapter.invokeHandlerMethod(RequestMappingHandlerAdapter.java:827) ~[spring-webmvc-4.3.9.RELEASE.jar:4.3.9.RELEASE]
	at org.springframework.web.servlet.mvc.method.annotation.RequestMappingHandlerAdapter.handleInternal(RequestMappingHandlerAdapter.java:738) ~[spring-webmvc-4.3.9.RELEASE.jar:4.3.9.RELEASE]
	at org.springframework.web.servlet.mvc.method.AbstractHandlerMethodAdapter.handle(AbstractHandlerMethodAdapter.java:85) ~[spring-webmvc-4.3.9.RELEASE.jar:4.3.9.RELEASE]
	at org.springframework.web.servlet.DispatcherServlet.doDispatch(DispatcherServlet.java:967) [spring-webmvc-4.3.9.RELEASE.jar:4.3.9.RELEASE]
	at org.springframework.web.servlet.DispatcherServlet.doService(DispatcherServlet.java:901) [spring-webmvc-4.3.9.RELEASE.jar:4.3.9.RELEASE]
	at org.springframework.web.servlet.FrameworkServlet.processRequest(FrameworkServlet.java:970) [spring-webmvc-4.3.9.RELEASE.jar:4.3.9.RELEASE]
	at org.springframework.web.servlet.FrameworkServlet.doPost(FrameworkServlet.java:872) [spring-webmvc-4.3.9.RELEASE.jar:4.3.9.RELEASE]
	at javax.servlet.http.HttpServlet.service(HttpServlet.java:661) [tomcat-embed-core-8.5.15.jar:8.5.15]
	at org.springframework.web.servlet.FrameworkServlet.service(FrameworkServlet.java:846) [spring-webmvc-4.3.9.RELEASE.jar:4.3.9.RELEASE]
	at javax.servlet.http.HttpServlet.service(HttpServlet.java:742) [tomcat-embed-core-8.5.15.jar:8.5.15]
	at org.apache.catalina.core.ApplicationFilterChain.internalDoFilter(ApplicationFilterChain.java:231) [tomcat-embed-core-8.5.15.jar:8.5.15]
	at org.apache.catalina.core.ApplicationFilterChain.doFilter(ApplicationFilterChain.java:166) [tomcat-embed-core-8.5.15.jar:8.5.15]
	at org.apache.tomcat.websocket.server.WsFilter.doFilter(WsFilter.java:52) [tomcat-embed-websocket-8.5.15.jar:8.5.15]
	at org.apache.catalina.core.ApplicationFilterChain.internalDoFilter(ApplicationFilterChain.java:193) [tomcat-embed-core-8.5.15.jar:8.5.15]
	at org.apache.catalina.core.ApplicationFilterChain.doFilter(ApplicationFilterChain.java:166) [tomcat-embed-core-8.5.15.jar:8.5.15]
	at org.apache.shiro.web.servlet.ProxiedFilterChain.doFilter(ProxiedFilterChain.java:61) [shiro-web-1.3.2.jar:1.3.2]
	at org.apache.shiro.web.servlet.AdviceFilter.executeChain(AdviceFilter.java:108) [shiro-web-1.3.2.jar:1.3.2]
	at org.apache.shiro.web.servlet.AdviceFilter.doFilterInternal(AdviceFilter.java:137) [shiro-web-1.3.2.jar:1.3.2]
	at org.apache.shiro.web.servlet.OncePerRequestFilter.doFilter(OncePerRequestFilter.java:125) [shiro-web-1.3.2.jar:1.3.2]
	at org.apache.shiro.web.servlet.ProxiedFilterChain.doFilter(ProxiedFilterChain.java:66) [shiro-web-1.3.2.jar:1.3.2]
	at org.apache.shiro.web.servlet.AbstractShiroFilter.executeChain(AbstractShiroFilter.java:449) [shiro-web-1.3.2.jar:1.3.2]
	at org.apache.shiro.web.servlet.AbstractShiroFilter$1.call(AbstractShiroFilter.java:365) [shiro-web-1.3.2.jar:1.3.2]
	at org.apache.shiro.subject.support.SubjectCallable.doCall(SubjectCallable.java:90) [shiro-core-1.3.2.jar:1.3.2]
	at org.apache.shiro.subject.support.SubjectCallable.call(SubjectCallable.java:83) [shiro-core-1.3.2.jar:1.3.2]
	at org.apache.shiro.subject.support.DelegatingSubject.execute(DelegatingSubject.java:383) [shiro-core-1.3.2.jar:1.3.2]
	at org.apache.shiro.web.servlet.AbstractShiroFilter.doFilterInternal(AbstractShiroFilter.java:362) [shiro-web-1.3.2.jar:1.3.2]
	at org.apache.shiro.web.servlet.OncePerRequestFilter.doFilter(OncePerRequestFilter.java:125) [shiro-web-1.3.2.jar:1.3.2]
	at org.apache.catalina.core.ApplicationFilterChain.internalDoFilter(ApplicationFilterChain.java:193) [tomcat-embed-core-8.5.15.jar:8.5.15]
	at org.apache.catalina.core.ApplicationFilterChain.doFilter(ApplicationFilterChain.java:166) [tomcat-embed-core-8.5.15.jar:8.5.15]
	at org.springframework.web.filter.RequestContextFilter.doFilterInternal(RequestContextFilter.java:99) [spring-web-4.3.9.RELEASE.jar:4.3.9.RELEASE]
	at org.springframework.web.filter.OncePerRequestFilter.doFilter(OncePerRequestFilter.java:107) [spring-web-4.3.9.RELEASE.jar:4.3.9.RELEASE]
	at org.apache.catalina.core.ApplicationFilterChain.internalDoFilter(ApplicationFilterChain.java:193) [tomcat-embed-core-8.5.15.jar:8.5.15]
	at org.apache.catalina.core.ApplicationFilterChain.doFilter(ApplicationFilterChain.java:166) [tomcat-embed-core-8.5.15.jar:8.5.15]
	at org.springframework.web.filter.HttpPutFormContentFilter.doFilterInternal(HttpPutFormContentFilter.java:105) [spring-web-4.3.9.RELEASE.jar:4.3.9.RELEASE]
	at org.springframework.web.filter.OncePerRequestFilter.doFilter(OncePerRequestFilter.java:107) [spring-web-4.3.9.RELEASE.jar:4.3.9.RELEASE]
	at org.apache.catalina.core.ApplicationFilterChain.internalDoFilter(ApplicationFilterChain.java:193) [tomcat-embed-core-8.5.15.jar:8.5.15]
	at org.apache.catalina.core.ApplicationFilterChain.doFilter(ApplicationFilterChain.java:166) [tomcat-embed-core-8.5.15.jar:8.5.15]
	at org.springframework.web.filter.HiddenHttpMethodFilter.doFilterInternal(HiddenHttpMethodFilter.java:81) [spring-web-4.3.9.RELEASE.jar:4.3.9.RELEASE]
	at org.springframework.web.filter.OncePerRequestFilter.doFilter(OncePerRequestFilter.java:107) [spring-web-4.3.9.RELEASE.jar:4.3.9.RELEASE]
	at org.apache.catalina.core.ApplicationFilterChain.internalDoFilter(ApplicationFilterChain.java:193) [tomcat-embed-core-8.5.15.jar:8.5.15]
	at org.apache.catalina.core.ApplicationFilterChain.doFilter(ApplicationFilterChain.java:166) [tomcat-embed-core-8.5.15.jar:8.5.15]
	at org.springframework.web.filter.CharacterEncodingFilter.doFilterInternal(CharacterEncodingFilter.java:197) [spring-web-4.3.9.RELEASE.jar:4.3.9.RELEASE]
	at org.springframework.web.filter.OncePerRequestFilter.doFilter(OncePerRequestFilter.java:107) [spring-web-4.3.9.RELEASE.jar:4.3.9.RELEASE]
	at org.apache.catalina.core.ApplicationFilterChain.internalDoFilter(ApplicationFilterChain.java:193) [tomcat-embed-core-8.5.15.jar:8.5.15]
	at org.apache.catalina.core.ApplicationFilterChain.doFilter(ApplicationFilterChain.java:166) [tomcat-embed-core-8.5.15.jar:8.5.15]
	at org.apache.catalina.core.StandardWrapperValve.invoke(StandardWrapperValve.java:198) [tomcat-embed-core-8.5.15.jar:8.5.15]
	at org.apache.catalina.core.StandardContextValve.invoke(StandardContextValve.java:96) [tomcat-embed-core-8.5.15.jar:8.5.15]
	at org.apache.catalina.authenticator.AuthenticatorBase.invoke(AuthenticatorBase.java:478) [tomcat-embed-core-8.5.15.jar:8.5.15]
	at org.apache.catalina.core.StandardHostValve.invoke(StandardHostValve.java:140) [tomcat-embed-core-8.5.15.jar:8.5.15]
	at org.apache.catalina.valves.ErrorReportValve.invoke(ErrorReportValve.java:80) [tomcat-embed-core-8.5.15.jar:8.5.15]
	at org.apache.catalina.core.StandardEngineValve.invoke(StandardEngineValve.java:87) [tomcat-embed-core-8.5.15.jar:8.5.15]
	at org.apache.catalina.connector.CoyoteAdapter.service(CoyoteAdapter.java:342) [tomcat-embed-core-8.5.15.jar:8.5.15]
	at org.apache.coyote.http11.Http11Processor.service(Http11Processor.java:799) [tomcat-embed-core-8.5.15.jar:8.5.15]
	at org.apache.coyote.AbstractProcessorLight.process(AbstractProcessorLight.java:66) [tomcat-embed-core-8.5.15.jar:8.5.15]
	at org.apache.coyote.AbstractProtocol$ConnectionHandler.process(AbstractProtocol.java:861) [tomcat-embed-core-8.5.15.jar:8.5.15]
	at org.apache.tomcat.util.net.NioEndpoint$SocketProcessor.doRun(NioEndpoint.java:1455) [tomcat-embed-core-8.5.15.jar:8.5.15]
	at org.apache.tomcat.util.net.SocketProcessorBase.run(SocketProcessorBase.java:49) [tomcat-embed-core-8.5.15.jar:8.5.15]
	at java.util.concurrent.ThreadPoolExecutor.runWorker(ThreadPoolExecutor.java:1142) [?:1.8.0_121]
	at java.util.concurrent.ThreadPoolExecutor$Worker.run(ThreadPoolExecutor.java:617) [?:1.8.0_121]
	at org.apache.tomcat.util.threads.TaskThread$WrappingRunnable.run(TaskThread.java:61) [tomcat-embed-core-8.5.15.jar:8.5.15]
	at java.lang.Thread.run(Thread.java:745) [?:1.8.0_121]
Caused by: com.fasterxml.jackson.databind.exc.InvalidFormatException: Can not deserialize value of type long from String "string": not a valid Long value
 at [Source: java.io.PushbackInputStream@43911a3d; line: 6, column: 13] (through reference chain: admin.modules.testcase.entity.TestCaseEntity["paramterEntity"]->java.util.ArrayList[0]->admin.modules.testcase.entity.ParamterEntity["id"])
	at com.fasterxml.jackson.databind.exc.InvalidFormatException.from(InvalidFormatException.java:74) ~[jackson-databind-2.8.8.jar:2.8.8]
	at com.fasterxml.jackson.databind.DeserializationContext.weirdStringException(DeserializationContext.java:1410) ~[jackson-databind-2.8.8.jar:2.8.8]
	at com.fasterxml.jackson.databind.DeserializationContext.handleWeirdStringValue(DeserializationContext.java:926) ~[jackson-databind-2.8.8.jar:2.8.8]
	at com.fasterxml.jackson.databind.deser.std.StdDeserializer._parseLong(StdDeserializer.java:496) ~[jackson-databind-2.8.8.jar:2.8.8]
	at com.fasterxml.jackson.databind.deser.std.NumberDeserializers$LongDeserializer.deserialize(NumberDeserializers.java:339) ~[jackson-databind-2.8.8.jar:2.8.8]
	at com.fasterxml.jackson.databind.deser.std.NumberDeserializers$LongDeserializer.deserialize(NumberDeserializers.java:317) ~[jackson-databind-2.8.8.jar:2.8.8]
	at com.fasterxml.jackson.databind.deser.SettableBeanProperty.deserialize(SettableBeanProperty.java:504) ~[jackson-databind-2.8.8.jar:2.8.8]
	at com.fasterxml.jackson.databind.deser.impl.MethodProperty.deserializeAndSet(MethodProperty.java:104) ~[jackson-databind-2.8.8.jar:2.8.8]
	at com.fasterxml.jackson.databind.deser.BeanDeserializer.deserializeFromObject(BeanDeserializer.java:357) ~[jackson-databind-2.8.8.jar:2.8.8]
	at com.fasterxml.jackson.databind.deser.BeanDeserializer.deserialize(BeanDeserializer.java:148) ~[jackson-databind-2.8.8.jar:2.8.8]
	at com.fasterxml.jackson.databind.deser.std.CollectionDeserializer.deserialize(CollectionDeserializer.java:287) ~[jackson-databind-2.8.8.jar:2.8.8]
	at com.fasterxml.jackson.databind.deser.std.CollectionDeserializer.deserialize(CollectionDeserializer.java:259) ~[jackson-databind-2.8.8.jar:2.8.8]
	at com.fasterxml.jackson.databind.deser.std.CollectionDeserializer.deserialize(CollectionDeserializer.java:26) ~[jackson-databind-2.8.8.jar:2.8.8]
	at com.fasterxml.jackson.databind.deser.SettableBeanProperty.deserialize(SettableBeanProperty.java:504) ~[jackson-databind-2.8.8.jar:2.8.8]
	at com.fasterxml.jackson.databind.deser.impl.MethodProperty.deserializeAndSet(MethodProperty.java:104) ~[jackson-databind-2.8.8.jar:2.8.8]
	at com.fasterxml.jackson.databind.deser.BeanDeserializer.deserializeFromObject(BeanDeserializer.java:357) ~[jackson-databind-2.8.8.jar:2.8.8]
	at com.fasterxml.jackson.databind.deser.BeanDeserializer.deserialize(BeanDeserializer.java:148) ~[jackson-databind-2.8.8.jar:2.8.8]
	at com.fasterxml.jackson.databind.ObjectMapper._readMapAndClose(ObjectMapper.java:3798) ~[jackson-databind-2.8.8.jar:2.8.8]
	at com.fasterxml.jackson.databind.ObjectMapper.readValue(ObjectMapper.java:2922) ~[jackson-databind-2.8.8.jar:2.8.8]
	at org.springframework.http.converter.json.AbstractJackson2HttpMessageConverter.readJavaType(AbstractJackson2HttpMessageConverter.java:241) ~[spring-web-4.3.9.RELEASE.jar:4.3.9.RELEASE]
	... 69 more
[2018-05-18 11:01:30,904] [ERROR] [ContextLog.java:60] [admin.common.aspect.ContextLog.error] [http-nio-8081-exec-29]: 请求唯一标识->null-1 异常描述->{msg=系统繁忙,请稍后再试, code=500} 
org.springframework.http.converter.HttpMessageNotReadableException: JSON parse error: Can not deserialize value of type long from String "string": not a valid Long value; nested exception is com.fasterxml.jackson.databind.exc.InvalidFormatException: Can not deserialize value of type long from String "string": not a valid Long value
 at [Source: java.io.PushbackInputStream@10f352d; line: 6, column: 13] (through reference chain: admin.modules.testcase.entity.TestCaseEntity["paramterEntity"]->java.util.ArrayList[0]->admin.modules.testcase.entity.ParamterEntity["id"])
	at org.springframework.http.converter.json.AbstractJackson2HttpMessageConverter.readJavaType(AbstractJackson2HttpMessageConverter.java:244) ~[spring-web-4.3.9.RELEASE.jar:4.3.9.RELEASE]
	at org.springframework.http.converter.json.AbstractJackson2HttpMessageConverter.read(AbstractJackson2HttpMessageConverter.java:229) ~[spring-web-4.3.9.RELEASE.jar:4.3.9.RELEASE]
	at org.springframework.web.servlet.mvc.method.annotation.AbstractMessageConverterMethodArgumentResolver.readWithMessageConverters(AbstractMessageConverterMethodArgumentResolver.java:201) ~[spring-webmvc-4.3.9.RELEASE.jar:4.3.9.RELEASE]
	at org.springframework.web.servlet.mvc.method.annotation.RequestResponseBodyMethodProcessor.readWithMessageConverters(RequestResponseBodyMethodProcessor.java:150) ~[spring-webmvc-4.3.9.RELEASE.jar:4.3.9.RELEASE]
	at org.springframework.web.servlet.mvc.method.annotation.RequestResponseBodyMethodProcessor.resolveArgument(RequestResponseBodyMethodProcessor.java:128) ~[spring-webmvc-4.3.9.RELEASE.jar:4.3.9.RELEASE]
	at org.springframework.web.method.support.HandlerMethodArgumentResolverComposite.resolveArgument(HandlerMethodArgumentResolverComposite.java:121) ~[spring-web-4.3.9.RELEASE.jar:4.3.9.RELEASE]
	at org.springframework.web.method.support.InvocableHandlerMethod.getMethodArgumentValues(InvocableHandlerMethod.java:158) ~[spring-web-4.3.9.RELEASE.jar:4.3.9.RELEASE]
	at org.springframework.web.method.support.InvocableHandlerMethod.invokeForRequest(InvocableHandlerMethod.java:128) ~[spring-web-4.3.9.RELEASE.jar:4.3.9.RELEASE]
	at org.springframework.web.servlet.mvc.method.annotation.ServletInvocableHandlerMethod.invokeAndHandle(ServletInvocableHandlerMethod.java:97) ~[spring-webmvc-4.3.9.RELEASE.jar:4.3.9.RELEASE]
	at org.springframework.web.servlet.mvc.method.annotation.RequestMappingHandlerAdapter.invokeHandlerMethod(RequestMappingHandlerAdapter.java:827) ~[spring-webmvc-4.3.9.RELEASE.jar:4.3.9.RELEASE]
	at org.springframework.web.servlet.mvc.method.annotation.RequestMappingHandlerAdapter.handleInternal(RequestMappingHandlerAdapter.java:738) ~[spring-webmvc-4.3.9.RELEASE.jar:4.3.9.RELEASE]
	at org.springframework.web.servlet.mvc.method.AbstractHandlerMethodAdapter.handle(AbstractHandlerMethodAdapter.java:85) ~[spring-webmvc-4.3.9.RELEASE.jar:4.3.9.RELEASE]
	at org.springframework.web.servlet.DispatcherServlet.doDispatch(DispatcherServlet.java:967) [spring-webmvc-4.3.9.RELEASE.jar:4.3.9.RELEASE]
	at org.springframework.web.servlet.DispatcherServlet.doService(DispatcherServlet.java:901) [spring-webmvc-4.3.9.RELEASE.jar:4.3.9.RELEASE]
	at org.springframework.web.servlet.FrameworkServlet.processRequest(FrameworkServlet.java:970) [spring-webmvc-4.3.9.RELEASE.jar:4.3.9.RELEASE]
	at org.springframework.web.servlet.FrameworkServlet.doPost(FrameworkServlet.java:872) [spring-webmvc-4.3.9.RELEASE.jar:4.3.9.RELEASE]
	at javax.servlet.http.HttpServlet.service(HttpServlet.java:661) [tomcat-embed-core-8.5.15.jar:8.5.15]
	at org.springframework.web.servlet.FrameworkServlet.service(FrameworkServlet.java:846) [spring-webmvc-4.3.9.RELEASE.jar:4.3.9.RELEASE]
	at javax.servlet.http.HttpServlet.service(HttpServlet.java:742) [tomcat-embed-core-8.5.15.jar:8.5.15]
	at org.apache.catalina.core.ApplicationFilterChain.internalDoFilter(ApplicationFilterChain.java:231) [tomcat-embed-core-8.5.15.jar:8.5.15]
	at org.apache.catalina.core.ApplicationFilterChain.doFilter(ApplicationFilterChain.java:166) [tomcat-embed-core-8.5.15.jar:8.5.15]
	at org.apache.tomcat.websocket.server.WsFilter.doFilter(WsFilter.java:52) [tomcat-embed-websocket-8.5.15.jar:8.5.15]
	at org.apache.catalina.core.ApplicationFilterChain.internalDoFilter(ApplicationFilterChain.java:193) [tomcat-embed-core-8.5.15.jar:8.5.15]
	at org.apache.catalina.core.ApplicationFilterChain.doFilter(ApplicationFilterChain.java:166) [tomcat-embed-core-8.5.15.jar:8.5.15]
	at org.apache.shiro.web.servlet.ProxiedFilterChain.doFilter(ProxiedFilterChain.java:61) [shiro-web-1.3.2.jar:1.3.2]
	at org.apache.shiro.web.servlet.AdviceFilter.executeChain(AdviceFilter.java:108) [shiro-web-1.3.2.jar:1.3.2]
	at org.apache.shiro.web.servlet.AdviceFilter.doFilterInternal(AdviceFilter.java:137) [shiro-web-1.3.2.jar:1.3.2]
	at org.apache.shiro.web.servlet.OncePerRequestFilter.doFilter(OncePerRequestFilter.java:125) [shiro-web-1.3.2.jar:1.3.2]
	at org.apache.shiro.web.servlet.ProxiedFilterChain.doFilter(ProxiedFilterChain.java:66) [shiro-web-1.3.2.jar:1.3.2]
	at org.apache.shiro.web.servlet.AbstractShiroFilter.executeChain(AbstractShiroFilter.java:449) [shiro-web-1.3.2.jar:1.3.2]
	at org.apache.shiro.web.servlet.AbstractShiroFilter$1.call(AbstractShiroFilter.java:365) [shiro-web-1.3.2.jar:1.3.2]
	at org.apache.shiro.subject.support.SubjectCallable.doCall(SubjectCallable.java:90) [shiro-core-1.3.2.jar:1.3.2]
	at org.apache.shiro.subject.support.SubjectCallable.call(SubjectCallable.java:83) [shiro-core-1.3.2.jar:1.3.2]
	at org.apache.shiro.subject.support.DelegatingSubject.execute(DelegatingSubject.java:383) [shiro-core-1.3.2.jar:1.3.2]
	at org.apache.shiro.web.servlet.AbstractShiroFilter.doFilterInternal(AbstractShiroFilter.java:362) [shiro-web-1.3.2.jar:1.3.2]
	at org.apache.shiro.web.servlet.OncePerRequestFilter.doFilter(OncePerRequestFilter.java:125) [shiro-web-1.3.2.jar:1.3.2]
	at org.apache.catalina.core.ApplicationFilterChain.internalDoFilter(ApplicationFilterChain.java:193) [tomcat-embed-core-8.5.15.jar:8.5.15]
	at org.apache.catalina.core.ApplicationFilterChain.doFilter(ApplicationFilterChain.java:166) [tomcat-embed-core-8.5.15.jar:8.5.15]
	at org.springframework.web.filter.RequestContextFilter.doFilterInternal(RequestContextFilter.java:99) [spring-web-4.3.9.RELEASE.jar:4.3.9.RELEASE]
	at org.springframework.web.filter.OncePerRequestFilter.doFilter(OncePerRequestFilter.java:107) [spring-web-4.3.9.RELEASE.jar:4.3.9.RELEASE]
	at org.apache.catalina.core.ApplicationFilterChain.internalDoFilter(ApplicationFilterChain.java:193) [tomcat-embed-core-8.5.15.jar:8.5.15]
	at org.apache.catalina.core.ApplicationFilterChain.doFilter(ApplicationFilterChain.java:166) [tomcat-embed-core-8.5.15.jar:8.5.15]
	at org.springframework.web.filter.HttpPutFormContentFilter.doFilterInternal(HttpPutFormContentFilter.java:105) [spring-web-4.3.9.RELEASE.jar:4.3.9.RELEASE]
	at org.springframework.web.filter.OncePerRequestFilter.doFilter(OncePerRequestFilter.java:107) [spring-web-4.3.9.RELEASE.jar:4.3.9.RELEASE]
	at org.apache.catalina.core.ApplicationFilterChain.internalDoFilter(ApplicationFilterChain.java:193) [tomcat-embed-core-8.5.15.jar:8.5.15]
	at org.apache.catalina.core.ApplicationFilterChain.doFilter(ApplicationFilterChain.java:166) [tomcat-embed-core-8.5.15.jar:8.5.15]
	at org.springframework.web.filter.HiddenHttpMethodFilter.doFilterInternal(HiddenHttpMethodFilter.java:81) [spring-web-4.3.9.RELEASE.jar:4.3.9.RELEASE]
	at org.springframework.web.filter.OncePerRequestFilter.doFilter(OncePerRequestFilter.java:107) [spring-web-4.3.9.RELEASE.jar:4.3.9.RELEASE]
	at org.apache.catalina.core.ApplicationFilterChain.internalDoFilter(ApplicationFilterChain.java:193) [tomcat-embed-core-8.5.15.jar:8.5.15]
	at org.apache.catalina.core.ApplicationFilterChain.doFilter(ApplicationFilterChain.java:166) [tomcat-embed-core-8.5.15.jar:8.5.15]
	at org.springframework.web.filter.CharacterEncodingFilter.doFilterInternal(CharacterEncodingFilter.java:197) [spring-web-4.3.9.RELEASE.jar:4.3.9.RELEASE]
	at org.springframework.web.filter.OncePerRequestFilter.doFilter(OncePerRequestFilter.java:107) [spring-web-4.3.9.RELEASE.jar:4.3.9.RELEASE]
	at org.apache.catalina.core.ApplicationFilterChain.internalDoFilter(ApplicationFilterChain.java:193) [tomcat-embed-core-8.5.15.jar:8.5.15]
	at org.apache.catalina.core.ApplicationFilterChain.doFilter(ApplicationFilterChain.java:166) [tomcat-embed-core-8.5.15.jar:8.5.15]
	at org.apache.catalina.core.StandardWrapperValve.invoke(StandardWrapperValve.java:198) [tomcat-embed-core-8.5.15.jar:8.5.15]
	at org.apache.catalina.core.StandardContextValve.invoke(StandardContextValve.java:96) [tomcat-embed-core-8.5.15.jar:8.5.15]
	at org.apache.catalina.authenticator.AuthenticatorBase.invoke(AuthenticatorBase.java:478) [tomcat-embed-core-8.5.15.jar:8.5.15]
	at org.apache.catalina.core.StandardHostValve.invoke(StandardHostValve.java:140) [tomcat-embed-core-8.5.15.jar:8.5.15]
	at org.apache.catalina.valves.ErrorReportValve.invoke(ErrorReportValve.java:80) [tomcat-embed-core-8.5.15.jar:8.5.15]
	at org.apache.catalina.core.StandardEngineValve.invoke(StandardEngineValve.java:87) [tomcat-embed-core-8.5.15.jar:8.5.15]
	at org.apache.catalina.connector.CoyoteAdapter.service(CoyoteAdapter.java:342) [tomcat-embed-core-8.5.15.jar:8.5.15]
	at org.apache.coyote.http11.Http11Processor.service(Http11Processor.java:799) [tomcat-embed-core-8.5.15.jar:8.5.15]
	at org.apache.coyote.AbstractProcessorLight.process(AbstractProcessorLight.java:66) [tomcat-embed-core-8.5.15.jar:8.5.15]
	at org.apache.coyote.AbstractProtocol$ConnectionHandler.process(AbstractProtocol.java:861) [tomcat-embed-core-8.5.15.jar:8.5.15]
	at org.apache.tomcat.util.net.NioEndpoint$SocketProcessor.doRun(NioEndpoint.java:1455) [tomcat-embed-core-8.5.15.jar:8.5.15]
	at org.apache.tomcat.util.net.SocketProcessorBase.run(SocketProcessorBase.java:49) [tomcat-embed-core-8.5.15.jar:8.5.15]
	at java.util.concurrent.ThreadPoolExecutor.runWorker(ThreadPoolExecutor.java:1142) [?:1.8.0_121]
	at java.util.concurrent.ThreadPoolExecutor$Worker.run(ThreadPoolExecutor.java:617) [?:1.8.0_121]
	at org.apache.tomcat.util.threads.TaskThread$WrappingRunnable.run(TaskThread.java:61) [tomcat-embed-core-8.5.15.jar:8.5.15]
	at java.lang.Thread.run(Thread.java:745) [?:1.8.0_121]
Caused by: com.fasterxml.jackson.databind.exc.InvalidFormatException: Can not deserialize value of type long from String "string": not a valid Long value
 at [Source: java.io.PushbackInputStream@10f352d; line: 6, column: 13] (through reference chain: admin.modules.testcase.entity.TestCaseEntity["paramterEntity"]->java.util.ArrayList[0]->admin.modules.testcase.entity.ParamterEntity["id"])
	at com.fasterxml.jackson.databind.exc.InvalidFormatException.from(InvalidFormatException.java:74) ~[jackson-databind-2.8.8.jar:2.8.8]
	at com.fasterxml.jackson.databind.DeserializationContext.weirdStringException(DeserializationContext.java:1410) ~[jackson-databind-2.8.8.jar:2.8.8]
	at com.fasterxml.jackson.databind.DeserializationContext.handleWeirdStringValue(DeserializationContext.java:926) ~[jackson-databind-2.8.8.jar:2.8.8]
	at com.fasterxml.jackson.databind.deser.std.StdDeserializer._parseLong(StdDeserializer.java:496) ~[jackson-databind-2.8.8.jar:2.8.8]
	at com.fasterxml.jackson.databind.deser.std.NumberDeserializers$LongDeserializer.deserialize(NumberDeserializers.java:339) ~[jackson-databind-2.8.8.jar:2.8.8]
	at com.fasterxml.jackson.databind.deser.std.NumberDeserializers$LongDeserializer.deserialize(NumberDeserializers.java:317) ~[jackson-databind-2.8.8.jar:2.8.8]
	at com.fasterxml.jackson.databind.deser.SettableBeanProperty.deserialize(SettableBeanProperty.java:504) ~[jackson-databind-2.8.8.jar:2.8.8]
	at com.fasterxml.jackson.databind.deser.impl.MethodProperty.deserializeAndSet(MethodProperty.java:104) ~[jackson-databind-2.8.8.jar:2.8.8]
	at com.fasterxml.jackson.databind.deser.BeanDeserializer.deserializeFromObject(BeanDeserializer.java:357) ~[jackson-databind-2.8.8.jar:2.8.8]
	at com.fasterxml.jackson.databind.deser.BeanDeserializer.deserialize(BeanDeserializer.java:148) ~[jackson-databind-2.8.8.jar:2.8.8]
	at com.fasterxml.jackson.databind.deser.std.CollectionDeserializer.deserialize(CollectionDeserializer.java:287) ~[jackson-databind-2.8.8.jar:2.8.8]
	at com.fasterxml.jackson.databind.deser.std.CollectionDeserializer.deserialize(CollectionDeserializer.java:259) ~[jackson-databind-2.8.8.jar:2.8.8]
	at com.fasterxml.jackson.databind.deser.std.CollectionDeserializer.deserialize(CollectionDeserializer.java:26) ~[jackson-databind-2.8.8.jar:2.8.8]
	at com.fasterxml.jackson.databind.deser.SettableBeanProperty.deserialize(SettableBeanProperty.java:504) ~[jackson-databind-2.8.8.jar:2.8.8]
	at com.fasterxml.jackson.databind.deser.impl.MethodProperty.deserializeAndSet(MethodProperty.java:104) ~[jackson-databind-2.8.8.jar:2.8.8]
	at com.fasterxml.jackson.databind.deser.BeanDeserializer.deserializeFromObject(BeanDeserializer.java:357) ~[jackson-databind-2.8.8.jar:2.8.8]
	at com.fasterxml.jackson.databind.deser.BeanDeserializer.deserialize(BeanDeserializer.java:148) ~[jackson-databind-2.8.8.jar:2.8.8]
	at com.fasterxml.jackson.databind.ObjectMapper._readMapAndClose(ObjectMapper.java:3798) ~[jackson-databind-2.8.8.jar:2.8.8]
	at com.fasterxml.jackson.databind.ObjectMapper.readValue(ObjectMapper.java:2922) ~[jackson-databind-2.8.8.jar:2.8.8]
	at org.springframework.http.converter.json.AbstractJackson2HttpMessageConverter.readJavaType(AbstractJackson2HttpMessageConverter.java:241) ~[spring-web-4.3.9.RELEASE.jar:4.3.9.RELEASE]
	... 69 more
[2018-05-18 11:05:05,142] [INFO] [CtrLogAspect.java:108] [admin.common.aspect.CtrLogAspect.intiCtrLog] [http-nio-8081-exec-21]: 请求唯一标识->013a9ada5b9c488c8472c497dc5b2277-1 方法描述->保存测试用例 请求参数->[admin.modules.testcase.entity.TestCaseEntity@1ab72b1c] 方法位置->execution(ReturnInfo admin.modules.testcase.TestCaseController.save(TestCaseEntity)) 请求IP地址->127.0.0.1
[2018-05-18 11:05:17,774] [INFO] [CtrLogAspect.java:94] [admin.common.aspect.CtrLogAspect.resultCtrLog] [http-nio-8081-exec-21]: 请求唯一标识->013a9ada5b9c488c8472c497dc5b2277-1 返回结果->admin.common.utils.ReturnInfo@62e7481b 方法执行时间->12642
[2018-05-18 11:09:14,432] [ERROR] [ContextLog.java:60] [admin.common.aspect.ContextLog.error] [http-nio-8081-exec-1]: 请求唯一标识->null-1 异常描述->{msg=系统繁忙,请稍后再试, code=500} 
org.springframework.web.bind.MissingServletRequestParameterException: Required long parameter 'id' is not present
	at org.springframework.web.method.annotation.RequestParamMethodArgumentResolver.handleMissingValue(RequestParamMethodArgumentResolver.java:198) ~[spring-web-4.3.9.RELEASE.jar:4.3.9.RELEASE]
	at org.springframework.web.method.annotation.AbstractNamedValueMethodArgumentResolver.resolveArgument(AbstractNamedValueMethodArgumentResolver.java:109) ~[spring-web-4.3.9.RELEASE.jar:4.3.9.RELEASE]
	at org.springframework.web.method.support.HandlerMethodArgumentResolverComposite.resolveArgument(HandlerMethodArgumentResolverComposite.java:121) ~[spring-web-4.3.9.RELEASE.jar:4.3.9.RELEASE]
	at org.springframework.web.method.support.InvocableHandlerMethod.getMethodArgumentValues(InvocableHandlerMethod.java:158) ~[spring-web-4.3.9.RELEASE.jar:4.3.9.RELEASE]
	at org.springframework.web.method.support.InvocableHandlerMethod.invokeForRequest(InvocableHandlerMethod.java:128) ~[spring-web-4.3.9.RELEASE.jar:4.3.9.RELEASE]
	at org.springframework.web.servlet.mvc.method.annotation.ServletInvocableHandlerMethod.invokeAndHandle(ServletInvocableHandlerMethod.java:97) ~[spring-webmvc-4.3.9.RELEASE.jar:4.3.9.RELEASE]
	at org.springframework.web.servlet.mvc.method.annotation.RequestMappingHandlerAdapter.invokeHandlerMethod(RequestMappingHandlerAdapter.java:827) ~[spring-webmvc-4.3.9.RELEASE.jar:4.3.9.RELEASE]
	at org.springframework.web.servlet.mvc.method.annotation.RequestMappingHandlerAdapter.handleInternal(RequestMappingHandlerAdapter.java:738) ~[spring-webmvc-4.3.9.RELEASE.jar:4.3.9.RELEASE]
	at org.springframework.web.servlet.mvc.method.AbstractHandlerMethodAdapter.handle(AbstractHandlerMethodAdapter.java:85) ~[spring-webmvc-4.3.9.RELEASE.jar:4.3.9.RELEASE]
	at org.springframework.web.servlet.DispatcherServlet.doDispatch(DispatcherServlet.java:967) [spring-webmvc-4.3.9.RELEASE.jar:4.3.9.RELEASE]
	at org.springframework.web.servlet.DispatcherServlet.doService(DispatcherServlet.java:901) [spring-webmvc-4.3.9.RELEASE.jar:4.3.9.RELEASE]
	at org.springframework.web.servlet.FrameworkServlet.processRequest(FrameworkServlet.java:970) [spring-webmvc-4.3.9.RELEASE.jar:4.3.9.RELEASE]
	at org.springframework.web.servlet.FrameworkServlet.doGet(FrameworkServlet.java:861) [spring-webmvc-4.3.9.RELEASE.jar:4.3.9.RELEASE]
	at javax.servlet.http.HttpServlet.service(HttpServlet.java:635) [tomcat-embed-core-8.5.15.jar:8.5.15]
	at org.springframework.web.servlet.FrameworkServlet.service(FrameworkServlet.java:846) [spring-webmvc-4.3.9.RELEASE.jar:4.3.9.RELEASE]
	at javax.servlet.http.HttpServlet.service(HttpServlet.java:742) [tomcat-embed-core-8.5.15.jar:8.5.15]
	at org.apache.catalina.core.ApplicationFilterChain.internalDoFilter(ApplicationFilterChain.java:231) [tomcat-embed-core-8.5.15.jar:8.5.15]
	at org.apache.catalina.core.ApplicationFilterChain.doFilter(ApplicationFilterChain.java:166) [tomcat-embed-core-8.5.15.jar:8.5.15]
	at org.apache.tomcat.websocket.server.WsFilter.doFilter(WsFilter.java:52) [tomcat-embed-websocket-8.5.15.jar:8.5.15]
	at org.apache.catalina.core.ApplicationFilterChain.internalDoFilter(ApplicationFilterChain.java:193) [tomcat-embed-core-8.5.15.jar:8.5.15]
	at org.apache.catalina.core.ApplicationFilterChain.doFilter(ApplicationFilterChain.java:166) [tomcat-embed-core-8.5.15.jar:8.5.15]
	at org.apache.shiro.web.servlet.ProxiedFilterChain.doFilter(ProxiedFilterChain.java:61) [shiro-web-1.3.2.jar:1.3.2]
	at org.apache.shiro.web.servlet.AdviceFilter.executeChain(AdviceFilter.java:108) [shiro-web-1.3.2.jar:1.3.2]
	at org.apache.shiro.web.servlet.AdviceFilter.doFilterInternal(AdviceFilter.java:137) [shiro-web-1.3.2.jar:1.3.2]
	at org.apache.shiro.web.servlet.OncePerRequestFilter.doFilter(OncePerRequestFilter.java:125) [shiro-web-1.3.2.jar:1.3.2]
	at org.apache.shiro.web.servlet.ProxiedFilterChain.doFilter(ProxiedFilterChain.java:66) [shiro-web-1.3.2.jar:1.3.2]
	at org.apache.shiro.web.servlet.AbstractShiroFilter.executeChain(AbstractShiroFilter.java:449) [shiro-web-1.3.2.jar:1.3.2]
	at org.apache.shiro.web.servlet.AbstractShiroFilter$1.call(AbstractShiroFilter.java:365) [shiro-web-1.3.2.jar:1.3.2]
	at org.apache.shiro.subject.support.SubjectCallable.doCall(SubjectCallable.java:90) [shiro-core-1.3.2.jar:1.3.2]
	at org.apache.shiro.subject.support.SubjectCallable.call(SubjectCallable.java:83) [shiro-core-1.3.2.jar:1.3.2]
	at org.apache.shiro.subject.support.DelegatingSubject.execute(DelegatingSubject.java:383) [shiro-core-1.3.2.jar:1.3.2]
	at org.apache.shiro.web.servlet.AbstractShiroFilter.doFilterInternal(AbstractShiroFilter.java:362) [shiro-web-1.3.2.jar:1.3.2]
	at org.apache.shiro.web.servlet.OncePerRequestFilter.doFilter(OncePerRequestFilter.java:125) [shiro-web-1.3.2.jar:1.3.2]
	at org.apache.catalina.core.ApplicationFilterChain.internalDoFilter(ApplicationFilterChain.java:193) [tomcat-embed-core-8.5.15.jar:8.5.15]
	at org.apache.catalina.core.ApplicationFilterChain.doFilter(ApplicationFilterChain.java:166) [tomcat-embed-core-8.5.15.jar:8.5.15]
	at org.springframework.web.filter.RequestContextFilter.doFilterInternal(RequestContextFilter.java:99) [spring-web-4.3.9.RELEASE.jar:4.3.9.RELEASE]
	at org.springframework.web.filter.OncePerRequestFilter.doFilter(OncePerRequestFilter.java:107) [spring-web-4.3.9.RELEASE.jar:4.3.9.RELEASE]
	at org.apache.catalina.core.ApplicationFilterChain.internalDoFilter(ApplicationFilterChain.java:193) [tomcat-embed-core-8.5.15.jar:8.5.15]
	at org.apache.catalina.core.ApplicationFilterChain.doFilter(ApplicationFilterChain.java:166) [tomcat-embed-core-8.5.15.jar:8.5.15]
	at org.springframework.web.filter.HttpPutFormContentFilter.doFilterInternal(HttpPutFormContentFilter.java:105) [spring-web-4.3.9.RELEASE.jar:4.3.9.RELEASE]
	at org.springframework.web.filter.OncePerRequestFilter.doFilter(OncePerRequestFilter.java:107) [spring-web-4.3.9.RELEASE.jar:4.3.9.RELEASE]
	at org.apache.catalina.core.ApplicationFilterChain.internalDoFilter(ApplicationFilterChain.java:193) [tomcat-embed-core-8.5.15.jar:8.5.15]
	at org.apache.catalina.core.ApplicationFilterChain.doFilter(ApplicationFilterChain.java:166) [tomcat-embed-core-8.5.15.jar:8.5.15]
	at org.springframework.web.filter.HiddenHttpMethodFilter.doFilterInternal(HiddenHttpMethodFilter.java:81) [spring-web-4.3.9.RELEASE.jar:4.3.9.RELEASE]
	at org.springframework.web.filter.OncePerRequestFilter.doFilter(OncePerRequestFilter.java:107) [spring-web-4.3.9.RELEASE.jar:4.3.9.RELEASE]
	at org.apache.catalina.core.ApplicationFilterChain.internalDoFilter(ApplicationFilterChain.java:193) [tomcat-embed-core-8.5.15.jar:8.5.15]
	at org.apache.catalina.core.ApplicationFilterChain.doFilter(ApplicationFilterChain.java:166) [tomcat-embed-core-8.5.15.jar:8.5.15]
	at org.springframework.web.filter.CharacterEncodingFilter.doFilterInternal(CharacterEncodingFilter.java:197) [spring-web-4.3.9.RELEASE.jar:4.3.9.RELEASE]
	at org.springframework.web.filter.OncePerRequestFilter.doFilter(OncePerRequestFilter.java:107) [spring-web-4.3.9.RELEASE.jar:4.3.9.RELEASE]
	at org.apache.catalina.core.ApplicationFilterChain.internalDoFilter(ApplicationFilterChain.java:193) [tomcat-embed-core-8.5.15.jar:8.5.15]
	at org.apache.catalina.core.ApplicationFilterChain.doFilter(ApplicationFilterChain.java:166) [tomcat-embed-core-8.5.15.jar:8.5.15]
	at org.apache.catalina.core.StandardWrapperValve.invoke(StandardWrapperValve.java:198) [tomcat-embed-core-8.5.15.jar:8.5.15]
	at org.apache.catalina.core.StandardContextValve.invoke(StandardContextValve.java:96) [tomcat-embed-core-8.5.15.jar:8.5.15]
	at org.apache.catalina.authenticator.AuthenticatorBase.invoke(AuthenticatorBase.java:478) [tomcat-embed-core-8.5.15.jar:8.5.15]
	at org.apache.catalina.core.StandardHostValve.invoke(StandardHostValve.java:140) [tomcat-embed-core-8.5.15.jar:8.5.15]
	at org.apache.catalina.valves.ErrorReportValve.invoke(ErrorReportValve.java:80) [tomcat-embed-core-8.5.15.jar:8.5.15]
	at org.apache.catalina.core.StandardEngineValve.invoke(StandardEngineValve.java:87) [tomcat-embed-core-8.5.15.jar:8.5.15]
	at org.apache.catalina.connector.CoyoteAdapter.service(CoyoteAdapter.java:342) [tomcat-embed-core-8.5.15.jar:8.5.15]
	at org.apache.coyote.http11.Http11Processor.service(Http11Processor.java:799) [tomcat-embed-core-8.5.15.jar:8.5.15]
	at org.apache.coyote.AbstractProcessorLight.process(AbstractProcessorLight.java:66) [tomcat-embed-core-8.5.15.jar:8.5.15]
	at org.apache.coyote.AbstractProtocol$ConnectionHandler.process(AbstractProtocol.java:861) [tomcat-embed-core-8.5.15.jar:8.5.15]
	at org.apache.tomcat.util.net.NioEndpoint$SocketProcessor.doRun(NioEndpoint.java:1455) [tomcat-embed-core-8.5.15.jar:8.5.15]
	at org.apache.tomcat.util.net.SocketProcessorBase.run(SocketProcessorBase.java:49) [tomcat-embed-core-8.5.15.jar:8.5.15]
	at java.util.concurrent.ThreadPoolExecutor.runWorker(ThreadPoolExecutor.java:1142) [?:1.8.0_121]
	at java.util.concurrent.ThreadPoolExecutor$Worker.run(ThreadPoolExecutor.java:617) [?:1.8.0_121]
	at org.apache.tomcat.util.threads.TaskThread$WrappingRunnable.run(TaskThread.java:61) [tomcat-embed-core-8.5.15.jar:8.5.15]
	at java.lang.Thread.run(Thread.java:745) [?:1.8.0_121]
[2018-05-18 11:09:53,046] [INFO] [CtrLogAspect.java:108] [admin.common.aspect.CtrLogAspect.intiCtrLog] [http-nio-8081-exec-2]: 请求唯一标识->b6f85b539c8d4f3abef67561946ac28f-1 方法描述->获取测试用例列表 请求参数->[1] 方法位置->execution(TestReturnInfo admin.modules.testcase.TestCaseController.getList(long)) 请求IP地址->127.0.0.1
[2018-05-18 11:09:53,059] [INFO] [CtrLogAspect.java:94] [admin.common.aspect.CtrLogAspect.resultCtrLog] [http-nio-8081-exec-2]: 请求唯一标识->b6f85b539c8d4f3abef67561946ac28f-1 返回结果->null 方法执行时间->26
[2018-05-18 11:09:53,061] [ERROR] [ContextLog.java:60] [admin.common.aspect.ContextLog.error] [http-nio-8081-exec-2]: 请求唯一标识->b6f85b539c8d4f3abef67561946ac28f-3 异常描述->{msg=系统繁忙,请稍后再试, code=500} 
java.lang.ClassCastException: admin.common.utils.ReturnInfo cannot be cast to admin.modules.testcase.TestCaseController$TestReturnInfo
	at admin.modules.testcase.TestCaseController.getList(TestCaseController.java:64) ~[classes/:?]
	at admin.modules.testcase.TestCaseController$$FastClassBySpringCGLIB$$5d9765e4.invoke(<generated>) ~[classes/:?]
	at org.springframework.cglib.proxy.MethodProxy.invoke(MethodProxy.java:204) ~[spring-core-4.3.9.RELEASE.jar:4.3.9.RELEASE]
	at org.springframework.aop.framework.CglibAopProxy$CglibMethodInvocation.invokeJoinpoint(CglibAopProxy.java:738) ~[spring-aop-4.3.9.RELEASE.jar:4.3.9.RELEASE]
	at org.springframework.aop.framework.ReflectiveMethodInvocation.proceed(ReflectiveMethodInvocation.java:157) ~[spring-aop-4.3.9.RELEASE.jar:4.3.9.RELEASE]
	at org.springframework.aop.aspectj.MethodInvocationProceedingJoinPoint.proceed(MethodInvocationProceedingJoinPoint.java:85) ~[spring-aop-4.3.9.RELEASE.jar:4.3.9.RELEASE]
	at admin.common.aspect.CtrLogAspect.around(CtrLogAspect.java:70) ~[classes/:?]
	at sun.reflect.NativeMethodAccessorImpl.invoke0(Native Method) ~[?:1.8.0_121]
	at sun.reflect.NativeMethodAccessorImpl.invoke(NativeMethodAccessorImpl.java:62) ~[?:1.8.0_121]
	at sun.reflect.DelegatingMethodAccessorImpl.invoke(DelegatingMethodAccessorImpl.java:43) ~[?:1.8.0_121]
	at java.lang.reflect.Method.invoke(Method.java:498) ~[?:1.8.0_121]
	at org.springframework.aop.aspectj.AbstractAspectJAdvice.invokeAdviceMethodWithGivenArgs(AbstractAspectJAdvice.java:629) ~[spring-aop-4.3.9.RELEASE.jar:4.3.9.RELEASE]
	at org.springframework.aop.aspectj.AbstractAspectJAdvice.invokeAdviceMethod(AbstractAspectJAdvice.java:618) ~[spring-aop-4.3.9.RELEASE.jar:4.3.9.RELEASE]
	at org.springframework.aop.aspectj.AspectJAroundAdvice.invoke(AspectJAroundAdvice.java:70) ~[spring-aop-4.3.9.RELEASE.jar:4.3.9.RELEASE]
	at org.springframework.aop.framework.ReflectiveMethodInvocation.proceed(ReflectiveMethodInvocation.java:168) ~[spring-aop-4.3.9.RELEASE.jar:4.3.9.RELEASE]
	at org.springframework.aop.interceptor.ExposeInvocationInterceptor.invoke(ExposeInvocationInterceptor.java:92) ~[spring-aop-4.3.9.RELEASE.jar:4.3.9.RELEASE]
	at org.springframework.aop.framework.ReflectiveMethodInvocation.proceed(ReflectiveMethodInvocation.java:179) ~[spring-aop-4.3.9.RELEASE.jar:4.3.9.RELEASE]
	at org.springframework.aop.framework.CglibAopProxy$DynamicAdvisedInterceptor.intercept(CglibAopProxy.java:673) ~[spring-aop-4.3.9.RELEASE.jar:4.3.9.RELEASE]
	at admin.modules.testcase.TestCaseController$$EnhancerBySpringCGLIB$$be71ac45.getList(<generated>) ~[classes/:?]
	at sun.reflect.NativeMethodAccessorImpl.invoke0(Native Method) ~[?:1.8.0_121]
	at sun.reflect.NativeMethodAccessorImpl.invoke(NativeMethodAccessorImpl.java:62) ~[?:1.8.0_121]
	at sun.reflect.DelegatingMethodAccessorImpl.invoke(DelegatingMethodAccessorImpl.java:43) ~[?:1.8.0_121]
	at java.lang.reflect.Method.invoke(Method.java:498) ~[?:1.8.0_121]
	at org.springframework.web.method.support.InvocableHandlerMethod.doInvoke(InvocableHandlerMethod.java:205) ~[spring-web-4.3.9.RELEASE.jar:4.3.9.RELEASE]
	at org.springframework.web.method.support.InvocableHandlerMethod.invokeForRequest(InvocableHandlerMethod.java:133) ~[spring-web-4.3.9.RELEASE.jar:4.3.9.RELEASE]
	at org.springframework.web.servlet.mvc.method.annotation.ServletInvocableHandlerMethod.invokeAndHandle(ServletInvocableHandlerMethod.java:97) ~[spring-webmvc-4.3.9.RELEASE.jar:4.3.9.RELEASE]
	at org.springframework.web.servlet.mvc.method.annotation.RequestMappingHandlerAdapter.invokeHandlerMethod(RequestMappingHandlerAdapter.java:827) ~[spring-webmvc-4.3.9.RELEASE.jar:4.3.9.RELEASE]
	at org.springframework.web.servlet.mvc.method.annotation.RequestMappingHandlerAdapter.handleInternal(RequestMappingHandlerAdapter.java:738) ~[spring-webmvc-4.3.9.RELEASE.jar:4.3.9.RELEASE]
	at org.springframework.web.servlet.mvc.method.AbstractHandlerMethodAdapter.handle(AbstractHandlerMethodAdapter.java:85) ~[spring-webmvc-4.3.9.RELEASE.jar:4.3.9.RELEASE]
	at org.springframework.web.servlet.DispatcherServlet.doDispatch(DispatcherServlet.java:967) [spring-webmvc-4.3.9.RELEASE.jar:4.3.9.RELEASE]
	at org.springframework.web.servlet.DispatcherServlet.doService(DispatcherServlet.java:901) [spring-webmvc-4.3.9.RELEASE.jar:4.3.9.RELEASE]
	at org.springframework.web.servlet.FrameworkServlet.processRequest(FrameworkServlet.java:970) [spring-webmvc-4.3.9.RELEASE.jar:4.3.9.RELEASE]
	at org.springframework.web.servlet.FrameworkServlet.doGet(FrameworkServlet.java:861) [spring-webmvc-4.3.9.RELEASE.jar:4.3.9.RELEASE]
	at javax.servlet.http.HttpServlet.service(HttpServlet.java:635) [tomcat-embed-core-8.5.15.jar:8.5.15]
	at org.springframework.web.servlet.FrameworkServlet.service(FrameworkServlet.java:846) [spring-webmvc-4.3.9.RELEASE.jar:4.3.9.RELEASE]
	at javax.servlet.http.HttpServlet.service(HttpServlet.java:742) [tomcat-embed-core-8.5.15.jar:8.5.15]
	at org.apache.catalina.core.ApplicationFilterChain.internalDoFilter(ApplicationFilterChain.java:231) [tomcat-embed-core-8.5.15.jar:8.5.15]
	at org.apache.catalina.core.ApplicationFilterChain.doFilter(ApplicationFilterChain.java:166) [tomcat-embed-core-8.5.15.jar:8.5.15]
	at org.apache.tomcat.websocket.server.WsFilter.doFilter(WsFilter.java:52) [tomcat-embed-websocket-8.5.15.jar:8.5.15]
	at org.apache.catalina.core.ApplicationFilterChain.internalDoFilter(ApplicationFilterChain.java:193) [tomcat-embed-core-8.5.15.jar:8.5.15]
	at org.apache.catalina.core.ApplicationFilterChain.doFilter(ApplicationFilterChain.java:166) [tomcat-embed-core-8.5.15.jar:8.5.15]
	at org.apache.shiro.web.servlet.ProxiedFilterChain.doFilter(ProxiedFilterChain.java:61) [shiro-web-1.3.2.jar:1.3.2]
	at org.apache.shiro.web.servlet.AdviceFilter.executeChain(AdviceFilter.java:108) [shiro-web-1.3.2.jar:1.3.2]
	at org.apache.shiro.web.servlet.AdviceFilter.doFilterInternal(AdviceFilter.java:137) [shiro-web-1.3.2.jar:1.3.2]
	at org.apache.shiro.web.servlet.OncePerRequestFilter.doFilter(OncePerRequestFilter.java:125) [shiro-web-1.3.2.jar:1.3.2]
	at org.apache.shiro.web.servlet.ProxiedFilterChain.doFilter(ProxiedFilterChain.java:66) [shiro-web-1.3.2.jar:1.3.2]
	at org.apache.shiro.web.servlet.AbstractShiroFilter.executeChain(AbstractShiroFilter.java:449) [shiro-web-1.3.2.jar:1.3.2]
	at org.apache.shiro.web.servlet.AbstractShiroFilter$1.call(AbstractShiroFilter.java:365) [shiro-web-1.3.2.jar:1.3.2]
	at org.apache.shiro.subject.support.SubjectCallable.doCall(SubjectCallable.java:90) [shiro-core-1.3.2.jar:1.3.2]
	at org.apache.shiro.subject.support.SubjectCallable.call(SubjectCallable.java:83) [shiro-core-1.3.2.jar:1.3.2]
	at org.apache.shiro.subject.support.DelegatingSubject.execute(DelegatingSubject.java:383) [shiro-core-1.3.2.jar:1.3.2]
	at org.apache.shiro.web.servlet.AbstractShiroFilter.doFilterInternal(AbstractShiroFilter.java:362) [shiro-web-1.3.2.jar:1.3.2]
	at org.apache.shiro.web.servlet.OncePerRequestFilter.doFilter(OncePerRequestFilter.java:125) [shiro-web-1.3.2.jar:1.3.2]
	at org.apache.catalina.core.ApplicationFilterChain.internalDoFilter(ApplicationFilterChain.java:193) [tomcat-embed-core-8.5.15.jar:8.5.15]
	at org.apache.catalina.core.ApplicationFilterChain.doFilter(ApplicationFilterChain.java:166) [tomcat-embed-core-8.5.15.jar:8.5.15]
	at org.springframework.web.filter.RequestContextFilter.doFilterInternal(RequestContextFilter.java:99) [spring-web-4.3.9.RELEASE.jar:4.3.9.RELEASE]
	at org.springframework.web.filter.OncePerRequestFilter.doFilter(OncePerRequestFilter.java:107) [spring-web-4.3.9.RELEASE.jar:4.3.9.RELEASE]
	at org.apache.catalina.core.ApplicationFilterChain.internalDoFilter(ApplicationFilterChain.java:193) [tomcat-embed-core-8.5.15.jar:8.5.15]
	at org.apache.catalina.core.ApplicationFilterChain.doFilter(ApplicationFilterChain.java:166) [tomcat-embed-core-8.5.15.jar:8.5.15]
	at org.springframework.web.filter.HttpPutFormContentFilter.doFilterInternal(HttpPutFormContentFilter.java:105) [spring-web-4.3.9.RELEASE.jar:4.3.9.RELEASE]
	at org.springframework.web.filter.OncePerRequestFilter.doFilter(OncePerRequestFilter.java:107) [spring-web-4.3.9.RELEASE.jar:4.3.9.RELEASE]
	at org.apache.catalina.core.ApplicationFilterChain.internalDoFilter(ApplicationFilterChain.java:193) [tomcat-embed-core-8.5.15.jar:8.5.15]
	at org.apache.catalina.core.ApplicationFilterChain.doFilter(ApplicationFilterChain.java:166) [tomcat-embed-core-8.5.15.jar:8.5.15]
	at org.springframework.web.filter.HiddenHttpMethodFilter.doFilterInternal(HiddenHttpMethodFilter.java:81) [spring-web-4.3.9.RELEASE.jar:4.3.9.RELEASE]
	at org.springframework.web.filter.OncePerRequestFilter.doFilter(OncePerRequestFilter.java:107) [spring-web-4.3.9.RELEASE.jar:4.3.9.RELEASE]
	at org.apache.catalina.core.ApplicationFilterChain.internalDoFilter(ApplicationFilterChain.java:193) [tomcat-embed-core-8.5.15.jar:8.5.15]
	at org.apache.catalina.core.ApplicationFilterChain.doFilter(ApplicationFilterChain.java:166) [tomcat-embed-core-8.5.15.jar:8.5.15]
	at org.springframework.web.filter.CharacterEncodingFilter.doFilterInternal(CharacterEncodingFilter.java:197) [spring-web-4.3.9.RELEASE.jar:4.3.9.RELEASE]
	at org.springframework.web.filter.OncePerRequestFilter.doFilter(OncePerRequestFilter.java:107) [spring-web-4.3.9.RELEASE.jar:4.3.9.RELEASE]
	at org.apache.catalina.core.ApplicationFilterChain.internalDoFilter(ApplicationFilterChain.java:193) [tomcat-embed-core-8.5.15.jar:8.5.15]
	at org.apache.catalina.core.ApplicationFilterChain.doFilter(ApplicationFilterChain.java:166) [tomcat-embed-core-8.5.15.jar:8.5.15]
	at org.apache.catalina.core.StandardWrapperValve.invoke(StandardWrapperValve.java:198) [tomcat-embed-core-8.5.15.jar:8.5.15]
	at org.apache.catalina.core.StandardContextValve.invoke(StandardContextValve.java:96) [tomcat-embed-core-8.5.15.jar:8.5.15]
	at org.apache.catalina.authenticator.AuthenticatorBase.invoke(AuthenticatorBase.java:478) [tomcat-embed-core-8.5.15.jar:8.5.15]
	at org.apache.catalina.core.StandardHostValve.invoke(StandardHostValve.java:140) [tomcat-embed-core-8.5.15.jar:8.5.15]
	at org.apache.catalina.valves.ErrorReportValve.invoke(ErrorReportValve.java:80) [tomcat-embed-core-8.5.15.jar:8.5.15]
	at org.apache.catalina.core.StandardEngineValve.invoke(StandardEngineValve.java:87) [tomcat-embed-core-8.5.15.jar:8.5.15]
	at org.apache.catalina.connector.CoyoteAdapter.service(CoyoteAdapter.java:342) [tomcat-embed-core-8.5.15.jar:8.5.15]
	at org.apache.coyote.http11.Http11Processor.service(Http11Processor.java:799) [tomcat-embed-core-8.5.15.jar:8.5.15]
	at org.apache.coyote.AbstractProcessorLight.process(AbstractProcessorLight.java:66) [tomcat-embed-core-8.5.15.jar:8.5.15]
	at org.apache.coyote.AbstractProtocol$ConnectionHandler.process(AbstractProtocol.java:861) [tomcat-embed-core-8.5.15.jar:8.5.15]
	at org.apache.tomcat.util.net.NioEndpoint$SocketProcessor.doRun(NioEndpoint.java:1455) [tomcat-embed-core-8.5.15.jar:8.5.15]
	at org.apache.tomcat.util.net.SocketProcessorBase.run(SocketProcessorBase.java:49) [tomcat-embed-core-8.5.15.jar:8.5.15]
	at java.util.concurrent.ThreadPoolExecutor.runWorker(ThreadPoolExecutor.java:1142) [?:1.8.0_121]
	at java.util.concurrent.ThreadPoolExecutor$Worker.run(ThreadPoolExecutor.java:617) [?:1.8.0_121]
	at org.apache.tomcat.util.threads.TaskThread$WrappingRunnable.run(TaskThread.java:61) [tomcat-embed-core-8.5.15.jar:8.5.15]
	at java.lang.Thread.run(Thread.java:745) [?:1.8.0_121]
[2018-05-18 11:10:01,338] [INFO] [CtrLogAspect.java:108] [admin.common.aspect.CtrLogAspect.intiCtrLog] [http-nio-8081-exec-3]: 请求唯一标识->0ed4bc12bbf345ec8f22f2471140f27d-1 方法描述->获取测试用例列表 请求参数->[1] 方法位置->execution(TestReturnInfo admin.modules.testcase.TestCaseController.getList(long)) 请求IP地址->127.0.0.1
[2018-05-18 11:10:01,340] [INFO] [CtrLogAspect.java:94] [admin.common.aspect.CtrLogAspect.resultCtrLog] [http-nio-8081-exec-3]: 请求唯一标识->0ed4bc12bbf345ec8f22f2471140f27d-1 返回结果->null 方法执行时间->2
[2018-05-18 11:10:01,341] [ERROR] [ContextLog.java:60] [admin.common.aspect.ContextLog.error] [http-nio-8081-exec-3]: 请求唯一标识->0ed4bc12bbf345ec8f22f2471140f27d-3 异常描述->{msg=系统繁忙,请稍后再试, code=500} 
java.lang.ClassCastException: admin.common.utils.ReturnInfo cannot be cast to admin.modules.testcase.TestCaseController$TestReturnInfo
	at admin.modules.testcase.TestCaseController.getList(TestCaseController.java:64) ~[classes/:?]
	at admin.modules.testcase.TestCaseController$$FastClassBySpringCGLIB$$5d9765e4.invoke(<generated>) ~[classes/:?]
	at org.springframework.cglib.proxy.MethodProxy.invoke(MethodProxy.java:204) ~[spring-core-4.3.9.RELEASE.jar:4.3.9.RELEASE]
	at org.springframework.aop.framework.CglibAopProxy$CglibMethodInvocation.invokeJoinpoint(CglibAopProxy.java:738) ~[spring-aop-4.3.9.RELEASE.jar:4.3.9.RELEASE]
	at org.springframework.aop.framework.ReflectiveMethodInvocation.proceed(ReflectiveMethodInvocation.java:157) ~[spring-aop-4.3.9.RELEASE.jar:4.3.9.RELEASE]
	at org.springframework.aop.aspectj.MethodInvocationProceedingJoinPoint.proceed(MethodInvocationProceedingJoinPoint.java:85) ~[spring-aop-4.3.9.RELEASE.jar:4.3.9.RELEASE]
	at admin.common.aspect.CtrLogAspect.around(CtrLogAspect.java:70) ~[classes/:?]
	at sun.reflect.NativeMethodAccessorImpl.invoke0(Native Method) ~[?:1.8.0_121]
	at sun.reflect.NativeMethodAccessorImpl.invoke(NativeMethodAccessorImpl.java:62) ~[?:1.8.0_121]
	at sun.reflect.DelegatingMethodAccessorImpl.invoke(DelegatingMethodAccessorImpl.java:43) ~[?:1.8.0_121]
	at java.lang.reflect.Method.invoke(Method.java:498) ~[?:1.8.0_121]
	at org.springframework.aop.aspectj.AbstractAspectJAdvice.invokeAdviceMethodWithGivenArgs(AbstractAspectJAdvice.java:629) ~[spring-aop-4.3.9.RELEASE.jar:4.3.9.RELEASE]
	at org.springframework.aop.aspectj.AbstractAspectJAdvice.invokeAdviceMethod(AbstractAspectJAdvice.java:618) ~[spring-aop-4.3.9.RELEASE.jar:4.3.9.RELEASE]
	at org.springframework.aop.aspectj.AspectJAroundAdvice.invoke(AspectJAroundAdvice.java:70) ~[spring-aop-4.3.9.RELEASE.jar:4.3.9.RELEASE]
	at org.springframework.aop.framework.ReflectiveMethodInvocation.proceed(ReflectiveMethodInvocation.java:168) ~[spring-aop-4.3.9.RELEASE.jar:4.3.9.RELEASE]
	at org.springframework.aop.interceptor.ExposeInvocationInterceptor.invoke(ExposeInvocationInterceptor.java:92) ~[spring-aop-4.3.9.RELEASE.jar:4.3.9.RELEASE]
	at org.springframework.aop.framework.ReflectiveMethodInvocation.proceed(ReflectiveMethodInvocation.java:179) ~[spring-aop-4.3.9.RELEASE.jar:4.3.9.RELEASE]
	at org.springframework.aop.framework.CglibAopProxy$DynamicAdvisedInterceptor.intercept(CglibAopProxy.java:673) ~[spring-aop-4.3.9.RELEASE.jar:4.3.9.RELEASE]
	at admin.modules.testcase.TestCaseController$$EnhancerBySpringCGLIB$$be71ac45.getList(<generated>) ~[classes/:?]
	at sun.reflect.NativeMethodAccessorImpl.invoke0(Native Method) ~[?:1.8.0_121]
	at sun.reflect.NativeMethodAccessorImpl.invoke(NativeMethodAccessorImpl.java:62) ~[?:1.8.0_121]
	at sun.reflect.DelegatingMethodAccessorImpl.invoke(DelegatingMethodAccessorImpl.java:43) ~[?:1.8.0_121]
	at java.lang.reflect.Method.invoke(Method.java:498) ~[?:1.8.0_121]
	at org.springframework.web.method.support.InvocableHandlerMethod.doInvoke(InvocableHandlerMethod.java:205) ~[spring-web-4.3.9.RELEASE.jar:4.3.9.RELEASE]
	at org.springframework.web.method.support.InvocableHandlerMethod.invokeForRequest(InvocableHandlerMethod.java:133) ~[spring-web-4.3.9.RELEASE.jar:4.3.9.RELEASE]
	at org.springframework.web.servlet.mvc.method.annotation.ServletInvocableHandlerMethod.invokeAndHandle(ServletInvocableHandlerMethod.java:97) ~[spring-webmvc-4.3.9.RELEASE.jar:4.3.9.RELEASE]
	at org.springframework.web.servlet.mvc.method.annotation.RequestMappingHandlerAdapter.invokeHandlerMethod(RequestMappingHandlerAdapter.java:827) ~[spring-webmvc-4.3.9.RELEASE.jar:4.3.9.RELEASE]
	at org.springframework.web.servlet.mvc.method.annotation.RequestMappingHandlerAdapter.handleInternal(RequestMappingHandlerAdapter.java:738) ~[spring-webmvc-4.3.9.RELEASE.jar:4.3.9.RELEASE]
	at org.springframework.web.servlet.mvc.method.AbstractHandlerMethodAdapter.handle(AbstractHandlerMethodAdapter.java:85) ~[spring-webmvc-4.3.9.RELEASE.jar:4.3.9.RELEASE]
	at org.springframework.web.servlet.DispatcherServlet.doDispatch(DispatcherServlet.java:967) [spring-webmvc-4.3.9.RELEASE.jar:4.3.9.RELEASE]
	at org.springframework.web.servlet.DispatcherServlet.doService(DispatcherServlet.java:901) [spring-webmvc-4.3.9.RELEASE.jar:4.3.9.RELEASE]
	at org.springframework.web.servlet.FrameworkServlet.processRequest(FrameworkServlet.java:970) [spring-webmvc-4.3.9.RELEASE.jar:4.3.9.RELEASE]
	at org.springframework.web.servlet.FrameworkServlet.doGet(FrameworkServlet.java:861) [spring-webmvc-4.3.9.RELEASE.jar:4.3.9.RELEASE]
	at javax.servlet.http.HttpServlet.service(HttpServlet.java:635) [tomcat-embed-core-8.5.15.jar:8.5.15]
	at org.springframework.web.servlet.FrameworkServlet.service(FrameworkServlet.java:846) [spring-webmvc-4.3.9.RELEASE.jar:4.3.9.RELEASE]
	at javax.servlet.http.HttpServlet.service(HttpServlet.java:742) [tomcat-embed-core-8.5.15.jar:8.5.15]
	at org.apache.catalina.core.ApplicationFilterChain.internalDoFilter(ApplicationFilterChain.java:231) [tomcat-embed-core-8.5.15.jar:8.5.15]
	at org.apache.catalina.core.ApplicationFilterChain.doFilter(ApplicationFilterChain.java:166) [tomcat-embed-core-8.5.15.jar:8.5.15]
	at org.apache.tomcat.websocket.server.WsFilter.doFilter(WsFilter.java:52) [tomcat-embed-websocket-8.5.15.jar:8.5.15]
	at org.apache.catalina.core.ApplicationFilterChain.internalDoFilter(ApplicationFilterChain.java:193) [tomcat-embed-core-8.5.15.jar:8.5.15]
	at org.apache.catalina.core.ApplicationFilterChain.doFilter(ApplicationFilterChain.java:166) [tomcat-embed-core-8.5.15.jar:8.5.15]
	at org.apache.shiro.web.servlet.ProxiedFilterChain.doFilter(ProxiedFilterChain.java:61) [shiro-web-1.3.2.jar:1.3.2]
	at org.apache.shiro.web.servlet.AdviceFilter.executeChain(AdviceFilter.java:108) [shiro-web-1.3.2.jar:1.3.2]
	at org.apache.shiro.web.servlet.AdviceFilter.doFilterInternal(AdviceFilter.java:137) [shiro-web-1.3.2.jar:1.3.2]
	at org.apache.shiro.web.servlet.OncePerRequestFilter.doFilter(OncePerRequestFilter.java:125) [shiro-web-1.3.2.jar:1.3.2]
	at org.apache.shiro.web.servlet.ProxiedFilterChain.doFilter(ProxiedFilterChain.java:66) [shiro-web-1.3.2.jar:1.3.2]
	at org.apache.shiro.web.servlet.AbstractShiroFilter.executeChain(AbstractShiroFilter.java:449) [shiro-web-1.3.2.jar:1.3.2]
	at org.apache.shiro.web.servlet.AbstractShiroFilter$1.call(AbstractShiroFilter.java:365) [shiro-web-1.3.2.jar:1.3.2]
	at org.apache.shiro.subject.support.SubjectCallable.doCall(SubjectCallable.java:90) [shiro-core-1.3.2.jar:1.3.2]
	at org.apache.shiro.subject.support.SubjectCallable.call(SubjectCallable.java:83) [shiro-core-1.3.2.jar:1.3.2]
	at org.apache.shiro.subject.support.DelegatingSubject.execute(DelegatingSubject.java:383) [shiro-core-1.3.2.jar:1.3.2]
	at org.apache.shiro.web.servlet.AbstractShiroFilter.doFilterInternal(AbstractShiroFilter.java:362) [shiro-web-1.3.2.jar:1.3.2]
	at org.apache.shiro.web.servlet.OncePerRequestFilter.doFilter(OncePerRequestFilter.java:125) [shiro-web-1.3.2.jar:1.3.2]
	at org.apache.catalina.core.ApplicationFilterChain.internalDoFilter(ApplicationFilterChain.java:193) [tomcat-embed-core-8.5.15.jar:8.5.15]
	at org.apache.catalina.core.ApplicationFilterChain.doFilter(ApplicationFilterChain.java:166) [tomcat-embed-core-8.5.15.jar:8.5.15]
	at org.springframework.web.filter.RequestContextFilter.doFilterInternal(RequestContextFilter.java:99) [spring-web-4.3.9.RELEASE.jar:4.3.9.RELEASE]
	at org.springframework.web.filter.OncePerRequestFilter.doFilter(OncePerRequestFilter.java:107) [spring-web-4.3.9.RELEASE.jar:4.3.9.RELEASE]
	at org.apache.catalina.core.ApplicationFilterChain.internalDoFilter(ApplicationFilterChain.java:193) [tomcat-embed-core-8.5.15.jar:8.5.15]
	at org.apache.catalina.core.ApplicationFilterChain.doFilter(ApplicationFilterChain.java:166) [tomcat-embed-core-8.5.15.jar:8.5.15]
	at org.springframework.web.filter.HttpPutFormContentFilter.doFilterInternal(HttpPutFormContentFilter.java:105) [spring-web-4.3.9.RELEASE.jar:4.3.9.RELEASE]
	at org.springframework.web.filter.OncePerRequestFilter.doFilter(OncePerRequestFilter.java:107) [spring-web-4.3.9.RELEASE.jar:4.3.9.RELEASE]
	at org.apache.catalina.core.ApplicationFilterChain.internalDoFilter(ApplicationFilterChain.java:193) [tomcat-embed-core-8.5.15.jar:8.5.15]
	at org.apache.catalina.core.ApplicationFilterChain.doFilter(ApplicationFilterChain.java:166) [tomcat-embed-core-8.5.15.jar:8.5.15]
	at org.springframework.web.filter.HiddenHttpMethodFilter.doFilterInternal(HiddenHttpMethodFilter.java:81) [spring-web-4.3.9.RELEASE.jar:4.3.9.RELEASE]
	at org.springframework.web.filter.OncePerRequestFilter.doFilter(OncePerRequestFilter.java:107) [spring-web-4.3.9.RELEASE.jar:4.3.9.RELEASE]
	at org.apache.catalina.core.ApplicationFilterChain.internalDoFilter(ApplicationFilterChain.java:193) [tomcat-embed-core-8.5.15.jar:8.5.15]
	at org.apache.catalina.core.ApplicationFilterChain.doFilter(ApplicationFilterChain.java:166) [tomcat-embed-core-8.5.15.jar:8.5.15]
	at org.springframework.web.filter.CharacterEncodingFilter.doFilterInternal(CharacterEncodingFilter.java:197) [spring-web-4.3.9.RELEASE.jar:4.3.9.RELEASE]
	at org.springframework.web.filter.OncePerRequestFilter.doFilter(OncePerRequestFilter.java:107) [spring-web-4.3.9.RELEASE.jar:4.3.9.RELEASE]
	at org.apache.catalina.core.ApplicationFilterChain.internalDoFilter(ApplicationFilterChain.java:193) [tomcat-embed-core-8.5.15.jar:8.5.15]
	at org.apache.catalina.core.ApplicationFilterChain.doFilter(ApplicationFilterChain.java:166) [tomcat-embed-core-8.5.15.jar:8.5.15]
	at org.apache.catalina.core.StandardWrapperValve.invoke(StandardWrapperValve.java:198) [tomcat-embed-core-8.5.15.jar:8.5.15]
	at org.apache.catalina.core.StandardContextValve.invoke(StandardContextValve.java:96) [tomcat-embed-core-8.5.15.jar:8.5.15]
	at org.apache.catalina.authenticator.AuthenticatorBase.invoke(AuthenticatorBase.java:478) [tomcat-embed-core-8.5.15.jar:8.5.15]
	at org.apache.catalina.core.StandardHostValve.invoke(StandardHostValve.java:140) [tomcat-embed-core-8.5.15.jar:8.5.15]
	at org.apache.catalina.valves.ErrorReportValve.invoke(ErrorReportValve.java:80) [tomcat-embed-core-8.5.15.jar:8.5.15]
	at org.apache.catalina.core.StandardEngineValve.invoke(StandardEngineValve.java:87) [tomcat-embed-core-8.5.15.jar:8.5.15]
	at org.apache.catalina.connector.CoyoteAdapter.service(CoyoteAdapter.java:342) [tomcat-embed-core-8.5.15.jar:8.5.15]
	at org.apache.coyote.http11.Http11Processor.service(Http11Processor.java:799) [tomcat-embed-core-8.5.15.jar:8.5.15]
	at org.apache.coyote.AbstractProcessorLight.process(AbstractProcessorLight.java:66) [tomcat-embed-core-8.5.15.jar:8.5.15]
	at org.apache.coyote.AbstractProtocol$ConnectionHandler.process(AbstractProtocol.java:861) [tomcat-embed-core-8.5.15.jar:8.5.15]
	at org.apache.tomcat.util.net.NioEndpoint$SocketProcessor.doRun(NioEndpoint.java:1455) [tomcat-embed-core-8.5.15.jar:8.5.15]
	at org.apache.tomcat.util.net.SocketProcessorBase.run(SocketProcessorBase.java:49) [tomcat-embed-core-8.5.15.jar:8.5.15]
	at java.util.concurrent.ThreadPoolExecutor.runWorker(ThreadPoolExecutor.java:1142) [?:1.8.0_121]
	at java.util.concurrent.ThreadPoolExecutor$Worker.run(ThreadPoolExecutor.java:617) [?:1.8.0_121]
	at org.apache.tomcat.util.threads.TaskThread$WrappingRunnable.run(TaskThread.java:61) [tomcat-embed-core-8.5.15.jar:8.5.15]
	at java.lang.Thread.run(Thread.java:745) [?:1.8.0_121]
[2018-05-18 11:10:04,988] [INFO] [CtrLogAspect.java:108] [admin.common.aspect.CtrLogAspect.intiCtrLog] [http-nio-8081-exec-5]: 请求唯一标识->b1254ec8c37c44e288e3190352baf1b3-1 方法描述->获取测试用例列表 请求参数->[1] 方法位置->execution(TestReturnInfo admin.modules.testcase.TestCaseController.getList(long)) 请求IP地址->127.0.0.1
[2018-05-18 11:51:07,915] [INFO] [CtrLogAspect.java:108] [admin.common.aspect.CtrLogAspect.intiCtrLog] [http-nio-8081-exec-29]: 请求唯一标识->73cb354529c6435d9a9e28f384ce1c94-1 方法描述->获取测试用例列表 请求参数->[18] 方法位置->execution(TestCaseEntity admin.modules.testcase.TestCaseController.getList(long)) 请求IP地址->127.0.0.1
[2018-05-18 11:51:07,953] [INFO] [CtrLogAspect.java:94] [admin.common.aspect.CtrLogAspect.resultCtrLog] [http-nio-8081-exec-29]: 请求唯一标识->73cb354529c6435d9a9e28f384ce1c94-1 返回结果->admin.modules.testcase.entity.TestCaseEntity@b98531b 方法执行时间->49
[2018-05-18 11:57:18,283] [INFO] [CtrLogAspect.java:108] [admin.common.aspect.CtrLogAspect.intiCtrLog] [http-nio-8081-exec-27]: 请求唯一标识->83107f65cb3044c8b2a6ca92234d56dc-1 方法描述->获取测试用例列表 请求参数->[18] 方法位置->execution(TestCaseEntity admin.modules.testcase.TestCaseController.getList(long)) 请求IP地址->127.0.0.1
