[2018-05-23 18:33:23,503] [INFO] [CtrLogAspect.java:108] [admin.common.aspect.CtrLogAspect.intiCtrLog] [http-nio-8081-exec-26]: 请求唯一标识->6d41b7eb852a4c3dbe8215fa4fe55b33-1 方法描述->保存测试用例 请求参数->[admin.modules.testcase.entity.TestCaseVO@1ccd9457] 方法位置->execution(ReturnInfo admin.modules.testcase.TestCaseController.save(TestCaseVO)) 请求IP地址->127.0.0.1
[2018-05-23 18:33:23,539] [INFO] [CtrLogAspect.java:94] [admin.common.aspect.CtrLogAspect.resultCtrLog] [http-nio-8081-exec-26]: 请求唯一标识->6d41b7eb852a4c3dbe8215fa4fe55b33-1 返回结果->null 方法执行时间->37
[2018-05-23 18:33:23,543] [ERROR] [ContextLog.java:60] [admin.common.aspect.ContextLog.error] [http-nio-8081-exec-26]: 请求唯一标识->6d41b7eb852a4c3dbe8215fa4fe55b33-3 异常描述->{msg=系统繁忙,请稍后再试, code=500} 
org.mybatis.spring.MyBatisSystemException: nested exception is org.apache.ibatis.type.TypeException: Could not set parameters for mapping: ParameterMapping{property='__frch_item_0.parameterName', mode=IN, javaType=class java.lang.String, jdbcType=null, numericScale=null, resultMapId='null', jdbcTypeName='null', expression='null'}. Cause: org.apache.ibatis.type.TypeException: Error setting non null for parameter #1 with JdbcType null . Try setting a different JdbcType for this parameter or a different configuration property. Cause: java.sql.SQLException: No operations allowed after statement closed.
	at org.mybatis.spring.MyBatisExceptionTranslator.translateExceptionIfPossible(MyBatisExceptionTranslator.java:77) ~[mybatis-spring-1.3.1.jar:1.3.1]
	at org.mybatis.spring.SqlSessionTemplate$SqlSessionInterceptor.invoke(SqlSessionTemplate.java:446) ~[mybatis-spring-1.3.1.jar:1.3.1]
	at com.sun.proxy.$Proxy65.insert(Unknown Source) ~[?:?]
	at org.mybatis.spring.SqlSessionTemplate.insert(SqlSessionTemplate.java:278) ~[mybatis-spring-1.3.1.jar:1.3.1]
	at org.apache.ibatis.binding.MapperMethod.execute(MapperMethod.java:57) ~[mybatis-3.4.4.jar:3.4.4]
	at org.apache.ibatis.binding.MapperProxy.invoke(MapperProxy.java:59) ~[mybatis-3.4.4.jar:3.4.4]
	at com.sun.proxy.$Proxy138.insertBacth(Unknown Source) ~[?:?]
	at admin.modules.testcase.service.impl.impl.ParamterServiceImpl.insertBath(ParamterServiceImpl.java:57) ~[classes/:?]
	at admin.modules.testcase.TestCaseController.save(TestCaseController.java:66) ~[classes/:?]
	at admin.modules.testcase.TestCaseController$$FastClassBySpringCGLIB$$5d9765e4.invoke(<generated>) ~[classes/:?]
	at org.springframework.cglib.proxy.MethodProxy.invoke(MethodProxy.java:204) ~[spring-core-4.3.9.RELEASE.jar:4.3.9.RELEASE]
	at org.springframework.aop.framework.CglibAopProxy$CglibMethodInvocation.invokeJoinpoint(CglibAopProxy.java:738) ~[spring-aop-4.3.9.RELEASE.jar:4.3.9.RELEASE]
	at org.springframework.aop.framework.ReflectiveMethodInvocation.proceed(ReflectiveMethodInvocation.java:157) ~[spring-aop-4.3.9.RELEASE.jar:4.3.9.RELEASE]
	at org.springframework.aop.aspectj.MethodInvocationProceedingJoinPoint.proceed(MethodInvocationProceedingJoinPoint.java:85) ~[spring-aop-4.3.9.RELEASE.jar:4.3.9.RELEASE]
	at admin.common.aspect.CtrLogAspect.around(CtrLogAspect.java:70) ~[classes/:?]
	at sun.reflect.NativeMethodAccessorImpl.invoke0(Native Method) ~[?:1.8.0_121]
	at sun.reflect.NativeMethodAccessorImpl.invoke(NativeMethodAccessorImpl.java:62) ~[?:1.8.0_121]
	at sun.reflect.DelegatingMethodAccessorImpl.invoke(DelegatingMethodAccessorImpl.java:43) ~[?:1.8.0_121]
	at java.lang.reflect.Method.invoke(Method.java:498) ~[?:1.8.0_121]
	at org.springframework.aop.aspectj.AbstractAspectJAdvice.invokeAdviceMethodWithGivenArgs(AbstractAspectJAdvice.java:629) ~[spring-aop-4.3.9.RELEASE.jar:4.3.9.RELEASE]
	at org.springframework.aop.aspectj.AbstractAspectJAdvice.invokeAdviceMethod(AbstractAspectJAdvice.java:618) ~[spring-aop-4.3.9.RELEASE.jar:4.3.9.RELEASE]
	at org.springframework.aop.aspectj.AspectJAroundAdvice.invoke(AspectJAroundAdvice.java:70) ~[spring-aop-4.3.9.RELEASE.jar:4.3.9.RELEASE]
	at org.springframework.aop.framework.ReflectiveMethodInvocation.proceed(ReflectiveMethodInvocation.java:168) ~[spring-aop-4.3.9.RELEASE.jar:4.3.9.RELEASE]
	at org.springframework.aop.interceptor.ExposeInvocationInterceptor.invoke(ExposeInvocationInterceptor.java:92) ~[spring-aop-4.3.9.RELEASE.jar:4.3.9.RELEASE]
	at org.springframework.aop.framework.ReflectiveMethodInvocation.proceed(ReflectiveMethodInvocation.java:179) ~[spring-aop-4.3.9.RELEASE.jar:4.3.9.RELEASE]
	at org.springframework.aop.framework.CglibAopProxy$DynamicAdvisedInterceptor.intercept(CglibAopProxy.java:673) ~[spring-aop-4.3.9.RELEASE.jar:4.3.9.RELEASE]
	at admin.modules.testcase.TestCaseController$$EnhancerBySpringCGLIB$$ad3166f7.save(<generated>) ~[classes/:?]
	at sun.reflect.NativeMethodAccessorImpl.invoke0(Native Method) ~[?:1.8.0_121]
	at sun.reflect.NativeMethodAccessorImpl.invoke(NativeMethodAccessorImpl.java:62) ~[?:1.8.0_121]
	at sun.reflect.DelegatingMethodAccessorImpl.invoke(DelegatingMethodAccessorImpl.java:43) ~[?:1.8.0_121]
	at java.lang.reflect.Method.invoke(Method.java:498) ~[?:1.8.0_121]
	at org.springframework.web.method.support.InvocableHandlerMethod.doInvoke(InvocableHandlerMethod.java:205) ~[spring-web-4.3.9.RELEASE.jar:4.3.9.RELEASE]
	at org.springframework.web.method.support.InvocableHandlerMethod.invokeForRequest(InvocableHandlerMethod.java:133) ~[spring-web-4.3.9.RELEASE.jar:4.3.9.RELEASE]
	at org.springframework.web.servlet.mvc.method.annotation.ServletInvocableHandlerMethod.invokeAndHandle(ServletInvocableHandlerMethod.java:97) ~[spring-webmvc-4.3.9.RELEASE.jar:4.3.9.RELEASE]
	at org.springframework.web.servlet.mvc.method.annotation.RequestMappingHandlerAdapter.invokeHandlerMethod(RequestMappingHandlerAdapter.java:827) ~[spring-webmvc-4.3.9.RELEASE.jar:4.3.9.RELEASE]
	at org.springframework.web.servlet.mvc.method.annotation.RequestMappingHandlerAdapter.handleInternal(RequestMappingHandlerAdapter.java:738) ~[spring-webmvc-4.3.9.RELEASE.jar:4.3.9.RELEASE]
	at org.springframework.web.servlet.mvc.method.AbstractHandlerMethodAdapter.handle(AbstractHandlerMethodAdapter.java:85) ~[spring-webmvc-4.3.9.RELEASE.jar:4.3.9.RELEASE]
	at org.springframework.web.servlet.DispatcherServlet.doDispatch(DispatcherServlet.java:967) [spring-webmvc-4.3.9.RELEASE.jar:4.3.9.RELEASE]
	at org.springframework.web.servlet.DispatcherServlet.doService(DispatcherServlet.java:901) [spring-webmvc-4.3.9.RELEASE.jar:4.3.9.RELEASE]
	at org.springframework.web.servlet.FrameworkServlet.processRequest(FrameworkServlet.java:970) [spring-webmvc-4.3.9.RELEASE.jar:4.3.9.RELEASE]
	at org.springframework.web.servlet.FrameworkServlet.doPost(FrameworkServlet.java:872) [spring-webmvc-4.3.9.RELEASE.jar:4.3.9.RELEASE]
	at javax.servlet.http.HttpServlet.service(HttpServlet.java:661) [tomcat-embed-core-8.5.15.jar:8.5.15]
	at org.springframework.web.servlet.FrameworkServlet.service(FrameworkServlet.java:846) [spring-webmvc-4.3.9.RELEASE.jar:4.3.9.RELEASE]
	at javax.servlet.http.HttpServlet.service(HttpServlet.java:742) [tomcat-embed-core-8.5.15.jar:8.5.15]
	at org.apache.catalina.core.ApplicationFilterChain.internalDoFilter(ApplicationFilterChain.java:231) [tomcat-embed-core-8.5.15.jar:8.5.15]
	at org.apache.catalina.core.ApplicationFilterChain.doFilter(ApplicationFilterChain.java:166) [tomcat-embed-core-8.5.15.jar:8.5.15]
	at org.apache.tomcat.websocket.server.WsFilter.doFilter(WsFilter.java:52) [tomcat-embed-websocket-8.5.15.jar:8.5.15]
	at org.apache.catalina.core.ApplicationFilterChain.internalDoFilter(ApplicationFilterChain.java:193) [tomcat-embed-core-8.5.15.jar:8.5.15]
	at org.apache.catalina.core.ApplicationFilterChain.doFilter(ApplicationFilterChain.java:166) [tomcat-embed-core-8.5.15.jar:8.5.15]
	at org.apache.shiro.web.servlet.ProxiedFilterChain.doFilter(ProxiedFilterChain.java:61) [shiro-web-1.3.2.jar:1.3.2]
	at org.apache.shiro.web.servlet.AdviceFilter.executeChain(AdviceFilter.java:108) [shiro-web-1.3.2.jar:1.3.2]
	at org.apache.shiro.web.servlet.AdviceFilter.doFilterInternal(AdviceFilter.java:137) [shiro-web-1.3.2.jar:1.3.2]
	at org.apache.shiro.web.servlet.OncePerRequestFilter.doFilter(OncePerRequestFilter.java:125) [shiro-web-1.3.2.jar:1.3.2]
	at org.apache.shiro.web.servlet.ProxiedFilterChain.doFilter(ProxiedFilterChain.java:66) [shiro-web-1.3.2.jar:1.3.2]
	at org.apache.shiro.web.servlet.AbstractShiroFilter.executeChain(AbstractShiroFilter.java:449) [shiro-web-1.3.2.jar:1.3.2]
	at org.apache.shiro.web.servlet.AbstractShiroFilter$1.call(AbstractShiroFilter.java:365) [shiro-web-1.3.2.jar:1.3.2]
	at org.apache.shiro.subject.support.SubjectCallable.doCall(SubjectCallable.java:90) [shiro-core-1.3.2.jar:1.3.2]
	at org.apache.shiro.subject.support.SubjectCallable.call(SubjectCallable.java:83) [shiro-core-1.3.2.jar:1.3.2]
	at org.apache.shiro.subject.support.DelegatingSubject.execute(DelegatingSubject.java:383) [shiro-core-1.3.2.jar:1.3.2]
	at org.apache.shiro.web.servlet.AbstractShiroFilter.doFilterInternal(AbstractShiroFilter.java:362) [shiro-web-1.3.2.jar:1.3.2]
	at org.apache.shiro.web.servlet.OncePerRequestFilter.doFilter(OncePerRequestFilter.java:125) [shiro-web-1.3.2.jar:1.3.2]
	at org.apache.catalina.core.ApplicationFilterChain.internalDoFilter(ApplicationFilterChain.java:193) [tomcat-embed-core-8.5.15.jar:8.5.15]
	at org.apache.catalina.core.ApplicationFilterChain.doFilter(ApplicationFilterChain.java:166) [tomcat-embed-core-8.5.15.jar:8.5.15]
	at org.springframework.web.filter.RequestContextFilter.doFilterInternal(RequestContextFilter.java:99) [spring-web-4.3.9.RELEASE.jar:4.3.9.RELEASE]
	at org.springframework.web.filter.OncePerRequestFilter.doFilter(OncePerRequestFilter.java:107) [spring-web-4.3.9.RELEASE.jar:4.3.9.RELEASE]
	at org.apache.catalina.core.ApplicationFilterChain.internalDoFilter(ApplicationFilterChain.java:193) [tomcat-embed-core-8.5.15.jar:8.5.15]
	at org.apache.catalina.core.ApplicationFilterChain.doFilter(ApplicationFilterChain.java:166) [tomcat-embed-core-8.5.15.jar:8.5.15]
	at org.springframework.web.filter.HttpPutFormContentFilter.doFilterInternal(HttpPutFormContentFilter.java:105) [spring-web-4.3.9.RELEASE.jar:4.3.9.RELEASE]
	at org.springframework.web.filter.OncePerRequestFilter.doFilter(OncePerRequestFilter.java:107) [spring-web-4.3.9.RELEASE.jar:4.3.9.RELEASE]
	at org.apache.catalina.core.ApplicationFilterChain.internalDoFilter(ApplicationFilterChain.java:193) [tomcat-embed-core-8.5.15.jar:8.5.15]
	at org.apache.catalina.core.ApplicationFilterChain.doFilter(ApplicationFilterChain.java:166) [tomcat-embed-core-8.5.15.jar:8.5.15]
	at org.springframework.web.filter.HiddenHttpMethodFilter.doFilterInternal(HiddenHttpMethodFilter.java:81) [spring-web-4.3.9.RELEASE.jar:4.3.9.RELEASE]
	at org.springframework.web.filter.OncePerRequestFilter.doFilter(OncePerRequestFilter.java:107) [spring-web-4.3.9.RELEASE.jar:4.3.9.RELEASE]
	at org.apache.catalina.core.ApplicationFilterChain.internalDoFilter(ApplicationFilterChain.java:193) [tomcat-embed-core-8.5.15.jar:8.5.15]
	at org.apache.catalina.core.ApplicationFilterChain.doFilter(ApplicationFilterChain.java:166) [tomcat-embed-core-8.5.15.jar:8.5.15]
	at org.springframework.web.filter.CharacterEncodingFilter.doFilterInternal(CharacterEncodingFilter.java:197) [spring-web-4.3.9.RELEASE.jar:4.3.9.RELEASE]
	at org.springframework.web.filter.OncePerRequestFilter.doFilter(OncePerRequestFilter.java:107) [spring-web-4.3.9.RELEASE.jar:4.3.9.RELEASE]
	at org.apache.catalina.core.ApplicationFilterChain.internalDoFilter(ApplicationFilterChain.java:193) [tomcat-embed-core-8.5.15.jar:8.5.15]
	at org.apache.catalina.core.ApplicationFilterChain.doFilter(ApplicationFilterChain.java:166) [tomcat-embed-core-8.5.15.jar:8.5.15]
	at org.apache.catalina.core.StandardWrapperValve.invoke(StandardWrapperValve.java:198) [tomcat-embed-core-8.5.15.jar:8.5.15]
	at org.apache.catalina.core.StandardContextValve.invoke(StandardContextValve.java:96) [tomcat-embed-core-8.5.15.jar:8.5.15]
	at org.apache.catalina.authenticator.AuthenticatorBase.invoke(AuthenticatorBase.java:478) [tomcat-embed-core-8.5.15.jar:8.5.15]
	at org.apache.catalina.core.StandardHostValve.invoke(StandardHostValve.java:140) [tomcat-embed-core-8.5.15.jar:8.5.15]
	at org.apache.catalina.valves.ErrorReportValve.invoke(ErrorReportValve.java:80) [tomcat-embed-core-8.5.15.jar:8.5.15]
	at org.apache.catalina.core.StandardEngineValve.invoke(StandardEngineValve.java:87) [tomcat-embed-core-8.5.15.jar:8.5.15]
	at org.apache.catalina.connector.CoyoteAdapter.service(CoyoteAdapter.java:342) [tomcat-embed-core-8.5.15.jar:8.5.15]
	at org.apache.coyote.http11.Http11Processor.service(Http11Processor.java:799) [tomcat-embed-core-8.5.15.jar:8.5.15]
	at org.apache.coyote.AbstractProcessorLight.process(AbstractProcessorLight.java:66) [tomcat-embed-core-8.5.15.jar:8.5.15]
	at org.apache.coyote.AbstractProtocol$ConnectionHandler.process(AbstractProtocol.java:861) [tomcat-embed-core-8.5.15.jar:8.5.15]
	at org.apache.tomcat.util.net.NioEndpoint$SocketProcessor.doRun(NioEndpoint.java:1455) [tomcat-embed-core-8.5.15.jar:8.5.15]
	at org.apache.tomcat.util.net.SocketProcessorBase.run(SocketProcessorBase.java:49) [tomcat-embed-core-8.5.15.jar:8.5.15]
	at java.util.concurrent.ThreadPoolExecutor.runWorker(ThreadPoolExecutor.java:1142) [?:1.8.0_121]
	at java.util.concurrent.ThreadPoolExecutor$Worker.run(ThreadPoolExecutor.java:617) [?:1.8.0_121]
	at org.apache.tomcat.util.threads.TaskThread$WrappingRunnable.run(TaskThread.java:61) [tomcat-embed-core-8.5.15.jar:8.5.15]
	at java.lang.Thread.run(Thread.java:745) [?:1.8.0_121]
Caused by: org.apache.ibatis.type.TypeException: Could not set parameters for mapping: ParameterMapping{property='__frch_item_0.parameterName', mode=IN, javaType=class java.lang.String, jdbcType=null, numericScale=null, resultMapId='null', jdbcTypeName='null', expression='null'}. Cause: org.apache.ibatis.type.TypeException: Error setting non null for parameter #1 with JdbcType null . Try setting a different JdbcType for this parameter or a different configuration property. Cause: java.sql.SQLException: No operations allowed after statement closed.
	at org.apache.ibatis.scripting.defaults.DefaultParameterHandler.setParameters(DefaultParameterHandler.java:89) ~[mybatis-3.4.4.jar:3.4.4]
	at org.apache.ibatis.executor.statement.PreparedStatementHandler.parameterize(PreparedStatementHandler.java:93) ~[mybatis-3.4.4.jar:3.4.4]
	at org.apache.ibatis.executor.statement.RoutingStatementHandler.parameterize(RoutingStatementHandler.java:64) ~[mybatis-3.4.4.jar:3.4.4]
	at org.apache.ibatis.executor.SimpleExecutor.prepareStatement(SimpleExecutor.java:86) ~[mybatis-3.4.4.jar:3.4.4]
	at org.apache.ibatis.executor.SimpleExecutor.doUpdate(SimpleExecutor.java:49) ~[mybatis-3.4.4.jar:3.4.4]
	at org.apache.ibatis.executor.BaseExecutor.update(BaseExecutor.java:117) ~[mybatis-3.4.4.jar:3.4.4]
	at org.apache.ibatis.executor.CachingExecutor.update(CachingExecutor.java:76) ~[mybatis-3.4.4.jar:3.4.4]
	at org.apache.ibatis.session.defaults.DefaultSqlSession.update(DefaultSqlSession.java:198) ~[mybatis-3.4.4.jar:3.4.4]
	at org.apache.ibatis.session.defaults.DefaultSqlSession.insert(DefaultSqlSession.java:185) ~[mybatis-3.4.4.jar:3.4.4]
	at sun.reflect.NativeMethodAccessorImpl.invoke0(Native Method) ~[?:1.8.0_121]
	at sun.reflect.NativeMethodAccessorImpl.invoke(NativeMethodAccessorImpl.java:62) ~[?:1.8.0_121]
	at sun.reflect.DelegatingMethodAccessorImpl.invoke(DelegatingMethodAccessorImpl.java:43) ~[?:1.8.0_121]
	at java.lang.reflect.Method.invoke(Method.java:498) ~[?:1.8.0_121]
	at org.mybatis.spring.SqlSessionTemplate$SqlSessionInterceptor.invoke(SqlSessionTemplate.java:433) ~[mybatis-spring-1.3.1.jar:1.3.1]
	... 93 more
Caused by: org.apache.ibatis.type.TypeException: Error setting non null for parameter #1 with JdbcType null . Try setting a different JdbcType for this parameter or a different configuration property. Cause: java.sql.SQLException: No operations allowed after statement closed.
	at org.apache.ibatis.type.BaseTypeHandler.setParameter(BaseTypeHandler.java:55) ~[mybatis-3.4.4.jar:3.4.4]
	at org.apache.ibatis.scripting.defaults.DefaultParameterHandler.setParameters(DefaultParameterHandler.java:87) ~[mybatis-3.4.4.jar:3.4.4]
	at org.apache.ibatis.executor.statement.PreparedStatementHandler.parameterize(PreparedStatementHandler.java:93) ~[mybatis-3.4.4.jar:3.4.4]
	at org.apache.ibatis.executor.statement.RoutingStatementHandler.parameterize(RoutingStatementHandler.java:64) ~[mybatis-3.4.4.jar:3.4.4]
	at org.apache.ibatis.executor.SimpleExecutor.prepareStatement(SimpleExecutor.java:86) ~[mybatis-3.4.4.jar:3.4.4]
	at org.apache.ibatis.executor.SimpleExecutor.doUpdate(SimpleExecutor.java:49) ~[mybatis-3.4.4.jar:3.4.4]
	at org.apache.ibatis.executor.BaseExecutor.update(BaseExecutor.java:117) ~[mybatis-3.4.4.jar:3.4.4]
	at org.apache.ibatis.executor.CachingExecutor.update(CachingExecutor.java:76) ~[mybatis-3.4.4.jar:3.4.4]
	at org.apache.ibatis.session.defaults.DefaultSqlSession.update(DefaultSqlSession.java:198) ~[mybatis-3.4.4.jar:3.4.4]
	at org.apache.ibatis.session.defaults.DefaultSqlSession.insert(DefaultSqlSession.java:185) ~[mybatis-3.4.4.jar:3.4.4]
	at sun.reflect.NativeMethodAccessorImpl.invoke0(Native Method) ~[?:1.8.0_121]
	at sun.reflect.NativeMethodAccessorImpl.invoke(NativeMethodAccessorImpl.java:62) ~[?:1.8.0_121]
	at sun.reflect.DelegatingMethodAccessorImpl.invoke(DelegatingMethodAccessorImpl.java:43) ~[?:1.8.0_121]
	at java.lang.reflect.Method.invoke(Method.java:498) ~[?:1.8.0_121]
	at org.mybatis.spring.SqlSessionTemplate$SqlSessionInterceptor.invoke(SqlSessionTemplate.java:433) ~[mybatis-spring-1.3.1.jar:1.3.1]
	... 93 more
Caused by: java.sql.SQLException: No operations allowed after statement closed.
	at com.mysql.jdbc.SQLError.createSQLException(SQLError.java:957) ~[mysql-connector-java-5.1.38.jar:5.1.38]
	at com.mysql.jdbc.SQLError.createSQLException(SQLError.java:896) ~[mysql-connector-java-5.1.38.jar:5.1.38]
	at com.mysql.jdbc.SQLError.createSQLException(SQLError.java:885) ~[mysql-connector-java-5.1.38.jar:5.1.38]
	at com.mysql.jdbc.SQLError.createSQLException(SQLError.java:860) ~[mysql-connector-java-5.1.38.jar:5.1.38]
	at com.mysql.jdbc.StatementImpl.checkClosed(StatementImpl.java:438) ~[mysql-connector-java-5.1.38.jar:5.1.38]
	at com.mysql.jdbc.PreparedStatement.setString(PreparedStatement.java:3865) ~[mysql-connector-java-5.1.38.jar:5.1.38]
	at com.alibaba.druid.filter.FilterChainImpl.preparedStatement_setString(FilterChainImpl.java:2823) ~[druid-1.0.28.jar:1.0.28]
	at com.alibaba.druid.filter.FilterAdapter.preparedStatement_setString(FilterAdapter.java:1340) ~[druid-1.0.28.jar:1.0.28]
	at com.alibaba.druid.filter.FilterChainImpl.preparedStatement_setString(FilterChainImpl.java:2820) ~[druid-1.0.28.jar:1.0.28]
	at com.alibaba.druid.filter.FilterAdapter.preparedStatement_setString(FilterAdapter.java:1340) ~[druid-1.0.28.jar:1.0.28]
	at com.alibaba.druid.filter.FilterChainImpl.preparedStatement_setString(FilterChainImpl.java:2820) ~[druid-1.0.28.jar:1.0.28]
	at com.alibaba.druid.proxy.jdbc.PreparedStatementProxyImpl.setString(PreparedStatementProxyImpl.java:560) ~[druid-1.0.28.jar:1.0.28]
	at com.alibaba.druid.pool.DruidPooledPreparedStatement.setString(DruidPooledPreparedStatement.java:365) ~[druid-1.0.28.jar:1.0.28]
	at sun.reflect.GeneratedMethodAccessor86.invoke(Unknown Source) ~[?:?]
	at sun.reflect.DelegatingMethodAccessorImpl.invoke(DelegatingMethodAccessorImpl.java:43) ~[?:1.8.0_121]
	at java.lang.reflect.Method.invoke(Method.java:498) ~[?:1.8.0_121]
	at org.apache.ibatis.logging.jdbc.PreparedStatementLogger.invoke(PreparedStatementLogger.java:67) ~[mybatis-3.4.4.jar:3.4.4]
	at com.sun.proxy.$Proxy121.setString(Unknown Source) ~[?:?]
	at org.apache.ibatis.type.StringTypeHandler.setNonNullParameter(StringTypeHandler.java:31) ~[mybatis-3.4.4.jar:3.4.4]
	at org.apache.ibatis.type.StringTypeHandler.setNonNullParameter(StringTypeHandler.java:26) ~[mybatis-3.4.4.jar:3.4.4]
	at org.apache.ibatis.type.BaseTypeHandler.setParameter(BaseTypeHandler.java:53) ~[mybatis-3.4.4.jar:3.4.4]
	at org.apache.ibatis.scripting.defaults.DefaultParameterHandler.setParameters(DefaultParameterHandler.java:87) ~[mybatis-3.4.4.jar:3.4.4]
	at org.apache.ibatis.executor.statement.PreparedStatementHandler.parameterize(PreparedStatementHandler.java:93) ~[mybatis-3.4.4.jar:3.4.4]
	at org.apache.ibatis.executor.statement.RoutingStatementHandler.parameterize(RoutingStatementHandler.java:64) ~[mybatis-3.4.4.jar:3.4.4]
	at org.apache.ibatis.executor.SimpleExecutor.prepareStatement(SimpleExecutor.java:86) ~[mybatis-3.4.4.jar:3.4.4]
	at org.apache.ibatis.executor.SimpleExecutor.doUpdate(SimpleExecutor.java:49) ~[mybatis-3.4.4.jar:3.4.4]
	at org.apache.ibatis.executor.BaseExecutor.update(BaseExecutor.java:117) ~[mybatis-3.4.4.jar:3.4.4]
	at org.apache.ibatis.executor.CachingExecutor.update(CachingExecutor.java:76) ~[mybatis-3.4.4.jar:3.4.4]
	at org.apache.ibatis.session.defaults.DefaultSqlSession.update(DefaultSqlSession.java:198) ~[mybatis-3.4.4.jar:3.4.4]
	at org.apache.ibatis.session.defaults.DefaultSqlSession.insert(DefaultSqlSession.java:185) ~[mybatis-3.4.4.jar:3.4.4]
	at sun.reflect.NativeMethodAccessorImpl.invoke0(Native Method) ~[?:1.8.0_121]
	at sun.reflect.NativeMethodAccessorImpl.invoke(NativeMethodAccessorImpl.java:62) ~[?:1.8.0_121]
	at sun.reflect.DelegatingMethodAccessorImpl.invoke(DelegatingMethodAccessorImpl.java:43) ~[?:1.8.0_121]
	at java.lang.reflect.Method.invoke(Method.java:498) ~[?:1.8.0_121]
	at org.mybatis.spring.SqlSessionTemplate$SqlSessionInterceptor.invoke(SqlSessionTemplate.java:433) ~[mybatis-spring-1.3.1.jar:1.3.1]
	... 93 more
[2018-05-23 18:33:31,173] [INFO] [CtrLogAspect.java:108] [admin.common.aspect.CtrLogAspect.intiCtrLog] [http-nio-8081-exec-27]: 请求唯一标识->4bd385813d10440da14ac62e1e40f6fc-1 方法描述->保存测试用例 请求参数->[admin.modules.testcase.entity.TestCaseVO@76b10bcf] 方法位置->execution(ReturnInfo admin.modules.testcase.TestCaseController.save(TestCaseVO)) 请求IP地址->127.0.0.1
[2018-05-23 18:33:31,175] [INFO] [CtrLogAspect.java:94] [admin.common.aspect.CtrLogAspect.resultCtrLog] [http-nio-8081-exec-27]: 请求唯一标识->4bd385813d10440da14ac62e1e40f6fc-1 返回结果->null 方法执行时间->2
[2018-05-23 18:33:31,176] [ERROR] [ContextLog.java:60] [admin.common.aspect.ContextLog.error] [http-nio-8081-exec-27]: 请求唯一标识->4bd385813d10440da14ac62e1e40f6fc-3 异常描述->{msg=最小不能小于3
, code=9000} 
admin.common.exception.CheckException: 最小不能小于3

[2018-05-23 18:33:39,992] [INFO] [CtrLogAspect.java:108] [admin.common.aspect.CtrLogAspect.intiCtrLog] [http-nio-8081-exec-20]: 请求唯一标识->6f6ca3d22f31484e94e05475854d11cf-1 方法描述->保存测试用例 请求参数->[admin.modules.testcase.entity.TestCaseVO@65f0fb54] 方法位置->execution(ReturnInfo admin.modules.testcase.TestCaseController.save(TestCaseVO)) 请求IP地址->127.0.0.1
[2018-05-23 18:33:39,997] [INFO] [CtrLogAspect.java:94] [admin.common.aspect.CtrLogAspect.resultCtrLog] [http-nio-8081-exec-20]: 请求唯一标识->6f6ca3d22f31484e94e05475854d11cf-1 返回结果->null 方法执行时间->4
[2018-05-23 18:33:39,998] [ERROR] [ContextLog.java:60] [admin.common.aspect.ContextLog.error] [http-nio-8081-exec-20]: 请求唯一标识->6f6ca3d22f31484e94e05475854d11cf-3 异常描述->{msg=最小不能小于3
, code=9000} 
admin.common.exception.CheckException: 最小不能小于3

[2018-05-23 18:33:48,413] [INFO] [CtrLogAspect.java:108] [admin.common.aspect.CtrLogAspect.intiCtrLog] [http-nio-8081-exec-21]: 请求唯一标识->b614be8783b64b6799ebda2fcce97f8c-1 方法描述->保存测试用例 请求参数->[admin.modules.testcase.entity.TestCaseVO@8377c8f] 方法位置->execution(ReturnInfo admin.modules.testcase.TestCaseController.save(TestCaseVO)) 请求IP地址->127.0.0.1
[2018-05-23 18:33:48,415] [INFO] [CtrLogAspect.java:94] [admin.common.aspect.CtrLogAspect.resultCtrLog] [http-nio-8081-exec-21]: 请求唯一标识->b614be8783b64b6799ebda2fcce97f8c-1 返回结果->null 方法执行时间->3
[2018-05-23 18:33:48,417] [ERROR] [ContextLog.java:60] [admin.common.aspect.ContextLog.error] [http-nio-8081-exec-21]: 请求唯一标识->b614be8783b64b6799ebda2fcce97f8c-3 异常描述->{msg=最小不能小于3
, code=9000} 
admin.common.exception.CheckException: 最小不能小于3

[2018-05-23 18:33:49,322] [INFO] [CtrLogAspect.java:108] [admin.common.aspect.CtrLogAspect.intiCtrLog] [http-nio-8081-exec-23]: 请求唯一标识->292fea2c9f5241458c400614c74a8fc8-1 方法描述->保存测试用例 请求参数->[admin.modules.testcase.entity.TestCaseVO@7e1060bc] 方法位置->execution(ReturnInfo admin.modules.testcase.TestCaseController.save(TestCaseVO)) 请求IP地址->127.0.0.1
[2018-05-23 18:33:49,327] [INFO] [CtrLogAspect.java:94] [admin.common.aspect.CtrLogAspect.resultCtrLog] [http-nio-8081-exec-23]: 请求唯一标识->292fea2c9f5241458c400614c74a8fc8-1 返回结果->null 方法执行时间->4
[2018-05-23 18:33:49,328] [ERROR] [ContextLog.java:60] [admin.common.aspect.ContextLog.error] [http-nio-8081-exec-23]: 请求唯一标识->292fea2c9f5241458c400614c74a8fc8-3 异常描述->{msg=最小不能小于3
, code=9000} 
admin.common.exception.CheckException: 最小不能小于3

[2018-05-23 18:33:54,517] [INFO] [CtrLogAspect.java:108] [admin.common.aspect.CtrLogAspect.intiCtrLog] [http-nio-8081-exec-19]: 请求唯一标识->55141453094d4212aad9fa81c33f4e54-1 方法描述->保存测试用例 请求参数->[admin.modules.testcase.entity.TestCaseVO@54646df5] 方法位置->execution(ReturnInfo admin.modules.testcase.TestCaseController.save(TestCaseVO)) 请求IP地址->127.0.0.1
[2018-05-23 18:33:54,522] [INFO] [CtrLogAspect.java:94] [admin.common.aspect.CtrLogAspect.resultCtrLog] [http-nio-8081-exec-19]: 请求唯一标识->55141453094d4212aad9fa81c33f4e54-1 返回结果->null 方法执行时间->4
[2018-05-23 18:33:54,524] [ERROR] [ContextLog.java:60] [admin.common.aspect.ContextLog.error] [http-nio-8081-exec-19]: 请求唯一标识->55141453094d4212aad9fa81c33f4e54-3 异常描述->{msg=最小不能小于3
, code=9000} 
admin.common.exception.CheckException: 最小不能小于3

[2018-05-23 18:33:55,325] [INFO] [CtrLogAspect.java:108] [admin.common.aspect.CtrLogAspect.intiCtrLog] [http-nio-8081-exec-22]: 请求唯一标识->4adfeb6d20364fe8bb655afc1085498d-1 方法描述->保存测试用例 请求参数->[admin.modules.testcase.entity.TestCaseVO@44767b95] 方法位置->execution(ReturnInfo admin.modules.testcase.TestCaseController.save(TestCaseVO)) 请求IP地址->127.0.0.1
[2018-05-23 18:33:55,328] [INFO] [CtrLogAspect.java:94] [admin.common.aspect.CtrLogAspect.resultCtrLog] [http-nio-8081-exec-22]: 请求唯一标识->4adfeb6d20364fe8bb655afc1085498d-1 返回结果->null 方法执行时间->3
[2018-05-23 18:33:55,330] [ERROR] [ContextLog.java:60] [admin.common.aspect.ContextLog.error] [http-nio-8081-exec-22]: 请求唯一标识->4adfeb6d20364fe8bb655afc1085498d-3 异常描述->{msg=最小不能小于3
, code=9000} 
admin.common.exception.CheckException: 最小不能小于3

[2018-05-23 18:33:55,547] [INFO] [CtrLogAspect.java:108] [admin.common.aspect.CtrLogAspect.intiCtrLog] [http-nio-8081-exec-13]: 请求唯一标识->a22cae06c3ff4fb6ab36d5e18fef56f3-1 方法描述->保存测试用例 请求参数->[admin.modules.testcase.entity.TestCaseVO@1d9ebf3d] 方法位置->execution(ReturnInfo admin.modules.testcase.TestCaseController.save(TestCaseVO)) 请求IP地址->127.0.0.1
[2018-05-23 18:33:55,549] [INFO] [CtrLogAspect.java:94] [admin.common.aspect.CtrLogAspect.resultCtrLog] [http-nio-8081-exec-13]: 请求唯一标识->a22cae06c3ff4fb6ab36d5e18fef56f3-1 返回结果->null 方法执行时间->2
[2018-05-23 18:33:55,551] [ERROR] [ContextLog.java:60] [admin.common.aspect.ContextLog.error] [http-nio-8081-exec-13]: 请求唯一标识->a22cae06c3ff4fb6ab36d5e18fef56f3-3 异常描述->{msg=最小不能小于3
, code=9000} 
admin.common.exception.CheckException: 最小不能小于3

[2018-05-23 18:34:00,600] [INFO] [CtrLogAspect.java:108] [admin.common.aspect.CtrLogAspect.intiCtrLog] [http-nio-8081-exec-18]: 请求唯一标识->0fd78406e6234c29a3297c0389e3652f-1 方法描述->保存测试用例 请求参数->[admin.modules.testcase.entity.TestCaseVO@476b611f] 方法位置->execution(ReturnInfo admin.modules.testcase.TestCaseController.save(TestCaseVO)) 请求IP地址->127.0.0.1
[2018-05-23 18:34:00,602] [INFO] [CtrLogAspect.java:94] [admin.common.aspect.CtrLogAspect.resultCtrLog] [http-nio-8081-exec-18]: 请求唯一标识->0fd78406e6234c29a3297c0389e3652f-1 返回结果->null 方法执行时间->2
[2018-05-23 18:34:00,603] [ERROR] [ContextLog.java:60] [admin.common.aspect.ContextLog.error] [http-nio-8081-exec-18]: 请求唯一标识->0fd78406e6234c29a3297c0389e3652f-3 异常描述->{msg=最小不能小于3
, code=9000} 
admin.common.exception.CheckException: 最小不能小于3

[2018-05-23 18:34:24,825] [INFO] [CtrLogAspect.java:108] [admin.common.aspect.CtrLogAspect.intiCtrLog] [http-nio-8081-exec-14]: 请求唯一标识->d36279c991ac44f8bc285d934d8f0340-1 方法描述->保存测试用例 请求参数->[admin.modules.testcase.entity.TestCaseVO@4d06c176] 方法位置->execution(ReturnInfo admin.modules.testcase.TestCaseController.save(TestCaseVO)) 请求IP地址->127.0.0.1
[2018-05-23 18:34:24,831] [INFO] [CtrLogAspect.java:94] [admin.common.aspect.CtrLogAspect.resultCtrLog] [http-nio-8081-exec-14]: 请求唯一标识->d36279c991ac44f8bc285d934d8f0340-1 返回结果->null 方法执行时间->6
[2018-05-23 18:34:24,832] [ERROR] [ContextLog.java:60] [admin.common.aspect.ContextLog.error] [http-nio-8081-exec-14]: 请求唯一标识->d36279c991ac44f8bc285d934d8f0340-3 异常描述->{msg=最大不能超过10
, code=9000} 
admin.common.exception.CheckException: 最大不能超过10

[2018-05-23 18:38:11,329] [INFO] [CtrLogAspect.java:108] [admin.common.aspect.CtrLogAspect.intiCtrLog] [http-nio-8081-exec-15]: 请求唯一标识->5bcc54564978424a9f2100d95e5af118-1 方法描述->保存测试用例 请求参数->[admin.modules.testcase.entity.TestCaseVO@7cea2e31] 方法位置->execution(ReturnInfo admin.modules.testcase.TestCaseController.save(TestCaseVO)) 请求IP地址->127.0.0.1
[2018-05-23 18:38:11,334] [INFO] [CtrLogAspect.java:94] [admin.common.aspect.CtrLogAspect.resultCtrLog] [http-nio-8081-exec-15]: 请求唯一标识->5bcc54564978424a9f2100d95e5af118-1 返回结果->null 方法执行时间->5
[2018-05-23 18:38:11,337] [ERROR] [ContextLog.java:60] [admin.common.aspect.ContextLog.error] [http-nio-8081-exec-15]: 请求唯一标识->5bcc54564978424a9f2100d95e5af118-3 异常描述->{msg=最小不能小于3
, code=9000} 
admin.common.exception.CheckException: 最小不能小于3

